0 verbose cli /opt/homebrew/Cellar/node/25.8.1_1/bin/node /opt/homebrew/bin/npm
1 info using npm@11.11.0
2 info using node@v25.8.1
3 silly config load:file:/opt/homebrew/lib/node_modules/npm/npmrc
4 silly config load:file:/Users/mac/EcommerceAndBankingProject/.npmrc
5 silly config load:file:/Users/mac/.npmrc
6 silly config load:file:/opt/homebrew/etc/npmrc
7 verbose title npm install
8 verbose argv "install"
9 verbose logfile logs-max:10 dir:/Users/mac/EcommerceAndBankingProject/.npm-cache/_logs/2026-04-13T04_07_31_472Z-
10 verbose logfile /Users/mac/EcommerceAndBankingProject/.npm-cache/_logs/2026-04-13T04_07_31_472Z-debug-0.log
11 silly logfile start cleaning logs, removing 1 files
12 silly packumentCache heap:4496293888 maxSize:1124073472 maxEntrySize:562036736
13 silly logfile done cleaning log files
14 silly idealTree buildDeps
15 silly fetch manifest @types/bcryptjs@^2.4.6
16 silly packumentCache full:https://registry.npmjs.org/@types%2fbcryptjs cache-miss
17 http cache https://registry.npmjs.org/@types%2fbcryptjs 6ms (cache hit)
18 silly packumentCache full:https://registry.npmjs.org/@types%2fbcryptjs set size:28223 disposed:false
19 silly fetch manifest @types/cors@^2.8.17
20 silly packumentCache full:https://registry.npmjs.org/@types%2fcors cache-miss
21 http cache https://registry.npmjs.org/@types%2fcors 2ms (cache hit)
22 silly packumentCache full:https://registry.npmjs.org/@types%2fcors set size:56991 disposed:false
23 silly fetch manifest @types/express@^5.0.0
24 silly packumentCache full:https://registry.npmjs.org/@types%2fexpress cache-miss
25 http cache https://registry.npmjs.org/@types%2fexpress 2ms (cache hit)
26 silly packumentCache full:https://registry.npmjs.org/@types%2fexpress set size:111364 disposed:false
27 silly fetch manifest @types/jsonwebtoken@^9.0.9
28 silly packumentCache full:https://registry.npmjs.org/@types%2fjsonwebtoken cache-miss
29 http cache https://registry.npmjs.org/@types%2fjsonwebtoken 1ms (cache hit)
30 silly packumentCache full:https://registry.npmjs.org/@types%2fjsonwebtoken set size:129919 disposed:false
31 silly fetch manifest @types/morgan@^1.9.9
32 silly packumentCache full:https://registry.npmjs.org/@types%2fmorgan cache-miss
33 http cache https://registry.npmjs.org/@types%2fmorgan 1ms (cache hit)
34 silly packumentCache full:https://registry.npmjs.org/@types%2fmorgan set size:51626 disposed:false
35 silly fetch manifest @types/multer@^1.4.12
36 silly packumentCache full:https://registry.npmjs.org/@types%2fmulter cache-miss
37 http cache https://registry.npmjs.org/@types%2fmulter 3ms (cache hit)
38 silly packumentCache full:https://registry.npmjs.org/@types%2fmulter set size:85793 disposed:false
39 silly fetch manifest @types/node@^22.13.10
40 silly packumentCache full:https://registry.npmjs.org/@types%2fnode cache-miss
41 http cache https://registry.npmjs.org/@types%2fnode 12ms (cache hit)
42 silly packumentCache full:https://registry.npmjs.org/@types%2fnode set size:10972342 disposed:false
43 silly fetch manifest ts-node-dev@^2.0.0
44 silly packumentCache full:https://registry.npmjs.org/ts-node-dev cache-miss
45 http cache https://registry.npmjs.org/ts-node-dev 3ms (cache hit)
46 silly packumentCache full:https://registry.npmjs.org/ts-node-dev set size:292560 disposed:false
47 silly fetch manifest node-notifier@*
48 silly packumentCache full:https://registry.npmjs.org/node-notifier cache-miss
49 http cache https://registry.npmjs.org/node-notifier 1ms (cache hit)
50 silly packumentCache full:https://registry.npmjs.org/node-notifier set size:171533 disposed:false
51 silly fetch manifest typescript@^5.8.2
52 silly packumentCache full:https://registry.npmjs.org/typescript cache-miss
53 http cache https://registry.npmjs.org/typescript 17ms (cache hit)
54 silly packumentCache full:https://registry.npmjs.org/typescript set size:15399465 disposed:false
55 silly placeDep ROOT @types/bcryptjs@2.4.6 OK for: simple-crud-app@1.0.0 want: ^2.4.6
56 silly placeDep ROOT @types/cors@2.8.19 OK for: simple-crud-app@1.0.0 want: ^2.8.17
57 silly placeDep ROOT @types/express@5.0.6 OK for: simple-crud-app@1.0.0 want: ^5.0.0
58 silly placeDep ROOT @types/jsonwebtoken@9.0.10 OK for: simple-crud-app@1.0.0 want: ^9.0.9
59 silly placeDep ROOT @types/morgan@1.9.10 OK for: simple-crud-app@1.0.0 want: ^1.9.9
60 silly placeDep ROOT @types/multer@1.4.13 OK for: simple-crud-app@1.0.0 want: ^1.4.12
61 silly placeDep ROOT @types/node@22.19.17 OK for: simple-crud-app@1.0.0 want: ^22.13.10
62 silly placeDep ROOT ts-node-dev@2.0.0 OK for: simple-crud-app@1.0.0 want: ^2.0.0
63 silly placeDep ROOT typescript@5.9.3 OK for: ts-node-dev@2.0.0 want: *
64 silly fetch manifest @types/node@*
65 silly packumentCache full:https://registry.npmjs.org/@types%2fnode cache-miss
66 silly fetch manifest @types/body-parser@*
67 silly packumentCache full:https://registry.npmjs.org/@types%2fbody-parser cache-miss
68 silly fetch manifest @types/serve-static@^2
69 silly packumentCache full:https://registry.npmjs.org/@types%2fserve-static cache-miss
70 silly fetch manifest @types/express-serve-static-core@^5.0.0
71 silly packumentCache full:https://registry.npmjs.org/@types%2fexpress-serve-static-core cache-miss
72 silly fetch manifest @types/ms@*
73 silly packumentCache full:https://registry.npmjs.org/@types%2fms cache-miss
74 silly fetch manifest @types/node@*
75 silly packumentCache full:https://registry.npmjs.org/@types%2fnode cache-miss
76 silly fetch manifest @types/node@*
77 silly packumentCache full:https://registry.npmjs.org/@types%2fnode cache-miss
78 silly fetch manifest undici-types@~6.21.0
79 silly packumentCache full:https://registry.npmjs.org/undici-types cache-miss
80 silly fetch manifest dynamic-dedupe@^0.3.0
81 silly packumentCache full:https://registry.npmjs.org/dynamic-dedupe cache-miss
82 http cache https://registry.npmjs.org/@types%2fms 7ms (cache hit)
83 silly packumentCache full:https://registry.npmjs.org/@types%2fms set size:24399 disposed:false
84 silly fetch manifest minimist@^1.2.6
85 silly packumentCache full:https://registry.npmjs.org/minimist cache-miss
86 http cache https://registry.npmjs.org/@types%2fexpress-serve-static-core 8ms (cache hit)
87 silly packumentCache full:https://registry.npmjs.org/@types%2fexpress-serve-static-core set size:264345 disposed:false
88 silly fetch manifest mkdirp@^1.0.4
89 silly packumentCache full:https://registry.npmjs.org/mkdirp cache-miss
90 http cache https://registry.npmjs.org/@types%2fserve-static 10ms (cache hit)
91 silly packumentCache full:https://registry.npmjs.org/@types%2fserve-static set size:70859 disposed:false
92 silly fetch manifest resolve@^1.0.0
93 silly packumentCache full:https://registry.npmjs.org/resolve cache-miss
94 http cache https://registry.npmjs.org/@types%2fnode 18ms (cache hit)
95 silly packumentCache full:https://registry.npmjs.org/@types%2fnode set size:10972342 disposed:false
96 silly fetch manifest rimraf@^2.6.1
97 silly packumentCache full:https://registry.npmjs.org/rimraf cache-miss
98 http cache https://registry.npmjs.org/@types%2fnode 74ms (cache hit)
99 silly packumentCache full:https://registry.npmjs.org/@types%2fnode set size:10972342 disposed:false
100 silly fetch manifest source-map-support@^0.5.12
101 silly packumentCache full:https://registry.npmjs.org/source-map-support cache-miss
102 http cache https://registry.npmjs.org/undici-types 102ms (cache hit)
103 silly packumentCache full:https://registry.npmjs.org/undici-types set size:204419 disposed:false
104 silly fetch manifest tree-kill@^1.2.2
105 silly packumentCache full:https://registry.npmjs.org/tree-kill cache-miss
106 http cache https://registry.npmjs.org/dynamic-dedupe 104ms (cache hit)
107 silly packumentCache full:https://registry.npmjs.org/dynamic-dedupe set size:10666 disposed:false
108 silly fetch manifest ts-node@^10.4.0
109 silly packumentCache full:https://registry.npmjs.org/ts-node cache-miss
110 http cache https://registry.npmjs.org/@types%2fnode 112ms (cache hit)
111 silly packumentCache full:https://registry.npmjs.org/@types%2fnode set size:10972342 disposed:false
112 silly fetch manifest tsconfig@^7.0.0
113 silly packumentCache full:https://registry.npmjs.org/tsconfig cache-miss
114 http cache https://registry.npmjs.org/@types%2fbody-parser 156ms (cache hit)
115 silly packumentCache full:https://registry.npmjs.org/@types%2fbody-parser set size:59466 disposed:false
116 http cache https://registry.npmjs.org/mkdirp 151ms (cache hit)
117 silly packumentCache full:https://registry.npmjs.org/mkdirp set size:116455 disposed:false
118 http cache https://registry.npmjs.org/rimraf 97ms (cache hit)
119 silly packumentCache full:https://registry.npmjs.org/rimraf set size:212626 disposed:false
120 http cache https://registry.npmjs.org/resolve 154ms (cache hit)
121 silly packumentCache full:https://registry.npmjs.org/resolve set size:252941 disposed:false
122 http cache https://registry.npmjs.org/minimist 157ms (cache hit)
123 silly packumentCache full:https://registry.npmjs.org/minimist set size:77063 disposed:false
124 http cache https://registry.npmjs.org/source-map-support 64ms (cache hit)
125 silly packumentCache full:https://registry.npmjs.org/source-map-support set size:125488 disposed:false
126 http cache https://registry.npmjs.org/tsconfig 11ms (cache hit)
127 silly packumentCache full:https://registry.npmjs.org/tsconfig set size:51634 disposed:false
128 http cache https://registry.npmjs.org/tree-kill 63ms (cache hit)
129 silly packumentCache full:https://registry.npmjs.org/tree-kill set size:24180 disposed:false
130 http cache https://registry.npmjs.org/ts-node 64ms (cache hit)
131 silly packumentCache full:https://registry.npmjs.org/ts-node set size:574573 disposed:false
132 silly placeDep ROOT @types/body-parser@1.19.6 OK for: @types/express@5.0.6 want: *
133 silly placeDep ROOT @types/express-serve-static-core@5.1.1 OK for: @types/express@5.0.6 want: ^5.0.0
134 silly placeDep ROOT @types/serve-static@2.2.0 OK for: @types/express@5.0.6 want: ^2
135 silly fetch manifest @types/connect@*
136 silly packumentCache full:https://registry.npmjs.org/@types%2fconnect cache-miss
137 silly fetch manifest @types/qs@*
138 silly packumentCache full:https://registry.npmjs.org/@types%2fqs cache-miss
139 silly fetch manifest @types/send@*
140 silly packumentCache full:https://registry.npmjs.org/@types%2fsend cache-miss
141 silly fetch manifest @types/range-parser@*
142 silly packumentCache full:https://registry.npmjs.org/@types%2frange-parser cache-miss
143 silly fetch manifest @types/http-errors@*
144 silly packumentCache full:https://registry.npmjs.org/@types%2fhttp-errors cache-miss
145 http cache https://registry.npmjs.org/@types%2fqs 3ms (cache hit)
146 silly packumentCache full:https://registry.npmjs.org/@types%2fqs set size:82355 disposed:false
147 http cache https://registry.npmjs.org/@types%2frange-parser 3ms (cache hit)
148 silly packumentCache full:https://registry.npmjs.org/@types%2frange-parser set size:15278 disposed:false
149 http cache https://registry.npmjs.org/@types%2fconnect 4ms (cache hit)
150 silly packumentCache full:https://registry.npmjs.org/@types%2fconnect set size:31512 disposed:false
151 http cache https://registry.npmjs.org/@types%2fsend 5ms (cache hit)
152 silly packumentCache full:https://registry.npmjs.org/@types%2fsend set size:29985 disposed:false
153 http cache https://registry.npmjs.org/@types%2fhttp-errors 4ms (cache hit)
154 silly packumentCache full:https://registry.npmjs.org/@types%2fhttp-errors set size:48994 disposed:false
155 silly placeDep ROOT @types/connect@3.4.38 OK for: @types/body-parser@1.19.6 want: *
156 silly placeDep ROOT @types/qs@6.15.0 OK for: @types/express-serve-static-core@5.1.1 want: *
157 silly placeDep ROOT @types/range-parser@1.2.7 OK for: @types/express-serve-static-core@5.1.1 want: *
158 silly placeDep ROOT @types/send@1.2.1 OK for: @types/express-serve-static-core@5.1.1 want: *
159 silly placeDep ROOT @types/ms@2.1.0 OK for: @types/jsonwebtoken@9.0.10 want: *
160 silly placeDep ROOT undici-types@6.21.0 OK for: @types/node@22.19.17 want: ~6.21.0
161 silly placeDep ROOT @types/http-errors@2.0.5 OK for: @types/serve-static@2.2.0 want: *
162 silly fetch manifest @swc/core@>=1.2.50
163 silly packumentCache full:https://registry.npmjs.org/@swc%2fcore cache-miss
164 http cache https://registry.npmjs.org/@swc%2fcore 7ms (cache hit)
165 silly packumentCache full:https://registry.npmjs.org/@swc%2fcore set size:3969815 disposed:false
166 silly fetch manifest @swc/helpers@>=0.5.17
167 silly packumentCache full:https://registry.npmjs.org/@swc%2fhelpers cache-miss
168 http cache https://registry.npmjs.org/@swc%2fhelpers 2ms (cache hit)
169 silly packumentCache full:https://registry.npmjs.org/@swc%2fhelpers set size:726705 disposed:false
170 silly fetch manifest @swc/wasm@>=1.2.50
171 silly packumentCache full:https://registry.npmjs.org/@swc%2fwasm cache-miss
172 http cache https://registry.npmjs.org/@swc%2fwasm 3ms (cache hit)
173 silly packumentCache full:https://registry.npmjs.org/@swc%2fwasm set size:1333109 disposed:false
174 silly fetch manifest typescript@*
175 silly packumentCache full:https://registry.npmjs.org/typescript cache-miss
176 http cache https://registry.npmjs.org/typescript 13ms (cache hit)
177 silly packumentCache full:https://registry.npmjs.org/typescript set size:15399465 disposed:false
178 silly placeDep ROOT dynamic-dedupe@0.3.0 OK for: ts-node-dev@2.0.0 want: ^0.3.0
179 silly placeDep ROOT minimist@1.2.8 OK for: ts-node-dev@2.0.0 want: ^1.2.6
180 silly placeDep ROOT mkdirp@1.0.4 OK for: ts-node-dev@2.0.0 want: ^1.0.4
181 silly placeDep ROOT resolve@1.22.12 OK for: ts-node-dev@2.0.0 want: ^1.0.0
182 silly placeDep ROOT rimraf@2.7.1 OK for: ts-node-dev@2.0.0 want: ^2.6.1
183 silly placeDep ROOT source-map-support@0.5.21 OK for: ts-node-dev@2.0.0 want: ^0.5.12
184 silly placeDep ROOT tree-kill@1.2.2 OK for: ts-node-dev@2.0.0 want: ^1.2.2
185 silly placeDep ROOT ts-node@10.9.2 OK for: ts-node-dev@2.0.0 want: ^10.4.0
186 silly placeDep ROOT tsconfig@7.0.0 OK for: ts-node-dev@2.0.0 want: ^7.0.0
187 silly fetch manifest xtend@^4.0.0
188 silly packumentCache full:https://registry.npmjs.org/xtend cache-miss
189 silly fetch manifest is-core-module@^2.16.1
190 silly packumentCache full:https://registry.npmjs.org/is-core-module cache-miss
191 silly fetch manifest path-parse@^1.0.7
192 silly packumentCache full:https://registry.npmjs.org/path-parse cache-miss
193 silly fetch manifest supports-preserve-symlinks-flag@^1.0.0
194 silly packumentCache full:https://registry.npmjs.org/supports-preserve-symlinks-flag cache-miss
195 silly fetch manifest glob@^7.1.3
196 silly packumentCache full:https://registry.npmjs.org/glob cache-miss
197 silly fetch manifest source-map@^0.6.0
198 silly packumentCache full:https://registry.npmjs.org/source-map cache-miss
199 silly fetch manifest yn@3.1.1
200 silly packumentCache full:https://registry.npmjs.org/yn cache-miss
201 silly fetch manifest arg@^4.1.0
202 silly packumentCache full:https://registry.npmjs.org/arg cache-miss
203 silly fetch manifest diff@^4.0.1
204 silly packumentCache full:https://registry.npmjs.org/diff cache-miss
205 http cache https://registry.npmjs.org/is-core-module 6ms (cache hit)
206 silly packumentCache full:https://registry.npmjs.org/is-core-module set size:71788 disposed:false
207 silly fetch manifest acorn@^8.4.1
208 silly packumentCache full:https://registry.npmjs.org/acorn cache-miss
209 http cache https://registry.npmjs.org/path-parse 7ms (cache hit)
210 silly packumentCache full:https://registry.npmjs.org/path-parse set size:14523 disposed:false
211 silly fetch manifest acorn-walk@^8.1.1
212 silly packumentCache full:https://registry.npmjs.org/acorn-walk cache-miss
213 http cache https://registry.npmjs.org/xtend 7ms (cache hit)
214 silly packumentCache full:https://registry.npmjs.org/xtend set size:28314 disposed:false
215 silly fetch manifest make-error@^1.1.1
216 silly packumentCache full:https://registry.npmjs.org/make-error cache-miss
217 http cache https://registry.npmjs.org/glob 8ms (cache hit)
218 silly packumentCache full:https://registry.npmjs.org/glob set size:469465 disposed:false
219 silly fetch manifest create-require@^1.1.0
220 silly packumentCache full:https://registry.npmjs.org/create-require cache-miss
221 http cache https://registry.npmjs.org/source-map 11ms (cache hit)
222 silly packumentCache full:https://registry.npmjs.org/source-map set size:226141 disposed:false
223 silly fetch manifest @tsconfig/node10@^1.0.7
224 silly packumentCache full:https://registry.npmjs.org/@tsconfig%2fnode10 cache-miss
225 http cache https://registry.npmjs.org/supports-preserve-symlinks-flag 12ms (cache hit)
226 silly packumentCache full:https://registry.npmjs.org/supports-preserve-symlinks-flag set size:6802 disposed:false
227 silly fetch manifest @tsconfig/node12@^1.0.7
228 silly packumentCache full:https://registry.npmjs.org/@tsconfig%2fnode12 cache-miss
229 http cache https://registry.npmjs.org/yn 12ms (cache hit)
230 silly packumentCache full:https://registry.npmjs.org/yn set size:23572 disposed:false
231 silly fetch manifest @tsconfig/node14@^1.0.0
232 silly packumentCache full:https://registry.npmjs.org/@tsconfig%2fnode14 cache-miss
233 http cache https://registry.npmjs.org/diff 13ms (cache hit)
234 silly packumentCache full:https://registry.npmjs.org/diff set size:150551 disposed:false
235 silly fetch manifest @tsconfig/node16@^1.0.2
236 silly packumentCache full:https://registry.npmjs.org/@tsconfig%2fnode16 cache-miss
237 http cache https://registry.npmjs.org/arg 14ms (cache hit)
238 silly packumentCache full:https://registry.npmjs.org/arg set size:67036 disposed:false
239 silly fetch manifest v8-compile-cache-lib@^3.0.1
240 silly packumentCache full:https://registry.npmjs.org/v8-compile-cache-lib cache-miss
241 http cache https://registry.npmjs.org/create-require 8ms (cache hit)
242 silly packumentCache full:https://registry.npmjs.org/create-require set size:20551 disposed:false
243 silly fetch manifest @cspotcode/source-map-support@^0.8.0
244 silly packumentCache full:https://registry.npmjs.org/@cspotcode%2fsource-map-support cache-miss
245 http cache https://registry.npmjs.org/@tsconfig%2fnode10 6ms (cache hit)
246 silly packumentCache full:https://registry.npmjs.org/@tsconfig%2fnode10 set size:26787 disposed:false
247 silly fetch manifest @types/strip-bom@^3.0.0
248 silly packumentCache full:https://registry.npmjs.org/@types%2fstrip-bom cache-miss
249 http cache https://registry.npmjs.org/make-error 11ms (cache hit)
250 silly packumentCache full:https://registry.npmjs.org/make-error set size:45218 disposed:false
251 silly fetch manifest @types/strip-json-comments@0.0.30
252 silly packumentCache full:https://registry.npmjs.org/@types%2fstrip-json-comments cache-miss
253 http cache https://registry.npmjs.org/acorn 14ms (cache hit)
254 silly packumentCache full:https://registry.npmjs.org/acorn set size:379626 disposed:false
255 silly fetch manifest strip-bom@^3.0.0
256 silly packumentCache full:https://registry.npmjs.org/strip-bom cache-miss
257 http cache https://registry.npmjs.org/@tsconfig%2fnode16 8ms (cache hit)
258 silly packumentCache full:https://registry.npmjs.org/@tsconfig%2fnode16 set size:25134 disposed:false
259 silly fetch manifest strip-json-comments@^2.0.0
260 silly packumentCache full:https://registry.npmjs.org/strip-json-comments cache-miss
261 http cache https://registry.npmjs.org/acorn-walk 15ms (cache hit)
262 silly packumentCache full:https://registry.npmjs.org/acorn-walk set size:49813 disposed:false
263 http cache https://registry.npmjs.org/@tsconfig%2fnode14 9ms (cache hit)
264 silly packumentCache full:https://registry.npmjs.org/@tsconfig%2fnode14 set size:23863 disposed:false
265 http cache https://registry.npmjs.org/@tsconfig%2fnode12 11ms (cache hit)
266 silly packumentCache full:https://registry.npmjs.org/@tsconfig%2fnode12 set size:38731 disposed:false
267 http cache https://registry.npmjs.org/v8-compile-cache-lib 9ms (cache hit)
268 silly packumentCache full:https://registry.npmjs.org/v8-compile-cache-lib set size:8746 disposed:false
269 http cache https://registry.npmjs.org/@types%2fstrip-bom 7ms (cache hit)
270 silly packumentCache full:https://registry.npmjs.org/@types%2fstrip-bom set size:4415 disposed:false
271 http cache https://registry.npmjs.org/@cspotcode%2fsource-map-support 7ms (cache hit)
272 silly packumentCache full:https://registry.npmjs.org/@cspotcode%2fsource-map-support set size:30214 disposed:false
273 http cache https://registry.npmjs.org/@types%2fstrip-json-comments 6ms (cache hit)
274 silly packumentCache full:https://registry.npmjs.org/@types%2fstrip-json-comments set size:21409 disposed:false
275 http cache https://registry.npmjs.org/strip-bom 4ms (cache hit)
276 silly packumentCache full:https://registry.npmjs.org/strip-bom set size:19359 disposed:false
277 http cache https://registry.npmjs.org/strip-json-comments 4ms (cache hit)
278 silly packumentCache full:https://registry.npmjs.org/strip-json-comments set size:43569 disposed:false
279 silly placeDep ROOT xtend@4.0.2 OK for: dynamic-dedupe@0.3.0 want: ^4.0.0
280 silly placeDep ROOT is-core-module@2.16.1 OK for: resolve@1.22.12 want: ^2.16.1
281 silly placeDep ROOT path-parse@1.0.7 OK for: resolve@1.22.12 want: ^1.0.7
282 silly placeDep ROOT supports-preserve-symlinks-flag@1.0.0 OK for: resolve@1.22.12 want: ^1.0.0
283 silly placeDep ROOT glob@7.2.3 OK for: rimraf@2.7.1 want: ^7.1.3
284 silly fetch manifest inflight@^1.0.4
285 silly packumentCache full:https://registry.npmjs.org/inflight cache-miss
286 silly fetch manifest minimatch@^3.1.1
287 silly packumentCache full:https://registry.npmjs.org/minimatch cache-miss
288 silly fetch manifest fs.realpath@^1.0.0
289 silly packumentCache full:https://registry.npmjs.org/fs.realpath cache-miss
290 silly fetch manifest path-is-absolute@^1.0.0
291 silly packumentCache full:https://registry.npmjs.org/path-is-absolute cache-miss
292 http cache https://registry.npmjs.org/path-is-absolute 2ms (cache hit)
293 silly packumentCache full:https://registry.npmjs.org/path-is-absolute set size:8253 disposed:false
294 http cache https://registry.npmjs.org/inflight 2ms (cache hit)
295 silly packumentCache full:https://registry.npmjs.org/inflight set size:13140 disposed:false
296 http cache https://registry.npmjs.org/fs.realpath 3ms (cache hit)
297 silly packumentCache full:https://registry.npmjs.org/fs.realpath set size:4806 disposed:false
298 http cache https://registry.npmjs.org/minimatch 3ms (cache hit)
299 silly packumentCache full:https://registry.npmjs.org/minimatch set size:375282 disposed:false
300 silly placeDep ROOT fs.realpath@1.0.0 OK for: glob@7.2.3 want: ^1.0.0
301 silly placeDep ROOT inflight@1.0.6 OK for: glob@7.2.3 want: ^1.0.4
302 silly placeDep node_modules/glob minimatch@3.1.5 OK for: glob@7.2.3 want: ^3.1.1
303 silly placeDep ROOT path-is-absolute@1.0.1 OK for: glob@7.2.3 want: ^1.0.0
304 silly fetch manifest brace-expansion@^1.1.7
305 silly packumentCache full:https://registry.npmjs.org/brace-expansion cache-miss
306 http cache https://registry.npmjs.org/brace-expansion 1ms (cache hit)
307 silly packumentCache full:https://registry.npmjs.org/brace-expansion set size:65768 disposed:false
308 silly placeDep ROOT source-map@0.6.1 OK for: source-map-support@0.5.21 want: ^0.6.0
309 silly placeDep ROOT @cspotcode/source-map-support@0.8.1 OK for: ts-node@10.9.2 want: ^0.8.0
310 silly placeDep ROOT @tsconfig/node10@1.0.12 OK for: ts-node@10.9.2 want: ^1.0.7
311 silly placeDep ROOT @tsconfig/node12@1.0.11 OK for: ts-node@10.9.2 want: ^1.0.7
312 silly placeDep ROOT @tsconfig/node14@1.0.3 OK for: ts-node@10.9.2 want: ^1.0.0
313 silly placeDep ROOT @tsconfig/node16@1.0.4 OK for: ts-node@10.9.2 want: ^1.0.2
314 silly placeDep ROOT acorn@8.16.0 OK for: ts-node@10.9.2 want: ^8.4.1
315 silly placeDep ROOT acorn-walk@8.3.5 OK for: ts-node@10.9.2 want: ^8.1.1
316 silly placeDep ROOT arg@4.1.3 OK for: ts-node@10.9.2 want: ^4.1.0
317 silly placeDep ROOT create-require@1.1.1 OK for: ts-node@10.9.2 want: ^1.1.0
318 silly placeDep ROOT diff@4.0.4 OK for: ts-node@10.9.2 want: ^4.0.1
319 silly placeDep ROOT make-error@1.3.6 OK for: ts-node@10.9.2 want: ^1.1.1
320 silly placeDep ROOT v8-compile-cache-lib@3.0.1 OK for: ts-node@10.9.2 want: ^3.0.1
321 silly placeDep ROOT yn@3.1.1 OK for: ts-node@10.9.2 want: 3.1.1
322 silly fetch manifest @jridgewell/trace-mapping@0.3.9
323 silly packumentCache full:https://registry.npmjs.org/@jridgewell%2ftrace-mapping cache-miss
324 http cache https://registry.npmjs.org/@jridgewell%2ftrace-mapping 1ms (cache hit)
325 silly packumentCache full:https://registry.npmjs.org/@jridgewell%2ftrace-mapping set size:170909 disposed:false
326 silly placeDep ROOT @jridgewell/trace-mapping@0.3.9 OK for: @cspotcode/source-map-support@0.8.1 want: 0.3.9
327 silly fetch manifest @jridgewell/resolve-uri@^3.0.3
328 silly packumentCache full:https://registry.npmjs.org/@jridgewell%2fresolve-uri cache-miss
329 silly fetch manifest @jridgewell/sourcemap-codec@^1.4.10
330 silly packumentCache full:https://registry.npmjs.org/@jridgewell%2fsourcemap-codec cache-miss
331 http cache https://registry.npmjs.org/@jridgewell%2fsourcemap-codec 1ms (cache hit)
332 silly packumentCache full:https://registry.npmjs.org/@jridgewell%2fsourcemap-codec set size:59275 disposed:false
333 http cache https://registry.npmjs.org/@jridgewell%2fresolve-uri 1ms (cache hit)
334 silly packumentCache full:https://registry.npmjs.org/@jridgewell%2fresolve-uri set size:57361 disposed:false
335 silly placeDep ROOT @jridgewell/resolve-uri@3.1.2 OK for: @jridgewell/trace-mapping@0.3.9 want: ^3.0.3
336 silly placeDep ROOT @jridgewell/sourcemap-codec@1.5.5 OK for: @jridgewell/trace-mapping@0.3.9 want: ^1.4.10
337 silly placeDep ROOT @types/strip-bom@3.0.0 OK for: tsconfig@7.0.0 want: ^3.0.0
338 silly placeDep ROOT @types/strip-json-comments@0.0.30 OK for: tsconfig@7.0.0 want: 0.0.30
339 silly placeDep ROOT strip-bom@3.0.0 OK for: tsconfig@7.0.0 want: ^3.0.0
340 silly placeDep ROOT strip-json-comments@2.0.1 OK for: tsconfig@7.0.0 want: ^2.0.0
341 silly placeDep node_modules/glob brace-expansion@1.1.14 OK for: minimatch@3.1.5 want: ^1.1.7
342 silly fetch manifest concat-map@0.0.1
343 silly packumentCache full:https://registry.npmjs.org/concat-map cache-miss
344 silly fetch manifest balanced-match@^1.0.0
345 silly packumentCache full:https://registry.npmjs.org/balanced-match cache-miss
346 http cache https://registry.npmjs.org/concat-map 2ms (cache hit)
347 silly packumentCache full:https://registry.npmjs.org/concat-map set size:9290 disposed:false
348 http cache https://registry.npmjs.org/balanced-match 2ms (cache hit)
349 silly packumentCache full:https://registry.npmjs.org/balanced-match set size:39082 disposed:false
350 silly placeDep node_modules/glob balanced-match@1.0.2 OK for: brace-expansion@1.1.14 want: ^1.0.0
351 silly placeDep ROOT concat-map@0.0.1 OK for: brace-expansion@1.1.14 want: 0.0.1
352 silly reify moves {}
353 silly audit bulk request {
353 silly audit   '@mongodb-js/saslprep': [ '1.4.6' ],
353 silly audit   '@types/webidl-conversions': [ '7.0.3' ],
353 silly audit   '@types/whatwg-url': [ '13.0.0' ],
353 silly audit   accepts: [ '2.0.0' ],
353 silly audit   anymatch: [ '3.1.3' ],
353 silly audit   'append-field': [ '1.0.0' ],
353 silly audit   'balanced-match': [ '4.0.4', '1.0.2' ],
353 silly audit   'basic-auth': [ '2.0.1' ],
353 silly audit   'safe-buffer': [ '5.1.2', '5.2.1' ],
353 silly audit   bcryptjs: [ '3.0.3' ],
353 silly audit   'binary-extensions': [ '2.3.0' ],
353 silly audit   'body-parser': [ '2.2.2' ],
353 silly audit   'brace-expansion': [ '5.0.4', '1.1.14' ],
353 silly audit   braces: [ '3.0.3' ],
353 silly audit   bson: [ '7.2.0' ],
353 silly audit   'buffer-equal-constant-time': [ '1.0.1' ],
353 silly audit   'buffer-from': [ '1.1.2' ],
353 silly audit   busboy: [ '1.6.0' ],
353 silly audit   bytes: [ '3.1.2' ],
353 silly audit   'call-bind-apply-helpers': [ '1.0.2' ],
353 silly audit   'call-bound': [ '1.0.4' ],
353 silly audit   chokidar: [ '3.6.0' ],
353 silly audit   cloudinary: [ '2.9.0' ],
353 silly audit   'concat-stream': [ '2.0.0' ],
353 silly audit   'content-disposition': [ '1.0.1' ],
353 silly audit   'content-type': [ '1.0.5' ],
353 silly audit   cookie: [ '0.7.2' ],
353 silly audit   'cookie-signature': [ '1.2.2' ],
353 silly audit   cors: [ '2.8.6' ],
353 silly audit   debug: [ '4.4.3', '2.6.9' ],
353 silly audit   depd: [ '2.0.0' ],
353 silly audit   dotenv: [ '17.4.0' ],
353 silly audit   'dunder-proto': [ '1.0.1' ],
353 silly audit   'ecdsa-sig-formatter': [ '1.0.11' ],
353 silly audit   'ee-first': [ '1.1.1' ],
353 silly audit   encodeurl: [ '2.0.0' ],
353 silly audit   'es-define-property': [ '1.0.1' ],
353 silly audit   'es-errors': [ '1.3.0' ],
353 silly audit   'es-object-atoms': [ '1.1.1' ],
353 silly audit   'escape-html': [ '1.0.3' ],
353 silly audit   etag: [ '1.8.1' ],
353 silly audit   express: [ '5.2.1' ],
353 silly audit   'fill-range': [ '7.1.1' ],
353 silly audit   finalhandler: [ '2.1.1' ],
353 silly audit   forwarded: [ '0.2.0' ],
353 silly audit   fresh: [ '2.0.0' ],
353 silly audit   fsevents: [ '2.3.3' ],
353 silly audit   'function-bind': [ '1.1.2' ],
353 silly audit   'get-intrinsic': [ '1.3.0' ],
353 silly audit   'get-proto': [ '1.0.1' ],
353 silly audit   'glob-parent': [ '5.1.2' ],
353 silly audit   gopd: [ '1.2.0' ],
353 silly audit   'has-flag': [ '3.0.0' ],
353 silly audit   'has-symbols': [ '1.1.0' ],
353 silly audit   hasown: [ '2.0.2' ],
353 silly audit   'http-errors': [ '2.0.1' ],
353 silly audit   'iconv-lite': [ '0.7.2' ],
353 silly audit   'ignore-by-default': [ '1.0.1' ],
353 silly audit   inherits: [ '2.0.4' ],
353 silly audit   'ipaddr.js': [ '1.9.1' ],
353 silly audit   'is-binary-path': [ '2.1.0' ],
353 silly audit   'is-extglob': [ '2.1.1' ],
353 silly audit   'is-glob': [ '4.0.3' ],
353 silly audit   'is-number': [ '7.0.0' ],
353 silly audit   'is-promise': [ '4.0.0' ],
353 silly audit   jsonwebtoken: [ '9.0.3' ],
353 silly audit   jwa: [ '2.0.1' ],
353 silly audit   jws: [ '4.0.1' ],
353 silly audit   kareem: [ '3.2.0' ],
353 silly audit   lodash: [ '4.18.1' ],
353 silly audit   'lodash.includes': [ '4.3.0' ],
353 silly audit   'lodash.isboolean': [ '3.0.3' ],
353 silly audit   'lodash.isinteger': [ '4.0.4' ],
353 silly audit   'lodash.isnumber': [ '3.0.3' ],
353 silly audit   'lodash.isplainobject': [ '4.0.6' ],
353 silly audit   'lodash.isstring': [ '4.0.1' ],
353 silly audit   'lodash.once': [ '4.1.1' ],
353 silly audit   'math-intrinsics': [ '1.1.0' ],
353 silly audit   'media-typer': [ '1.1.0', '0.3.0' ],
353 silly audit   'memory-pager': [ '1.5.0' ],
353 silly audit   'merge-descriptors': [ '2.0.0' ],
353 silly audit   'mime-db': [ '1.54.0', '1.52.0' ],
353 silly audit   'mime-types': [ '3.0.2', '2.1.35' ],
353 silly audit   minimatch: [ '10.2.4', '3.1.5' ],
353 silly audit   mongodb: [ '7.1.0' ],
353 silly audit   'mongodb-connection-string-url': [ '7.0.1' ],
353 silly audit   mongoose: [ '9.3.0' ],
353 silly audit   morgan: [ '1.10.1' ],
353 silly audit   ms: [ '2.0.0', '2.1.3' ],
353 silly audit   'on-finished': [ '2.3.0', '2.4.1' ],
353 silly audit   mpath: [ '0.9.0' ],
353 silly audit   mquery: [ '6.0.0' ],
353 silly audit   multer: [ '2.1.1' ],
353 silly audit   'type-is': [ '1.6.18', '2.0.1' ],
353 silly audit   negotiator: [ '1.0.0' ],
353 silly audit   nodemon: [ '3.1.14' ],
353 silly audit   'normalize-path': [ '3.0.0' ],
353 silly audit   'object-assign': [ '4.1.1' ],
353 silly audit   'object-inspect': [ '1.13.4' ],
353 silly audit   'on-headers': [ '1.1.0' ],
353 silly audit   once: [ '1.4.0' ],
353 silly audit   parseurl: [ '1.3.3' ],
353 silly audit   'path-to-regexp': [ '8.3.0' ],
353 silly audit   picomatch: [ '2.3.1' ],
353 silly audit   'proxy-addr': [ '2.0.7' ],
353 silly audit   'pstree.remy': [ '1.1.8' ],
353 silly audit   punycode: [ '2.3.1' ],
353 silly audit   qs: [ '6.15.0' ],
353 silly audit   'range-parser': [ '1.2.1' ],
353 silly audit   'raw-body': [ '3.0.2' ],
353 silly audit   'readable-stream': [ '3.6.2' ],
353 silly audit   readdirp: [ '3.6.0' ],
353 silly audit   router: [ '2.2.0' ],
353 silly audit   'safer-buffer': [ '2.1.2' ],
353 silly audit   semver: [ '7.7.4' ],
353 silly audit   send: [ '1.2.1' ],
353 silly audit   'serve-static': [ '2.2.1' ],
353 silly audit   setprototypeof: [ '1.2.0' ],
353 silly audit   'side-channel': [ '1.1.0' ],
353 silly audit   'side-channel-list': [ '1.0.0' ],
353 silly audit   'side-channel-map': [ '1.0.1' ],
353 silly audit   'side-channel-weakmap': [ '1.0.2' ],
353 silly audit   sift: [ '17.1.3' ],
353 silly audit   'simple-update-notifier': [ '2.0.0' ],
353 silly audit   'sparse-bitfield': [ '3.0.3' ],
353 silly audit   statuses: [ '2.0.2' ],
353 silly audit   streamsearch: [ '1.1.0' ],
353 silly audit   string_decoder: [ '1.3.0' ],
353 silly audit   'supports-color': [ '5.5.0' ],
353 silly audit   'to-regex-range': [ '5.0.1' ],
353 silly audit   toidentifier: [ '1.0.1' ],
353 silly audit   touch: [ '3.1.1' ],
353 silly audit   tr46: [ '5.1.1' ],
353 silly audit   typedarray: [ '0.0.6' ],
353 silly audit   undefsafe: [ '2.0.5' ],
353 silly audit   unpipe: [ '1.0.0' ],
353 silly audit   'util-deprecate': [ '1.0.2' ],
353 silly audit   vary: [ '1.1.2' ],
353 silly audit   'webidl-conversions': [ '7.0.0' ],
353 silly audit   'whatwg-url': [ '14.2.0' ],
353 silly audit   wrappy: [ '1.0.2' ],
353 silly audit   '@types/bcryptjs': [ '2.4.6' ],
353 silly audit   '@types/cors': [ '2.8.19' ],
353 silly audit   '@types/express': [ '5.0.6' ],
353 silly audit   '@types/jsonwebtoken': [ '9.0.10' ],
353 silly audit   '@types/morgan': [ '1.9.10' ],
353 silly audit   '@types/multer': [ '1.4.13' ],
353 silly audit   '@types/node': [ '22.19.17' ],
353 silly audit   'ts-node-dev': [ '2.0.0' ],
353 silly audit   typescript: [ '5.9.3' ],
353 silly audit   '@types/body-parser': [ '1.19.6' ],
353 silly audit   '@types/express-serve-static-core': [ '5.1.1' ],
353 silly audit   '@types/serve-static': [ '2.2.0' ],
353 silly audit   '@types/connect': [ '3.4.38' ],
353 silly audit   '@types/qs': [ '6.15.0' ],
353 silly audit   '@types/range-parser': [ '1.2.7' ],
353 silly audit   '@types/send': [ '1.2.1' ],
353 silly audit   '@types/ms': [ '2.1.0' ],
353 silly audit   'undici-types': [ '6.21.0' ],
353 silly audit   '@types/http-errors': [ '2.0.5' ],
353 silly audit   'dynamic-dedupe': [ '0.3.0' ],
353 silly audit   minimist: [ '1.2.8' ],
353 silly audit   mkdirp: [ '1.0.4' ],
353 silly audit   resolve: [ '1.22.12' ],
353 silly audit   rimraf: [ '2.7.1' ],
353 silly audit   'source-map-support': [ '0.5.21' ],
353 silly audit   'tree-kill': [ '1.2.2' ],
353 silly audit   'ts-node': [ '10.9.2' ],
353 silly audit   tsconfig: [ '7.0.0' ],
353 silly audit   xtend: [ '4.0.2' ],
353 silly audit   'is-core-module': [ '2.16.1' ],
353 silly audit   'path-parse': [ '1.0.7' ],
353 silly audit   'supports-preserve-symlinks-flag': [ '1.0.0' ],
353 silly audit   glob: [ '7.2.3' ],
353 silly audit   'fs.realpath': [ '1.0.0' ],
353 silly audit   inflight: [ '1.0.6' ],
353 silly audit   'path-is-absolute': [ '1.0.1' ],
353 silly audit   'source-map': [ '0.6.1' ],
353 silly audit   '@cspotcode/source-map-support': [ '0.8.1' ],
353 silly audit   '@tsconfig/node10': [ '1.0.12' ],
353 silly audit   '@tsconfig/node12': [ '1.0.11' ],
353 silly audit   '@tsconfig/node14': [ '1.0.3' ],
353 silly audit   '@tsconfig/node16': [ '1.0.4' ],
353 silly audit   acorn: [ '8.16.0' ],
353 silly audit   'acorn-walk': [ '8.3.5' ],
353 silly audit   arg: [ '4.1.3' ],
353 silly audit   'create-require': [ '1.1.1' ],
353 silly audit   diff: [ '4.0.4' ],
353 silly audit   'make-error': [ '1.3.6' ],
353 silly audit   'v8-compile-cache-lib': [ '3.0.1' ],
353 silly audit   yn: [ '3.1.1' ],
353 silly audit   '@jridgewell/trace-mapping': [ '0.3.9' ],
353 silly audit   '@jridgewell/resolve-uri': [ '3.1.2' ],
353 silly audit   '@jridgewell/sourcemap-codec': [ '1.5.5' ],
353 silly audit   '@types/strip-bom': [ '3.0.0' ],
353 silly audit   '@types/strip-json-comments': [ '0.0.30' ],
353 silly audit   'strip-bom': [ '3.0.0' ],
353 silly audit   'strip-json-comments': [ '2.0.1' ],
353 silly audit   'concat-map': [ '0.0.1' ]
353 silly audit }
354 http cache concat-map@https://registry.npmjs.org/concat-map/-/concat-map-0.0.1.tgz 0ms (cache hit)
355 http cache strip-json-comments@https://registry.npmjs.org/strip-json-comments/-/strip-json-comments-2.0.1.tgz 0ms (cache hit)
356 http cache strip-bom@https://registry.npmjs.org/strip-bom/-/strip-bom-3.0.0.tgz 0ms (cache hit)
357 http cache @types/strip-json-comments@https://registry.npmjs.org/@types/strip-json-comments/-/strip-json-comments-0.0.30.tgz 0ms (cache hit)
358 http cache @jridgewell/sourcemap-codec@https://registry.npmjs.org/@jridgewell/sourcemap-codec/-/sourcemap-codec-1.5.5.tgz 0ms (cache hit)
359 http cache @types/strip-bom@https://registry.npmjs.org/@types/strip-bom/-/strip-bom-3.0.0.tgz 0ms (cache hit)
360 http cache @jridgewell/resolve-uri@https://registry.npmjs.org/@jridgewell/resolve-uri/-/resolve-uri-3.1.2.tgz 0ms (cache hit)
361 http cache @jridgewell/trace-mapping@https://registry.npmjs.org/@jridgewell/trace-mapping/-/trace-mapping-0.3.9.tgz 0ms (cache hit)
362 http cache yn@https://registry.npmjs.org/yn/-/yn-3.1.1.tgz 0ms (cache hit)
363 http cache v8-compile-cache-lib@https://registry.npmjs.org/v8-compile-cache-lib/-/v8-compile-cache-lib-3.0.1.tgz 0ms (cache hit)
364 http cache make-error@https://registry.npmjs.org/make-error/-/make-error-1.3.6.tgz 0ms (cache hit)
365 http cache diff@https://registry.npmjs.org/diff/-/diff-4.0.4.tgz 0ms (cache hit)
366 http cache arg@https://registry.npmjs.org/arg/-/arg-4.1.3.tgz 0ms (cache hit)
367 http cache acorn@https://registry.npmjs.org/acorn/-/acorn-8.16.0.tgz 0ms (cache hit)
368 http cache create-require@https://registry.npmjs.org/create-require/-/create-require-1.1.1.tgz 0ms (cache hit)
369 http cache acorn-walk@https://registry.npmjs.org/acorn-walk/-/acorn-walk-8.3.5.tgz 0ms (cache hit)
370 http cache @tsconfig/node16@https://registry.npmjs.org/@tsconfig/node16/-/node16-1.0.4.tgz 0ms (cache hit)
371 http cache @tsconfig/node14@https://registry.npmjs.org/@tsconfig/node14/-/node14-1.0.3.tgz 0ms (cache hit)
372 http cache @cspotcode/source-map-support@https://registry.npmjs.org/@cspotcode/source-map-support/-/source-map-support-0.8.1.tgz 0ms (cache hit)
373 http cache @tsconfig/node10@https://registry.npmjs.org/@tsconfig/node10/-/node10-1.0.12.tgz 0ms (cache hit)
374 http cache @tsconfig/node12@https://registry.npmjs.org/@tsconfig/node12/-/node12-1.0.11.tgz 0ms (cache hit)
375 http cache source-map@https://registry.npmjs.org/source-map/-/source-map-0.6.1.tgz 0ms (cache hit)
376 http cache path-is-absolute@https://registry.npmjs.org/path-is-absolute/-/path-is-absolute-1.0.1.tgz 0ms (cache hit)
377 http cache inflight@https://registry.npmjs.org/inflight/-/inflight-1.0.6.tgz 0ms (cache hit)
378 http cache fs.realpath@https://registry.npmjs.org/fs.realpath/-/fs.realpath-1.0.0.tgz 0ms (cache hit)
379 http cache glob@https://registry.npmjs.org/glob/-/glob-7.2.3.tgz 0ms (cache hit)
380 http cache supports-preserve-symlinks-flag@https://registry.npmjs.org/supports-preserve-symlinks-flag/-/supports-preserve-symlinks-flag-1.0.0.tgz 0ms (cache hit)
381 http cache is-core-module@https://registry.npmjs.org/is-core-module/-/is-core-module-2.16.1.tgz 0ms (cache hit)
382 http cache path-parse@https://registry.npmjs.org/path-parse/-/path-parse-1.0.7.tgz 0ms (cache hit)
383 http cache xtend@https://registry.npmjs.org/xtend/-/xtend-4.0.2.tgz 0ms (cache hit)
384 http cache tsconfig@https://registry.npmjs.org/tsconfig/-/tsconfig-7.0.0.tgz 0ms (cache hit)
385 http cache ts-node@https://registry.npmjs.org/ts-node/-/ts-node-10.9.2.tgz 0ms (cache hit)
386 http cache tree-kill@https://registry.npmjs.org/tree-kill/-/tree-kill-1.2.2.tgz 0ms (cache hit)
387 http cache source-map-support@https://registry.npmjs.org/source-map-support/-/source-map-support-0.5.21.tgz 0ms (cache hit)
388 http cache rimraf@https://registry.npmjs.org/rimraf/-/rimraf-2.7.1.tgz 0ms (cache hit)
389 http cache resolve@https://registry.npmjs.org/resolve/-/resolve-1.22.12.tgz 0ms (cache hit)
390 http cache mkdirp@https://registry.npmjs.org/mkdirp/-/mkdirp-1.0.4.tgz 0ms (cache hit)
391 http cache minimist@https://registry.npmjs.org/minimist/-/minimist-1.2.8.tgz 0ms (cache hit)
392 http cache @types/http-errors@https://registry.npmjs.org/@types/http-errors/-/http-errors-2.0.5.tgz 0ms (cache hit)
393 http cache dynamic-dedupe@https://registry.npmjs.org/dynamic-dedupe/-/dynamic-dedupe-0.3.0.tgz 0ms (cache hit)
394 http cache @types/ms@https://registry.npmjs.org/@types/ms/-/ms-2.1.0.tgz 0ms (cache hit)
395 http cache undici-types@https://registry.npmjs.org/undici-types/-/undici-types-6.21.0.tgz 0ms (cache hit)
396 http cache @types/send@https://registry.npmjs.org/@types/send/-/send-1.2.1.tgz 0ms (cache hit)
397 http cache @types/range-parser@https://registry.npmjs.org/@types/range-parser/-/range-parser-1.2.7.tgz 0ms (cache hit)
398 http cache @types/qs@https://registry.npmjs.org/@types/qs/-/qs-6.15.0.tgz 0ms (cache hit)
399 http cache @types/connect@https://registry.npmjs.org/@types/connect/-/connect-3.4.38.tgz 0ms (cache hit)
400 http cache @types/serve-static@https://registry.npmjs.org/@types/serve-static/-/serve-static-2.2.0.tgz 0ms (cache hit)
401 http cache typescript@https://registry.npmjs.org/typescript/-/typescript-5.9.3.tgz 0ms (cache hit)
402 http cache @types/body-parser@https://registry.npmjs.org/@types/body-parser/-/body-parser-1.19.6.tgz 0ms (cache hit)
403 http cache @types/express-serve-static-core@https://registry.npmjs.org/@types/express-serve-static-core/-/express-serve-static-core-5.1.1.tgz 0ms (cache hit)
404 http cache @types/node@https://registry.npmjs.org/@types/node/-/node-22.19.17.tgz 0ms (cache hit)
405 http cache ts-node-dev@https://registry.npmjs.org/ts-node-dev/-/ts-node-dev-2.0.0.tgz 0ms (cache hit)
406 http cache @types/multer@https://registry.npmjs.org/@types/multer/-/multer-1.4.13.tgz 0ms (cache hit)
407 http cache @types/morgan@https://registry.npmjs.org/@types/morgan/-/morgan-1.9.10.tgz 0ms (cache hit)
408 http cache @types/jsonwebtoken@https://registry.npmjs.org/@types/jsonwebtoken/-/jsonwebtoken-9.0.10.tgz 0ms (cache hit)
409 http cache @types/express@https://registry.npmjs.org/@types/express/-/express-5.0.6.tgz 0ms (cache hit)
410 http cache @types/bcryptjs@https://registry.npmjs.org/@types/bcryptjs/-/bcryptjs-2.4.6.tgz 0ms (cache hit)
411 http cache @types/cors@https://registry.npmjs.org/@types/cors/-/cors-2.8.19.tgz 0ms (cache hit)
412 http cache balanced-match@https://registry.npmjs.org/balanced-match/-/balanced-match-1.0.2.tgz 0ms (cache hit)
413 http cache brace-expansion@https://registry.npmjs.org/brace-expansion/-/brace-expansion-1.1.14.tgz 0ms (cache hit)
414 http cache minimatch@https://registry.npmjs.org/minimatch/-/minimatch-3.1.5.tgz 0ms (cache hit)
415 silly tarball no local data for @types/ms@https://registry.npmjs.org/@types/ms/-/ms-2.1.0.tgz. Extracting by manifest.
416 silly tarball no local data for undici-types@https://registry.npmjs.org/undici-types/-/undici-types-6.21.0.tgz. Extracting by manifest.
417 silly tarball no local data for typescript@https://registry.npmjs.org/typescript/-/typescript-5.9.3.tgz. Extracting by manifest.
418 silly tarball no local data for @types/node@https://registry.npmjs.org/@types/node/-/node-22.19.17.tgz. Extracting by manifest.
419 silly tarball no local data for @types/multer@https://registry.npmjs.org/@types/multer/-/multer-1.4.13.tgz. Extracting by manifest.
420 silly tarball no local data for @types/bcryptjs@https://registry.npmjs.org/@types/bcryptjs/-/bcryptjs-2.4.6.tgz. Extracting by manifest.
421 warn deprecated inflight@1.0.6: This module is not supported, and leaks memory. Do not use it. Check out lru-cache if you want a good and tested way to coalesce async requests by a key value, which is much more comprehensive and powerful.
422 warn deprecated rimraf@2.7.1: Rimraf versions prior to v4 are no longer supported
423 warn deprecated glob@7.2.3: Old versions of glob are not supported, and contain widely publicized security vulnerabilities, which have been fixed in the current version. Please update. Support for old versions may be purchased (at exorbitant rates) by contacting i@izs.me
424 http fetch GET 200 https://registry.npmjs.org/@types/ms/-/ms-2.1.0.tgz 1545ms (cache miss)
425 http fetch GET 200 https://registry.npmjs.org/undici-types/-/undici-types-6.21.0.tgz 1558ms (cache miss)
426 http fetch POST 200 https://registry.npmjs.org/-/npm/v1/security/advisories/bulk 1659ms
427 silly audit report {
427 silly audit report   'brace-expansion': [
427 silly audit report     {
427 silly audit report       id: 1115543,
427 silly audit report       url: 'https://github.com/advisories/GHSA-f886-m6hf-6m8v',
427 silly audit report       title: 'brace-expansion: Zero-step sequence causes process hang and memory exhaustion',
427 silly audit report       severity: 'moderate',
427 silly audit report       vulnerable_versions: '>=4.0.0 <5.0.5',
427 silly audit report       cwe: [Array],
427 silly audit report       cvss: [Object]
427 silly audit report     }
427 silly audit report   ],
427 silly audit report   'path-to-regexp': [
427 silly audit report     {
427 silly audit report       id: 1115573,
427 silly audit report       url: 'https://github.com/advisories/GHSA-j3q9-mxjg-w52f',
427 silly audit report       title: 'path-to-regexp vulnerable to Denial of Service via sequential optional groups',
427 silly audit report       severity: 'high',
427 silly audit report       vulnerable_versions: '>=8.0.0 <8.4.0',
427 silly audit report       cwe: [Array],
427 silly audit report       cvss: [Object]
427 silly audit report     },
427 silly audit report     {
427 silly audit report       id: 1115582,
427 silly audit report       url: 'https://github.com/advisories/GHSA-27v5-c462-wpq7',
427 silly audit report       title: 'path-to-regexp vulnerable to Regular Expression Denial of Service via multiple wildcards',
427 silly audit report       severity: 'moderate',
427 silly audit report       vulnerable_versions: '>=8.0.0 <8.4.0',
427 silly audit report       cwe: [Array],
427 silly audit report       cvss: [Object]
427 silly audit report     }
427 silly audit report   ],
427 silly audit report   picomatch: [
427 silly audit report     {
427 silly audit report       id: 1115549,
427 silly audit report       url: 'https://github.com/advisories/GHSA-3v7f-55p6-f55p',
427 silly audit report       title: 'Picomatch: Method Injection in POSIX Character Classes causes incorrect Glob Matching',
427 silly audit report       severity: 'moderate',
427 silly audit report       vulnerable_versions: '<2.3.2',
427 silly audit report       cwe: [Array],
427 silly audit report       cvss: [Object]
427 silly audit report     },
427 silly audit report     {
427 silly audit report       id: 1115552,
427 silly audit report       url: 'https://github.com/advisories/GHSA-c2c7-rcm5-vvqj',
427 silly audit report       title: 'Picomatch has a ReDoS vulnerability via extglob quantifiers',
427 silly audit report       severity: 'high',
427 silly audit report       vulnerable_versions: '<2.3.2',
427 silly audit report       cwe: [Array],
427 silly audit report       cvss: [Object]
427 silly audit report     }
427 silly audit report   ]
427 silly audit report }
428 silly packumentCache corgi:https://registry.npmjs.org/brace-expansion cache-miss
429 silly packumentCache corgi:https://registry.npmjs.org/path-to-regexp cache-miss
430 silly packumentCache corgi:https://registry.npmjs.org/picomatch cache-miss
431 http fetch GET 200 https://registry.npmjs.org/@types/bcryptjs/-/bcryptjs-2.4.6.tgz 1752ms (cache miss)
432 http fetch GET 200 https://registry.npmjs.org/@types/multer/-/multer-1.4.13.tgz 1755ms (cache miss)
433 http fetch GET 200 https://registry.npmjs.org/path-to-regexp 288ms (cache miss)
434 silly packumentCache corgi:https://registry.npmjs.org/path-to-regexp set size:undefined disposed:false
435 http fetch GET 200 https://registry.npmjs.org/brace-expansion 293ms (cache miss)
436 silly packumentCache corgi:https://registry.npmjs.org/brace-expansion set size:undefined disposed:false
437 http fetch GET 200 https://registry.npmjs.org/picomatch 302ms (cache miss)
438 silly packumentCache corgi:https://registry.npmjs.org/picomatch set size:undefined disposed:false
439 silly packumentCache corgi:https://registry.npmjs.org/minimatch cache-miss
440 http fetch GET 200 https://registry.npmjs.org/minimatch 502ms (cache miss)
441 silly packumentCache corgi:https://registry.npmjs.org/minimatch set size:undefined disposed:false
442 silly packumentCache corgi:https://registry.npmjs.org/router cache-miss
443 http fetch GET 200 https://registry.npmjs.org/router 522ms (cache miss)
444 silly packumentCache corgi:https://registry.npmjs.org/router set size:undefined disposed:false
445 silly packumentCache corgi:https://registry.npmjs.org/anymatch cache-miss
446 silly packumentCache corgi:https://registry.npmjs.org/readdirp cache-miss
447 http fetch GET 200 https://registry.npmjs.org/@types/node/-/node-22.19.17.tgz 3228ms (cache miss)
448 http fetch GET 200 https://registry.npmjs.org/anymatch 318ms (cache miss)
449 silly packumentCache corgi:https://registry.npmjs.org/anymatch set size:undefined disposed:false
450 http fetch GET 200 https://registry.npmjs.org/readdirp 325ms (cache miss)
451 silly packumentCache corgi:https://registry.npmjs.org/readdirp set size:undefined disposed:false
452 http fetch GET 200 https://registry.npmjs.org/typescript/-/typescript-5.9.3.tgz 5909ms (cache miss)
453 silly ADD node_modules/concat-map
454 silly ADD node_modules/strip-json-comments
455 silly ADD node_modules/strip-bom
456 silly ADD node_modules/@types/strip-json-comments
457 silly ADD node_modules/@types/strip-bom
458 silly ADD node_modules/@jridgewell/sourcemap-codec
459 silly ADD node_modules/@jridgewell/resolve-uri
460 silly ADD node_modules/@jridgewell/trace-mapping
461 silly ADD node_modules/yn
462 silly ADD node_modules/v8-compile-cache-lib
463 silly ADD node_modules/make-error
464 silly ADD node_modules/diff
465 silly ADD node_modules/create-require
466 silly ADD node_modules/arg
467 silly ADD node_modules/acorn-walk
468 silly ADD node_modules/acorn
469 silly ADD node_modules/@tsconfig/node16
470 silly ADD node_modules/@tsconfig/node14
471 silly ADD node_modules/@tsconfig/node12
472 silly ADD node_modules/@tsconfig/node10
473 silly ADD node_modules/@cspotcode/source-map-support
474 silly ADD node_modules/source-map
475 silly ADD node_modules/path-is-absolute
476 silly ADD node_modules/inflight
477 silly ADD node_modules/fs.realpath
478 silly ADD node_modules/glob
479 silly ADD node_modules/glob/node_modules/balanced-match
480 silly ADD node_modules/glob/node_modules/brace-expansion
481 silly ADD node_modules/glob/node_modules/minimatch
482 silly ADD node_modules/supports-preserve-symlinks-flag
483 silly ADD node_modules/path-parse
484 silly ADD node_modules/is-core-module
485 silly ADD node_modules/xtend
486 silly ADD node_modules/tsconfig
487 silly ADD node_modules/ts-node
488 silly ADD node_modules/tree-kill
489 silly ADD node_modules/source-map-support
490 silly ADD node_modules/rimraf
491 silly ADD node_modules/resolve
492 silly ADD node_modules/mkdirp
493 silly ADD node_modules/minimist
494 silly ADD node_modules/dynamic-dedupe
495 silly ADD node_modules/@types/http-errors
496 silly ADD node_modules/undici-types
497 silly ADD node_modules/@types/ms
498 silly ADD node_modules/@types/send
499 silly ADD node_modules/@types/range-parser
500 silly ADD node_modules/@types/qs
501 silly ADD node_modules/@types/connect
502 silly ADD node_modules/@types/serve-static
503 silly ADD node_modules/@types/express-serve-static-core
504 silly ADD node_modules/@types/body-parser
505 silly ADD node_modules/typescript
506 silly ADD node_modules/ts-node-dev
507 silly ADD node_modules/@types/node
508 silly ADD node_modules/@types/multer
509 silly ADD node_modules/@types/morgan
510 silly ADD node_modules/@types/jsonwebtoken
511 silly ADD node_modules/@types/express
512 silly ADD node_modules/@types/cors
513 silly ADD node_modules/@types/bcryptjs
514 verbose cwd /Users/mac/EcommerceAndBankingProject
515 verbose os Darwin 25.3.0
516 verbose node v25.8.1
517 verbose npm  v11.11.0
518 verbose exit 0
519 info ok
