0 verbose cli /opt/homebrew/Cellar/node/25.8.1_1/bin/node /opt/homebrew/bin/npm
1 info using npm@11.11.0
2 info using node@v25.8.1
3 silly config load:file:/opt/homebrew/lib/node_modules/npm/npmrc
4 silly config load:file:/Users/mac/EcommerceAndBankingProject/.npmrc
5 silly config load:file:/Users/mac/.npmrc
6 silly config load:file:/opt/homebrew/etc/npmrc
7 verbose title npm install
8 verbose argv "install"
9 verbose logfile logs-max:10 dir:/Users/mac/EcommerceAndBankingProject/.npm-cache/_logs/2026-04-13T04_06_33_103Z-
10 verbose logfile /Users/mac/EcommerceAndBankingProject/.npm-cache/_logs/2026-04-13T04_06_33_103Z-debug-0.log
11 silly logfile start cleaning logs, removing 1 files
12 silly packumentCache heap:4496293888 maxSize:1124073472 maxEntrySize:562036736
13 silly logfile done cleaning log files
14 silly idealTree buildDeps
15 silly fetch manifest @types/bcryptjs@^2.4.6
16 silly packumentCache full:https://registry.npmjs.org/@types%2fbcryptjs cache-miss
17 http fetch GET 200 https://registry.npmjs.org/@types%2fbcryptjs 1113ms (cache revalidated)
18 silly packumentCache full:https://registry.npmjs.org/@types%2fbcryptjs set size:28223 disposed:false
19 silly fetch manifest @types/cors@^2.8.17
20 silly packumentCache full:https://registry.npmjs.org/@types%2fcors cache-miss
21 http fetch GET 200 https://registry.npmjs.org/@types%2fcors 179ms (cache revalidated)
22 silly packumentCache full:https://registry.npmjs.org/@types%2fcors set size:56991 disposed:false
23 silly fetch manifest @types/express@^5.0.0
24 silly packumentCache full:https://registry.npmjs.org/@types%2fexpress cache-miss
25 http fetch GET 200 https://registry.npmjs.org/@types%2fexpress 200ms (cache revalidated)
26 silly packumentCache full:https://registry.npmjs.org/@types%2fexpress set size:111364 disposed:false
27 silly fetch manifest @types/jsonwebtoken@^9.0.9
28 silly packumentCache full:https://registry.npmjs.org/@types%2fjsonwebtoken cache-miss
29 http fetch GET 200 https://registry.npmjs.org/@types%2fjsonwebtoken 219ms (cache revalidated)
30 silly packumentCache full:https://registry.npmjs.org/@types%2fjsonwebtoken set size:129919 disposed:false
31 silly fetch manifest @types/morgan@^1.9.9
32 silly packumentCache full:https://registry.npmjs.org/@types%2fmorgan cache-miss
33 http fetch GET 200 https://registry.npmjs.org/@types%2fmorgan 372ms (cache revalidated)
34 silly packumentCache full:https://registry.npmjs.org/@types%2fmorgan set size:51626 disposed:false
35 silly fetch manifest @types/multer@^1.4.12
36 silly packumentCache full:https://registry.npmjs.org/@types%2fmulter cache-miss
37 http fetch GET 200 https://registry.npmjs.org/@types%2fmulter 175ms (cache revalidated)
38 silly packumentCache full:https://registry.npmjs.org/@types%2fmulter set size:85793 disposed:false
39 silly fetch manifest @types/node@^22.13.10
40 silly packumentCache full:https://registry.npmjs.org/@types%2fnode cache-miss
41 http fetch GET 200 https://registry.npmjs.org/@types%2fnode 204ms (cache revalidated)
42 silly packumentCache full:https://registry.npmjs.org/@types%2fnode set size:10972342 disposed:false
43 silly fetch manifest ts-node-dev@^2.0.0
44 silly packumentCache full:https://registry.npmjs.org/ts-node-dev cache-miss
45 http fetch GET 200 https://registry.npmjs.org/ts-node-dev 177ms (cache revalidated)
46 silly packumentCache full:https://registry.npmjs.org/ts-node-dev set size:292560 disposed:false
47 silly fetch manifest node-notifier@*
48 silly packumentCache full:https://registry.npmjs.org/node-notifier cache-miss
49 http fetch GET 200 https://registry.npmjs.org/node-notifier 171ms (cache revalidated)
50 silly packumentCache full:https://registry.npmjs.org/node-notifier set size:171533 disposed:false
51 silly fetch manifest typescript@^5.8.2
52 silly packumentCache full:https://registry.npmjs.org/typescript cache-miss
53 http fetch GET 200 https://registry.npmjs.org/typescript 261ms (cache revalidated)
54 silly packumentCache full:https://registry.npmjs.org/typescript set size:15399465 disposed:false
55 silly placeDep ROOT @types/bcryptjs@2.4.6 OK for: simple-crud-app@1.0.0 want: ^2.4.6
56 silly placeDep ROOT @types/cors@2.8.19 OK for: simple-crud-app@1.0.0 want: ^2.8.17
57 silly placeDep ROOT @types/express@5.0.6 OK for: simple-crud-app@1.0.0 want: ^5.0.0
58 silly placeDep ROOT @types/jsonwebtoken@9.0.10 OK for: simple-crud-app@1.0.0 want: ^9.0.9
59 silly placeDep ROOT @types/morgan@1.9.10 OK for: simple-crud-app@1.0.0 want: ^1.9.9
60 silly placeDep ROOT @types/multer@1.4.13 OK for: simple-crud-app@1.0.0 want: ^1.4.12
61 silly placeDep ROOT @types/node@22.19.17 OK for: simple-crud-app@1.0.0 want: ^22.13.10
62 silly placeDep ROOT ts-node-dev@2.0.0 OK for: simple-crud-app@1.0.0 want: ^2.0.0
63 silly placeDep ROOT typescript@5.9.3 OK for: ts-node-dev@2.0.0 want: *
64 silly fetch manifest @types/node@*
65 silly packumentCache full:https://registry.npmjs.org/@types%2fnode cache-miss
66 silly fetch manifest @types/body-parser@*
67 silly packumentCache full:https://registry.npmjs.org/@types%2fbody-parser cache-miss
68 silly fetch manifest @types/serve-static@^2
69 silly packumentCache full:https://registry.npmjs.org/@types%2fserve-static cache-miss
70 silly fetch manifest @types/express-serve-static-core@^5.0.0
71 silly packumentCache full:https://registry.npmjs.org/@types%2fexpress-serve-static-core cache-miss
72 silly fetch manifest @types/ms@*
73 silly packumentCache full:https://registry.npmjs.org/@types%2fms cache-miss
74 silly fetch manifest @types/node@*
75 silly packumentCache full:https://registry.npmjs.org/@types%2fnode cache-miss
76 silly fetch manifest @types/node@*
77 silly packumentCache full:https://registry.npmjs.org/@types%2fnode cache-miss
78 silly fetch manifest undici-types@~6.21.0
79 silly packumentCache full:https://registry.npmjs.org/undici-types cache-miss
80 silly fetch manifest dynamic-dedupe@^0.3.0
81 silly packumentCache full:https://registry.npmjs.org/dynamic-dedupe cache-miss
82 http cache https://registry.npmjs.org/@types%2fnode 19ms (cache hit)
83 silly packumentCache full:https://registry.npmjs.org/@types%2fnode set size:10972342 disposed:false
84 silly fetch manifest minimist@^1.2.6
85 silly packumentCache full:https://registry.npmjs.org/minimist cache-miss
86 http cache https://registry.npmjs.org/@types%2fnode 76ms (cache hit)
87 silly packumentCache full:https://registry.npmjs.org/@types%2fnode set size:10972342 disposed:false
88 silly fetch manifest mkdirp@^1.0.4
89 silly packumentCache full:https://registry.npmjs.org/mkdirp cache-miss
90 http cache https://registry.npmjs.org/@types%2fnode 127ms (cache hit)
91 silly packumentCache full:https://registry.npmjs.org/@types%2fnode set size:10972342 disposed:false
92 silly fetch manifest resolve@^1.0.0
93 silly packumentCache full:https://registry.npmjs.org/resolve cache-miss
94 http fetch GET 200 https://registry.npmjs.org/@types%2fms 348ms (cache revalidated)
95 silly packumentCache full:https://registry.npmjs.org/@types%2fms set size:24399 disposed:false
96 silly fetch manifest rimraf@^2.6.1
97 silly packumentCache full:https://registry.npmjs.org/rimraf cache-miss
98 http fetch GET https://registry.npmjs.org/@types%2fserve-static attempt 1 failed with ERR_SSL_SSL/TLS_ALERT_BAD_RECORD_MAC
99 http fetch GET 200 https://registry.npmjs.org/rimraf 206ms (cache revalidated)
100 silly packumentCache full:https://registry.npmjs.org/rimraf set size:212626 disposed:false
101 silly fetch manifest source-map-support@^0.5.12
102 silly packumentCache full:https://registry.npmjs.org/source-map-support cache-miss
103 http fetch GET 200 https://registry.npmjs.org/source-map-support 167ms (cache revalidated)
104 silly packumentCache full:https://registry.npmjs.org/source-map-support set size:125488 disposed:false
105 silly fetch manifest tree-kill@^1.2.2
106 silly packumentCache full:https://registry.npmjs.org/tree-kill cache-miss
107 http fetch GET 200 https://registry.npmjs.org/dynamic-dedupe 727ms (cache revalidated)
108 silly packumentCache full:https://registry.npmjs.org/dynamic-dedupe set size:10666 disposed:false
109 silly fetch manifest ts-node@^10.4.0
110 silly packumentCache full:https://registry.npmjs.org/ts-node cache-miss
111 http fetch GET 200 https://registry.npmjs.org/undici-types 730ms (cache revalidated)
112 silly packumentCache full:https://registry.npmjs.org/undici-types set size:204419 disposed:false
113 silly fetch manifest tsconfig@^7.0.0
114 silly packumentCache full:https://registry.npmjs.org/tsconfig cache-miss
115 http fetch GET 200 https://registry.npmjs.org/@types%2fexpress-serve-static-core 742ms (cache revalidated)
116 silly packumentCache full:https://registry.npmjs.org/@types%2fexpress-serve-static-core set size:264345 disposed:false
117 http fetch GET 200 https://registry.npmjs.org/@types%2fbody-parser 748ms (cache revalidated)
118 silly packumentCache full:https://registry.npmjs.org/@types%2fbody-parser set size:59466 disposed:false
119 http fetch GET 200 https://registry.npmjs.org/mkdirp 726ms (cache revalidated)
120 silly packumentCache full:https://registry.npmjs.org/mkdirp set size:116455 disposed:false
121 http fetch GET 200 https://registry.npmjs.org/minimist 784ms (cache revalidated)
122 silly packumentCache full:https://registry.npmjs.org/minimist set size:77063 disposed:false
123 http fetch GET 200 https://registry.npmjs.org/resolve 677ms (cache revalidated)
124 silly packumentCache full:https://registry.npmjs.org/resolve set size:252941 disposed:false
125 http fetch GET 200 https://registry.npmjs.org/tree-kill 171ms (cache revalidated)
126 silly packumentCache full:https://registry.npmjs.org/tree-kill set size:24180 disposed:false
127 http fetch GET 200 https://registry.npmjs.org/tsconfig 167ms (cache revalidated)
128 silly packumentCache full:https://registry.npmjs.org/tsconfig set size:51634 disposed:false
129 http fetch GET 200 https://registry.npmjs.org/ts-node 172ms (cache revalidated)
130 silly packumentCache full:https://registry.npmjs.org/ts-node set size:574573 disposed:false
131 http fetch GET 200 https://registry.npmjs.org/@types%2fserve-static 10758ms (cache revalidated)
132 silly packumentCache full:https://registry.npmjs.org/@types%2fserve-static set size:70859 disposed:false
133 silly placeDep ROOT @types/body-parser@1.19.6 OK for: @types/express@5.0.6 want: *
134 silly placeDep ROOT @types/express-serve-static-core@5.1.1 OK for: @types/express@5.0.6 want: ^5.0.0
135 silly placeDep ROOT @types/serve-static@2.2.0 OK for: @types/express@5.0.6 want: ^2
136 silly fetch manifest @types/connect@*
137 silly packumentCache full:https://registry.npmjs.org/@types%2fconnect cache-miss
138 silly fetch manifest @types/qs@*
139 silly packumentCache full:https://registry.npmjs.org/@types%2fqs cache-miss
140 silly fetch manifest @types/send@*
141 silly packumentCache full:https://registry.npmjs.org/@types%2fsend cache-miss
142 silly fetch manifest @types/range-parser@*
143 silly packumentCache full:https://registry.npmjs.org/@types%2frange-parser cache-miss
144 silly fetch manifest @types/http-errors@*
145 silly packumentCache full:https://registry.npmjs.org/@types%2fhttp-errors cache-miss
146 http fetch GET 200 https://registry.npmjs.org/@types%2fhttp-errors 264ms (cache revalidated)
147 silly packumentCache full:https://registry.npmjs.org/@types%2fhttp-errors set size:48994 disposed:false
148 http fetch GET 200 https://registry.npmjs.org/@types%2fqs 267ms (cache revalidated)
149 silly packumentCache full:https://registry.npmjs.org/@types%2fqs set size:82355 disposed:false
150 http fetch GET 200 https://registry.npmjs.org/@types%2fsend 267ms (cache revalidated)
151 silly packumentCache full:https://registry.npmjs.org/@types%2fsend set size:29985 disposed:false
152 http fetch GET 200 https://registry.npmjs.org/@types%2fconnect 268ms (cache revalidated)
153 silly packumentCache full:https://registry.npmjs.org/@types%2fconnect set size:31512 disposed:false
154 http fetch GET 200 https://registry.npmjs.org/@types%2frange-parser 267ms (cache revalidated)
155 silly packumentCache full:https://registry.npmjs.org/@types%2frange-parser set size:15278 disposed:false
156 silly placeDep ROOT @types/connect@3.4.38 OK for: @types/body-parser@1.19.6 want: *
157 silly placeDep ROOT @types/qs@6.15.0 OK for: @types/express-serve-static-core@5.1.1 want: *
158 silly placeDep ROOT @types/range-parser@1.2.7 OK for: @types/express-serve-static-core@5.1.1 want: *
159 silly placeDep ROOT @types/send@1.2.1 OK for: @types/express-serve-static-core@5.1.1 want: *
160 silly placeDep ROOT @types/ms@2.1.0 OK for: @types/jsonwebtoken@9.0.10 want: *
161 silly placeDep ROOT undici-types@6.21.0 OK for: @types/node@22.19.17 want: ~6.21.0
162 silly placeDep ROOT @types/http-errors@2.0.5 OK for: @types/serve-static@2.2.0 want: *
163 silly fetch manifest @swc/core@>=1.2.50
164 silly packumentCache full:https://registry.npmjs.org/@swc%2fcore cache-miss
165 http fetch GET 200 https://registry.npmjs.org/@swc%2fcore 220ms (cache revalidated)
166 silly packumentCache full:https://registry.npmjs.org/@swc%2fcore set size:3969815 disposed:false
167 silly fetch manifest @swc/helpers@>=0.5.17
168 silly packumentCache full:https://registry.npmjs.org/@swc%2fhelpers cache-miss
169 http fetch GET 200 https://registry.npmjs.org/@swc%2fhelpers 192ms (cache revalidated)
170 silly packumentCache full:https://registry.npmjs.org/@swc%2fhelpers set size:726705 disposed:false
171 silly fetch manifest @swc/wasm@>=1.2.50
172 silly packumentCache full:https://registry.npmjs.org/@swc%2fwasm cache-miss
173 http fetch GET 200 https://registry.npmjs.org/@swc%2fwasm 185ms (cache revalidated)
174 silly packumentCache full:https://registry.npmjs.org/@swc%2fwasm set size:1333109 disposed:false
175 silly fetch manifest typescript@*
176 silly packumentCache full:https://registry.npmjs.org/typescript cache-miss
177 http cache https://registry.npmjs.org/typescript 23ms (cache hit)
178 silly packumentCache full:https://registry.npmjs.org/typescript set size:15399465 disposed:false
179 silly placeDep ROOT dynamic-dedupe@0.3.0 OK for: ts-node-dev@2.0.0 want: ^0.3.0
180 silly placeDep ROOT minimist@1.2.8 OK for: ts-node-dev@2.0.0 want: ^1.2.6
181 silly placeDep ROOT mkdirp@1.0.4 OK for: ts-node-dev@2.0.0 want: ^1.0.4
182 silly placeDep ROOT resolve@1.22.12 OK for: ts-node-dev@2.0.0 want: ^1.0.0
183 silly placeDep ROOT rimraf@2.7.1 OK for: ts-node-dev@2.0.0 want: ^2.6.1
184 silly placeDep ROOT source-map-support@0.5.21 OK for: ts-node-dev@2.0.0 want: ^0.5.12
185 silly placeDep ROOT tree-kill@1.2.2 OK for: ts-node-dev@2.0.0 want: ^1.2.2
186 silly placeDep ROOT ts-node@10.9.2 OK for: ts-node-dev@2.0.0 want: ^10.4.0
187 silly placeDep ROOT tsconfig@7.0.0 OK for: ts-node-dev@2.0.0 want: ^7.0.0
188 silly fetch manifest xtend@^4.0.0
189 silly packumentCache full:https://registry.npmjs.org/xtend cache-miss
190 silly fetch manifest is-core-module@^2.16.1
191 silly packumentCache full:https://registry.npmjs.org/is-core-module cache-miss
192 silly fetch manifest path-parse@^1.0.7
193 silly packumentCache full:https://registry.npmjs.org/path-parse cache-miss
194 silly fetch manifest supports-preserve-symlinks-flag@^1.0.0
195 silly packumentCache full:https://registry.npmjs.org/supports-preserve-symlinks-flag cache-miss
196 silly fetch manifest glob@^7.1.3
197 silly packumentCache full:https://registry.npmjs.org/glob cache-miss
198 silly fetch manifest source-map@^0.6.0
199 silly packumentCache full:https://registry.npmjs.org/source-map cache-miss
200 silly fetch manifest yn@3.1.1
201 silly packumentCache full:https://registry.npmjs.org/yn cache-miss
202 silly fetch manifest arg@^4.1.0
203 silly packumentCache full:https://registry.npmjs.org/arg cache-miss
204 silly fetch manifest diff@^4.0.1
205 silly packumentCache full:https://registry.npmjs.org/diff cache-miss
206 http fetch GET 200 https://registry.npmjs.org/yn 318ms (cache revalidated)
207 silly packumentCache full:https://registry.npmjs.org/yn set size:23572 disposed:false
208 silly fetch manifest acorn@^8.4.1
209 silly packumentCache full:https://registry.npmjs.org/acorn cache-miss
210 http fetch GET 200 https://registry.npmjs.org/is-core-module 325ms (cache revalidated)
211 silly packumentCache full:https://registry.npmjs.org/is-core-module set size:71788 disposed:false
212 silly fetch manifest acorn-walk@^8.1.1
213 silly packumentCache full:https://registry.npmjs.org/acorn-walk cache-miss
214 http fetch GET 200 https://registry.npmjs.org/path-parse 326ms (cache revalidated)
215 silly packumentCache full:https://registry.npmjs.org/path-parse set size:14523 disposed:false
216 silly fetch manifest make-error@^1.1.1
217 silly packumentCache full:https://registry.npmjs.org/make-error cache-miss
218 http fetch GET 200 https://registry.npmjs.org/xtend 329ms (cache revalidated)
219 silly packumentCache full:https://registry.npmjs.org/xtend set size:28314 disposed:false
220 silly fetch manifest create-require@^1.1.0
221 silly packumentCache full:https://registry.npmjs.org/create-require cache-miss
222 http fetch GET 200 https://registry.npmjs.org/supports-preserve-symlinks-flag 332ms (cache revalidated)
223 silly packumentCache full:https://registry.npmjs.org/supports-preserve-symlinks-flag set size:6802 disposed:false
224 silly fetch manifest @tsconfig/node10@^1.0.7
225 silly packumentCache full:https://registry.npmjs.org/@tsconfig%2fnode10 cache-miss
226 http fetch GET 200 https://registry.npmjs.org/glob 336ms (cache revalidated)
227 silly packumentCache full:https://registry.npmjs.org/glob set size:469465 disposed:false
228 silly fetch manifest @tsconfig/node12@^1.0.7
229 silly packumentCache full:https://registry.npmjs.org/@tsconfig%2fnode12 cache-miss
230 http fetch GET 200 https://registry.npmjs.org/arg 355ms (cache revalidated)
231 silly packumentCache full:https://registry.npmjs.org/arg set size:67036 disposed:false
232 silly fetch manifest @tsconfig/node14@^1.0.0
233 silly packumentCache full:https://registry.npmjs.org/@tsconfig%2fnode14 cache-miss
234 http fetch GET 200 https://registry.npmjs.org/source-map 358ms (cache revalidated)
235 silly packumentCache full:https://registry.npmjs.org/source-map set size:226141 disposed:false
236 silly fetch manifest @tsconfig/node16@^1.0.2
237 silly packumentCache full:https://registry.npmjs.org/@tsconfig%2fnode16 cache-miss
238 http fetch GET 200 https://registry.npmjs.org/acorn 187ms (cache revalidated)
239 silly packumentCache full:https://registry.npmjs.org/acorn set size:379626 disposed:false
240 silly fetch manifest v8-compile-cache-lib@^3.0.1
241 silly packumentCache full:https://registry.npmjs.org/v8-compile-cache-lib cache-miss
242 http fetch GET 200 https://registry.npmjs.org/acorn-walk 190ms (cache revalidated)
243 silly packumentCache full:https://registry.npmjs.org/acorn-walk set size:49813 disposed:false
244 silly fetch manifest @cspotcode/source-map-support@^0.8.0
245 silly packumentCache full:https://registry.npmjs.org/@cspotcode%2fsource-map-support cache-miss
246 http fetch GET 200 https://registry.npmjs.org/make-error 202ms (cache revalidated)
247 silly packumentCache full:https://registry.npmjs.org/make-error set size:45218 disposed:false
248 silly fetch manifest @types/strip-bom@^3.0.0
249 silly packumentCache full:https://registry.npmjs.org/@types%2fstrip-bom cache-miss
250 http fetch GET 200 https://registry.npmjs.org/create-require 200ms (cache revalidated)
251 silly packumentCache full:https://registry.npmjs.org/create-require set size:20551 disposed:false
252 silly fetch manifest @types/strip-json-comments@0.0.30
253 silly packumentCache full:https://registry.npmjs.org/@types%2fstrip-json-comments cache-miss
254 http fetch GET 200 https://registry.npmjs.org/@tsconfig%2fnode10 198ms (cache revalidated)
255 silly packumentCache full:https://registry.npmjs.org/@tsconfig%2fnode10 set size:26787 disposed:false
256 silly fetch manifest strip-bom@^3.0.0
257 silly packumentCache full:https://registry.npmjs.org/strip-bom cache-miss
258 http fetch GET 200 https://registry.npmjs.org/@tsconfig%2fnode16 180ms (cache revalidated)
259 silly packumentCache full:https://registry.npmjs.org/@tsconfig%2fnode16 set size:25134 disposed:false
260 silly fetch manifest strip-json-comments@^2.0.0
261 silly packumentCache full:https://registry.npmjs.org/strip-json-comments cache-miss
262 http fetch GET 200 https://registry.npmjs.org/@tsconfig%2fnode12 190ms (cache revalidated)
263 silly packumentCache full:https://registry.npmjs.org/@tsconfig%2fnode12 set size:38731 disposed:false
264 http fetch GET 200 https://registry.npmjs.org/@tsconfig%2fnode14 188ms (cache revalidated)
265 silly packumentCache full:https://registry.npmjs.org/@tsconfig%2fnode14 set size:23863 disposed:false
266 http fetch GET 200 https://registry.npmjs.org/v8-compile-cache-lib 154ms (cache revalidated)
267 silly packumentCache full:https://registry.npmjs.org/v8-compile-cache-lib set size:8746 disposed:false
268 http fetch GET 200 https://registry.npmjs.org/@cspotcode%2fsource-map-support 161ms (cache revalidated)
269 silly packumentCache full:https://registry.npmjs.org/@cspotcode%2fsource-map-support set size:30214 disposed:false
270 http fetch GET 200 https://registry.npmjs.org/@types%2fstrip-bom 188ms (cache revalidated)
271 silly packumentCache full:https://registry.npmjs.org/@types%2fstrip-bom set size:4415 disposed:false
272 http fetch GET 200 https://registry.npmjs.org/strip-bom 187ms (cache revalidated)
273 silly packumentCache full:https://registry.npmjs.org/strip-bom set size:19359 disposed:false
274 http fetch GET 200 https://registry.npmjs.org/strip-json-comments 180ms (cache revalidated)
275 silly packumentCache full:https://registry.npmjs.org/strip-json-comments set size:43569 disposed:false
276 http fetch GET 200 https://registry.npmjs.org/diff 763ms (cache revalidated)
277 silly packumentCache full:https://registry.npmjs.org/diff set size:150551 disposed:false
278 http fetch GET 200 https://registry.npmjs.org/@types%2fstrip-json-comments 309ms (cache revalidated)
279 silly packumentCache full:https://registry.npmjs.org/@types%2fstrip-json-comments set size:21409 disposed:false
280 silly placeDep ROOT xtend@4.0.2 OK for: dynamic-dedupe@0.3.0 want: ^4.0.0
281 silly placeDep ROOT is-core-module@2.16.1 OK for: resolve@1.22.12 want: ^2.16.1
282 silly placeDep ROOT path-parse@1.0.7 OK for: resolve@1.22.12 want: ^1.0.7
283 silly placeDep ROOT supports-preserve-symlinks-flag@1.0.0 OK for: resolve@1.22.12 want: ^1.0.0
284 silly placeDep ROOT glob@7.2.3 OK for: rimraf@2.7.1 want: ^7.1.3
285 silly fetch manifest inflight@^1.0.4
286 silly packumentCache full:https://registry.npmjs.org/inflight cache-miss
287 silly fetch manifest minimatch@^3.1.1
288 silly packumentCache full:https://registry.npmjs.org/minimatch cache-miss
289 silly fetch manifest fs.realpath@^1.0.0
290 silly packumentCache full:https://registry.npmjs.org/fs.realpath cache-miss
291 silly fetch manifest path-is-absolute@^1.0.0
292 silly packumentCache full:https://registry.npmjs.org/path-is-absolute cache-miss
293 http fetch GET 200 https://registry.npmjs.org/path-is-absolute 158ms (cache revalidated)
294 silly packumentCache full:https://registry.npmjs.org/path-is-absolute set size:8253 disposed:false
295 http fetch GET 200 https://registry.npmjs.org/minimatch 161ms (cache revalidated)
296 silly packumentCache full:https://registry.npmjs.org/minimatch set size:375282 disposed:false
297 http fetch GET 200 https://registry.npmjs.org/fs.realpath 174ms (cache revalidated)
298 silly packumentCache full:https://registry.npmjs.org/fs.realpath set size:4806 disposed:false
299 http fetch GET 200 https://registry.npmjs.org/inflight 180ms (cache revalidated)
300 silly packumentCache full:https://registry.npmjs.org/inflight set size:13140 disposed:false
301 silly placeDep ROOT fs.realpath@1.0.0 OK for: glob@7.2.3 want: ^1.0.0
302 silly placeDep ROOT inflight@1.0.6 OK for: glob@7.2.3 want: ^1.0.4
303 silly placeDep node_modules/glob minimatch@3.1.5 OK for: glob@7.2.3 want: ^3.1.1
304 silly placeDep ROOT path-is-absolute@1.0.1 OK for: glob@7.2.3 want: ^1.0.0
305 silly fetch manifest brace-expansion@^1.1.7
306 silly packumentCache full:https://registry.npmjs.org/brace-expansion cache-miss
307 http fetch GET 200 https://registry.npmjs.org/brace-expansion 161ms (cache revalidated)
308 silly packumentCache full:https://registry.npmjs.org/brace-expansion set size:65768 disposed:false
309 silly placeDep ROOT source-map@0.6.1 OK for: source-map-support@0.5.21 want: ^0.6.0
310 silly placeDep ROOT @cspotcode/source-map-support@0.8.1 OK for: ts-node@10.9.2 want: ^0.8.0
311 silly placeDep ROOT @tsconfig/node10@1.0.12 OK for: ts-node@10.9.2 want: ^1.0.7
312 silly placeDep ROOT @tsconfig/node12@1.0.11 OK for: ts-node@10.9.2 want: ^1.0.7
313 silly placeDep ROOT @tsconfig/node14@1.0.3 OK for: ts-node@10.9.2 want: ^1.0.0
314 silly placeDep ROOT @tsconfig/node16@1.0.4 OK for: ts-node@10.9.2 want: ^1.0.2
315 silly placeDep ROOT acorn@8.16.0 OK for: ts-node@10.9.2 want: ^8.4.1
316 silly placeDep ROOT acorn-walk@8.3.5 OK for: ts-node@10.9.2 want: ^8.1.1
317 silly placeDep ROOT arg@4.1.3 OK for: ts-node@10.9.2 want: ^4.1.0
318 silly placeDep ROOT create-require@1.1.1 OK for: ts-node@10.9.2 want: ^1.1.0
319 silly placeDep ROOT diff@4.0.4 OK for: ts-node@10.9.2 want: ^4.0.1
320 silly placeDep ROOT make-error@1.3.6 OK for: ts-node@10.9.2 want: ^1.1.1
321 silly placeDep ROOT v8-compile-cache-lib@3.0.1 OK for: ts-node@10.9.2 want: ^3.0.1
322 silly placeDep ROOT yn@3.1.1 OK for: ts-node@10.9.2 want: 3.1.1
323 silly fetch manifest @jridgewell/trace-mapping@0.3.9
324 silly packumentCache full:https://registry.npmjs.org/@jridgewell%2ftrace-mapping cache-miss
325 http fetch GET 200 https://registry.npmjs.org/@jridgewell%2ftrace-mapping 189ms (cache revalidated)
326 silly packumentCache full:https://registry.npmjs.org/@jridgewell%2ftrace-mapping set size:170909 disposed:false
327 silly placeDep ROOT @jridgewell/trace-mapping@0.3.9 OK for: @cspotcode/source-map-support@0.8.1 want: 0.3.9
328 silly fetch manifest @jridgewell/resolve-uri@^3.0.3
329 silly packumentCache full:https://registry.npmjs.org/@jridgewell%2fresolve-uri cache-miss
330 silly fetch manifest @jridgewell/sourcemap-codec@^1.4.10
331 silly packumentCache full:https://registry.npmjs.org/@jridgewell%2fsourcemap-codec cache-miss
332 http fetch GET 200 https://registry.npmjs.org/@jridgewell%2fresolve-uri 182ms (cache revalidated)
333 silly packumentCache full:https://registry.npmjs.org/@jridgewell%2fresolve-uri set size:57361 disposed:false
334 http fetch GET 200 https://registry.npmjs.org/@jridgewell%2fsourcemap-codec 190ms (cache revalidated)
335 silly packumentCache full:https://registry.npmjs.org/@jridgewell%2fsourcemap-codec set size:59275 disposed:false
336 silly placeDep ROOT @jridgewell/resolve-uri@3.1.2 OK for: @jridgewell/trace-mapping@0.3.9 want: ^3.0.3
337 silly placeDep ROOT @jridgewell/sourcemap-codec@1.5.5 OK for: @jridgewell/trace-mapping@0.3.9 want: ^1.4.10
338 silly placeDep ROOT @types/strip-bom@3.0.0 OK for: tsconfig@7.0.0 want: ^3.0.0
339 silly placeDep ROOT @types/strip-json-comments@0.0.30 OK for: tsconfig@7.0.0 want: 0.0.30
340 silly placeDep ROOT strip-bom@3.0.0 OK for: tsconfig@7.0.0 want: ^3.0.0
341 silly placeDep ROOT strip-json-comments@2.0.1 OK for: tsconfig@7.0.0 want: ^2.0.0
342 silly placeDep node_modules/glob brace-expansion@1.1.14 OK for: minimatch@3.1.5 want: ^1.1.7
343 silly fetch manifest concat-map@0.0.1
344 silly packumentCache full:https://registry.npmjs.org/concat-map cache-miss
345 silly fetch manifest balanced-match@^1.0.0
346 silly packumentCache full:https://registry.npmjs.org/balanced-match cache-miss
347 http fetch GET 200 https://registry.npmjs.org/balanced-match 168ms (cache revalidated)
348 silly packumentCache full:https://registry.npmjs.org/balanced-match set size:39082 disposed:false
349 http fetch GET 200 https://registry.npmjs.org/concat-map 175ms (cache revalidated)
350 silly packumentCache full:https://registry.npmjs.org/concat-map set size:9290 disposed:false
351 silly placeDep node_modules/glob balanced-match@1.0.2 OK for: brace-expansion@1.1.14 want: ^1.0.0
352 silly placeDep ROOT concat-map@0.0.1 OK for: brace-expansion@1.1.14 want: 0.0.1
353 silly reify moves {}
354 verbose stack Error: EACCES: permission denied, mkdir '/Users/mac/EcommerceAndBankingProject/node_modules/@types/bcryptjs'
354 verbose stack     at async mkdir (node:internal/fs/promises:856:10)
354 verbose stack     at async /opt/homebrew/lib/node_modules/npm/node_modules/@npmcli/arborist/lib/arborist/reify.js:572:20
354 verbose stack     at async Promise.allSettled (index 0)
354 verbose stack     at async #reifyPackages (/opt/homebrew/lib/node_modules/npm/node_modules/@npmcli/arborist/lib/arborist/reify.js:309:11)
354 verbose stack     at async Arborist.reify (/opt/homebrew/lib/node_modules/npm/node_modules/@npmcli/arborist/lib/arborist/reify.js:121:5)
354 verbose stack     at async Install.exec (/opt/homebrew/lib/node_modules/npm/lib/commands/install.js:152:5)
354 verbose stack     at async Npm.exec (/opt/homebrew/lib/node_modules/npm/lib/npm.js:209:9)
354 verbose stack     at async module.exports (/opt/homebrew/lib/node_modules/npm/lib/cli/entry.js:67:5)
355 error code EACCES
356 error syscall mkdir
357 error path /Users/mac/EcommerceAndBankingProject/node_modules/@types/bcryptjs
358 error errno -13
359 error Error: EACCES: permission denied, mkdir '/Users/mac/EcommerceAndBankingProject/node_modules/@types/bcryptjs'
359 error     at async mkdir (node:internal/fs/promises:856:10)
359 error     at async /opt/homebrew/lib/node_modules/npm/node_modules/@npmcli/arborist/lib/arborist/reify.js:572:20
359 error     at async Promise.allSettled (index 0)
359 error     at async #reifyPackages (/opt/homebrew/lib/node_modules/npm/node_modules/@npmcli/arborist/lib/arborist/reify.js:309:11)
359 error     at async Arborist.reify (/opt/homebrew/lib/node_modules/npm/node_modules/@npmcli/arborist/lib/arborist/reify.js:121:5)
359 error     at async Install.exec (/opt/homebrew/lib/node_modules/npm/lib/commands/install.js:152:5)
359 error     at async Npm.exec (/opt/homebrew/lib/node_modules/npm/lib/npm.js:209:9)
359 error     at async module.exports (/opt/homebrew/lib/node_modules/npm/lib/cli/entry.js:67:5) {
359 error   errno: -13,
359 error   code: 'EACCES',
359 error   syscall: 'mkdir',
359 error   path: '/Users/mac/EcommerceAndBankingProject/node_modules/@types/bcryptjs'
359 error }
360 error
360 error The operation was rejected by your operating system.
360 error It is likely you do not have the permissions to access this file as the current user
360 error
360 error If you believe this might be a permissions issue, please double-check the
360 error permissions of the file and its containing directories, or try running
360 error the command again as root/Administrator.
361 silly unfinished npm timer reify 1776053193345
362 silly unfinished npm timer reify:createSparse 1776053210164
363 verbose cwd /Users/mac/EcommerceAndBankingProject
364 verbose os Darwin 25.3.0
365 verbose node v25.8.1
366 verbose npm  v11.11.0
367 verbose exit -13
368 verbose code -13
369 error A complete log of this run can be found in: /Users/mac/EcommerceAndBankingProject/.npm-cache/_logs/2026-04-13T04_06_33_103Z-debug-0.log
