0 verbose cli /opt/homebrew/Cellar/node/25.8.1_1/bin/node /opt/homebrew/bin/npm
1 info using npm@11.11.0
2 info using node@v25.8.1
3 silly config load:file:/opt/homebrew/lib/node_modules/npm/npmrc
4 silly config load:file:/Users/mac/EcommerceAndBankingProject/.npmrc
5 silly config load:file:/Users/mac/.npmrc
6 silly config load:file:/opt/homebrew/etc/npmrc
7 verbose title npm audit fix
8 verbose argv "audit" "fix"
9 verbose logfile logs-max:10 dir:/Users/mac/EcommerceAndBankingProject/.npm-cache/_logs/2026-04-13T04_07_56_833Z-
10 verbose logfile /Users/mac/EcommerceAndBankingProject/.npm-cache/_logs/2026-04-13T04_07_56_833Z-debug-0.log
11 silly logfile start cleaning logs, removing 1 files
12 silly packumentCache heap:4496293888 maxSize:1124073472 maxEntrySize:562036736
13 silly logfile done cleaning log files
14 silly audit bulk request {
14 silly audit   '@cspotcode/source-map-support': [ '0.8.1' ],
14 silly audit   '@jridgewell/resolve-uri': [ '3.1.2' ],
14 silly audit   '@jridgewell/sourcemap-codec': [ '1.5.5' ],
14 silly audit   '@jridgewell/trace-mapping': [ '0.3.9' ],
14 silly audit   '@mongodb-js/saslprep': [ '1.4.6' ],
14 silly audit   '@tsconfig/node10': [ '1.0.12' ],
14 silly audit   '@tsconfig/node12': [ '1.0.11' ],
14 silly audit   '@tsconfig/node14': [ '1.0.3' ],
14 silly audit   '@tsconfig/node16': [ '1.0.4' ],
14 silly audit   '@types/bcryptjs': [ '2.4.6' ],
14 silly audit   '@types/body-parser': [ '1.19.6' ],
14 silly audit   '@types/connect': [ '3.4.38' ],
14 silly audit   '@types/cors': [ '2.8.19' ],
14 silly audit   '@types/express': [ '5.0.6' ],
14 silly audit   '@types/express-serve-static-core': [ '5.1.1' ],
14 silly audit   '@types/http-errors': [ '2.0.5' ],
14 silly audit   '@types/jsonwebtoken': [ '9.0.10' ],
14 silly audit   '@types/morgan': [ '1.9.10' ],
14 silly audit   '@types/ms': [ '2.1.0' ],
14 silly audit   '@types/multer': [ '1.4.13' ],
14 silly audit   '@types/node': [ '22.19.17' ],
14 silly audit   '@types/qs': [ '6.15.0' ],
14 silly audit   '@types/range-parser': [ '1.2.7' ],
14 silly audit   '@types/send': [ '1.2.1' ],
14 silly audit   '@types/serve-static': [ '2.2.0' ],
14 silly audit   '@types/strip-bom': [ '3.0.0' ],
14 silly audit   '@types/strip-json-comments': [ '0.0.30' ],
14 silly audit   '@types/webidl-conversions': [ '7.0.3' ],
14 silly audit   '@types/whatwg-url': [ '13.0.0' ],
14 silly audit   accepts: [ '2.0.0' ],
14 silly audit   acorn: [ '8.16.0' ],
14 silly audit   'acorn-walk': [ '8.3.5' ],
14 silly audit   anymatch: [ '3.1.3' ],
14 silly audit   'append-field': [ '1.0.0' ],
14 silly audit   arg: [ '4.1.3' ],
14 silly audit   'balanced-match': [ '4.0.4', '1.0.2' ],
14 silly audit   'basic-auth': [ '2.0.1' ],
14 silly audit   'safe-buffer': [ '5.1.2', '5.2.1' ],
14 silly audit   bcryptjs: [ '3.0.3' ],
14 silly audit   'binary-extensions': [ '2.3.0' ],
14 silly audit   'body-parser': [ '2.2.2' ],
14 silly audit   'brace-expansion': [ '5.0.4', '1.1.14' ],
14 silly audit   braces: [ '3.0.3' ],
14 silly audit   bson: [ '7.2.0' ],
14 silly audit   'buffer-equal-constant-time': [ '1.0.1' ],
14 silly audit   'buffer-from': [ '1.1.2' ],
14 silly audit   busboy: [ '1.6.0' ],
14 silly audit   bytes: [ '3.1.2' ],
14 silly audit   'call-bind-apply-helpers': [ '1.0.2' ],
14 silly audit   'call-bound': [ '1.0.4' ],
14 silly audit   chokidar: [ '3.6.0' ],
14 silly audit   cloudinary: [ '2.9.0' ],
14 silly audit   'concat-map': [ '0.0.1' ],
14 silly audit   'concat-stream': [ '2.0.0' ],
14 silly audit   'content-disposition': [ '1.0.1' ],
14 silly audit   'content-type': [ '1.0.5' ],
14 silly audit   cookie: [ '0.7.2' ],
14 silly audit   'cookie-signature': [ '1.2.2' ],
14 silly audit   cors: [ '2.8.6' ],
14 silly audit   'create-require': [ '1.1.1' ],
14 silly audit   debug: [ '4.4.3', '2.6.9' ],
14 silly audit   depd: [ '2.0.0' ],
14 silly audit   diff: [ '4.0.4' ],
14 silly audit   dotenv: [ '17.4.0' ],
14 silly audit   'dunder-proto': [ '1.0.1' ],
14 silly audit   'dynamic-dedupe': [ '0.3.0' ],
14 silly audit   'ecdsa-sig-formatter': [ '1.0.11' ],
14 silly audit   'ee-first': [ '1.1.1' ],
14 silly audit   encodeurl: [ '2.0.0' ],
14 silly audit   'es-define-property': [ '1.0.1' ],
14 silly audit   'es-errors': [ '1.3.0' ],
14 silly audit   'es-object-atoms': [ '1.1.1' ],
14 silly audit   'escape-html': [ '1.0.3' ],
14 silly audit   etag: [ '1.8.1' ],
14 silly audit   express: [ '5.2.1' ],
14 silly audit   'fill-range': [ '7.1.1' ],
14 silly audit   finalhandler: [ '2.1.1' ],
14 silly audit   forwarded: [ '0.2.0' ],
14 silly audit   fresh: [ '2.0.0' ],
14 silly audit   'fs.realpath': [ '1.0.0' ],
14 silly audit   fsevents: [ '2.3.3' ],
14 silly audit   'function-bind': [ '1.1.2' ],
14 silly audit   'get-intrinsic': [ '1.3.0' ],
14 silly audit   'get-proto': [ '1.0.1' ],
14 silly audit   glob: [ '7.2.3' ],
14 silly audit   'glob-parent': [ '5.1.2' ],
14 silly audit   minimatch: [ '3.1.5', '10.2.4' ],
14 silly audit   gopd: [ '1.2.0' ],
14 silly audit   'has-flag': [ '3.0.0' ],
14 silly audit   'has-symbols': [ '1.1.0' ],
14 silly audit   hasown: [ '2.0.2' ],
14 silly audit   'http-errors': [ '2.0.1' ],
14 silly audit   'iconv-lite': [ '0.7.2' ],
14 silly audit   'ignore-by-default': [ '1.0.1' ],
14 silly audit   inflight: [ '1.0.6' ],
14 silly audit   inherits: [ '2.0.4' ],
14 silly audit   'ipaddr.js': [ '1.9.1' ],
14 silly audit   'is-binary-path': [ '2.1.0' ],
14 silly audit   'is-core-module': [ '2.16.1' ],
14 silly audit   'is-extglob': [ '2.1.1' ],
14 silly audit   'is-glob': [ '4.0.3' ],
14 silly audit   'is-number': [ '7.0.0' ],
14 silly audit   'is-promise': [ '4.0.0' ],
14 silly audit   jsonwebtoken: [ '9.0.3' ],
14 silly audit   jwa: [ '2.0.1' ],
14 silly audit   jws: [ '4.0.1' ],
14 silly audit   kareem: [ '3.2.0' ],
14 silly audit   lodash: [ '4.18.1' ],
14 silly audit   'lodash.includes': [ '4.3.0' ],
14 silly audit   'lodash.isboolean': [ '3.0.3' ],
14 silly audit   'lodash.isinteger': [ '4.0.4' ],
14 silly audit   'lodash.isnumber': [ '3.0.3' ],
14 silly audit   'lodash.isplainobject': [ '4.0.6' ],
14 silly audit   'lodash.isstring': [ '4.0.1' ],
14 silly audit   'lodash.once': [ '4.1.1' ],
14 silly audit   'make-error': [ '1.3.6' ],
14 silly audit   'math-intrinsics': [ '1.1.0' ],
14 silly audit   'media-typer': [ '1.1.0', '0.3.0' ],
14 silly audit   'memory-pager': [ '1.5.0' ],
14 silly audit   'merge-descriptors': [ '2.0.0' ],
14 silly audit   'mime-db': [ '1.54.0', '1.52.0' ],
14 silly audit   'mime-types': [ '3.0.2', '2.1.35' ],
14 silly audit   minimist: [ '1.2.8' ],
14 silly audit   mkdirp: [ '1.0.4' ],
14 silly audit   mongodb: [ '7.1.0' ],
14 silly audit   'mongodb-connection-string-url': [ '7.0.1' ],
14 silly audit   mongoose: [ '9.3.0' ],
14 silly audit   morgan: [ '1.10.1' ],
14 silly audit   ms: [ '2.0.0', '2.1.3' ],
14 silly audit   'on-finished': [ '2.3.0', '2.4.1' ],
14 silly audit   mpath: [ '0.9.0' ],
14 silly audit   mquery: [ '6.0.0' ],
14 silly audit   multer: [ '2.1.1' ],
14 silly audit   'type-is': [ '1.6.18', '2.0.1' ],
14 silly audit   negotiator: [ '1.0.0' ],
14 silly audit   nodemon: [ '3.1.14' ],
14 silly audit   'normalize-path': [ '3.0.0' ],
14 silly audit   'object-assign': [ '4.1.1' ],
14 silly audit   'object-inspect': [ '1.13.4' ],
14 silly audit   'on-headers': [ '1.1.0' ],
14 silly audit   once: [ '1.4.0' ],
14 silly audit   parseurl: [ '1.3.3' ],
14 silly audit   'path-is-absolute': [ '1.0.1' ],
14 silly audit   'path-parse': [ '1.0.7' ],
14 silly audit   'path-to-regexp': [ '8.3.0' ],
14 silly audit   picomatch: [ '2.3.1' ],
14 silly audit   'proxy-addr': [ '2.0.7' ],
14 silly audit   'pstree.remy': [ '1.1.8' ],
14 silly audit   punycode: [ '2.3.1' ],
14 silly audit   qs: [ '6.15.0' ],
14 silly audit   'range-parser': [ '1.2.1' ],
14 silly audit   'raw-body': [ '3.0.2' ],
14 silly audit   'readable-stream': [ '3.6.2' ],
14 silly audit   readdirp: [ '3.6.0' ],
14 silly audit   resolve: [ '1.22.12' ],
14 silly audit   rimraf: [ '2.7.1' ],
14 silly audit   router: [ '2.2.0' ],
14 silly audit   'safer-buffer': [ '2.1.2' ],
14 silly audit   semver: [ '7.7.4' ],
14 silly audit   send: [ '1.2.1' ],
14 silly audit   'serve-static': [ '2.2.1' ],
14 silly audit   setprototypeof: [ '1.2.0' ],
14 silly audit   'side-channel': [ '1.1.0' ],
14 silly audit   'side-channel-list': [ '1.0.0' ],
14 silly audit   'side-channel-map': [ '1.0.1' ],
14 silly audit   'side-channel-weakmap': [ '1.0.2' ],
14 silly audit   sift: [ '17.1.3' ],
14 silly audit   'simple-update-notifier': [ '2.0.0' ],
14 silly audit   'source-map': [ '0.6.1' ],
14 silly audit   'source-map-support': [ '0.5.21' ],
14 silly audit   'sparse-bitfield': [ '3.0.3' ],
14 silly audit   statuses: [ '2.0.2' ],
14 silly audit   streamsearch: [ '1.1.0' ],
14 silly audit   string_decoder: [ '1.3.0' ],
14 silly audit   'strip-bom': [ '3.0.0' ],
14 silly audit   'strip-json-comments': [ '2.0.1' ],
14 silly audit   'supports-color': [ '5.5.0' ],
14 silly audit   'supports-preserve-symlinks-flag': [ '1.0.0' ],
14 silly audit   'to-regex-range': [ '5.0.1' ],
14 silly audit   toidentifier: [ '1.0.1' ],
14 silly audit   touch: [ '3.1.1' ],
14 silly audit   tr46: [ '5.1.1' ],
14 silly audit   'tree-kill': [ '1.2.2' ],
14 silly audit   'ts-node': [ '10.9.2' ],
14 silly audit   'ts-node-dev': [ '2.0.0' ],
14 silly audit   tsconfig: [ '7.0.0' ],
14 silly audit   typedarray: [ '0.0.6' ],
14 silly audit   typescript: [ '5.9.3' ],
14 silly audit   undefsafe: [ '2.0.5' ],
14 silly audit   'undici-types': [ '6.21.0' ],
14 silly audit   unpipe: [ '1.0.0' ],
14 silly audit   'util-deprecate': [ '1.0.2' ],
14 silly audit   'v8-compile-cache-lib': [ '3.0.1' ],
14 silly audit   vary: [ '1.1.2' ],
14 silly audit   'webidl-conversions': [ '7.0.0' ],
14 silly audit   'whatwg-url': [ '14.2.0' ],
14 silly audit   wrappy: [ '1.0.2' ],
14 silly audit   xtend: [ '4.0.2' ],
14 silly audit   yn: [ '3.1.1' ]
14 silly audit }
15 http fetch POST 200 https://registry.npmjs.org/-/npm/v1/security/advisories/bulk 1131ms
16 silly audit report {
16 silly audit report   'brace-expansion': [
16 silly audit report     {
16 silly audit report       id: 1115543,
16 silly audit report       url: 'https://github.com/advisories/GHSA-f886-m6hf-6m8v',
16 silly audit report       title: 'brace-expansion: Zero-step sequence causes process hang and memory exhaustion',
16 silly audit report       severity: 'moderate',
16 silly audit report       vulnerable_versions: '>=4.0.0 <5.0.5',
16 silly audit report       cwe: [Array],
16 silly audit report       cvss: [Object]
16 silly audit report     }
16 silly audit report   ],
16 silly audit report   'path-to-regexp': [
16 silly audit report     {
16 silly audit report       id: 1115573,
16 silly audit report       url: 'https://github.com/advisories/GHSA-j3q9-mxjg-w52f',
16 silly audit report       title: 'path-to-regexp vulnerable to Denial of Service via sequential optional groups',
16 silly audit report       severity: 'high',
16 silly audit report       vulnerable_versions: '>=8.0.0 <8.4.0',
16 silly audit report       cwe: [Array],
16 silly audit report       cvss: [Object]
16 silly audit report     },
16 silly audit report     {
16 silly audit report       id: 1115582,
16 silly audit report       url: 'https://github.com/advisories/GHSA-27v5-c462-wpq7',
16 silly audit report       title: 'path-to-regexp vulnerable to Regular Expression Denial of Service via multiple wildcards',
16 silly audit report       severity: 'moderate',
16 silly audit report       vulnerable_versions: '>=8.0.0 <8.4.0',
16 silly audit report       cwe: [Array],
16 silly audit report       cvss: [Object]
16 silly audit report     }
16 silly audit report   ],
16 silly audit report   picomatch: [
16 silly audit report     {
16 silly audit report       id: 1115549,
16 silly audit report       url: 'https://github.com/advisories/GHSA-3v7f-55p6-f55p',
16 silly audit report       title: 'Picomatch: Method Injection in POSIX Character Classes causes incorrect Glob Matching',
16 silly audit report       severity: 'moderate',
16 silly audit report       vulnerable_versions: '<2.3.2',
16 silly audit report       cwe: [Array],
16 silly audit report       cvss: [Object]
16 silly audit report     },
16 silly audit report     {
16 silly audit report       id: 1115552,
16 silly audit report       url: 'https://github.com/advisories/GHSA-c2c7-rcm5-vvqj',
16 silly audit report       title: 'Picomatch has a ReDoS vulnerability via extglob quantifiers',
16 silly audit report       severity: 'high',
16 silly audit report       vulnerable_versions: '<2.3.2',
16 silly audit report       cwe: [Array],
16 silly audit report       cvss: [Object]
16 silly audit report     }
16 silly audit report   ]
16 silly audit report }
17 silly packumentCache corgi:https://registry.npmjs.org/brace-expansion cache-miss
18 silly packumentCache corgi:https://registry.npmjs.org/path-to-regexp cache-miss
19 silly packumentCache corgi:https://registry.npmjs.org/picomatch cache-miss
20 http cache https://registry.npmjs.org/brace-expansion 17ms (cache hit)
21 silly packumentCache corgi:https://registry.npmjs.org/brace-expansion set size:22573 disposed:false
22 http cache https://registry.npmjs.org/picomatch 17ms (cache hit)
23 silly packumentCache corgi:https://registry.npmjs.org/picomatch set size:44414 disposed:false
24 http fetch GET 200 https://registry.npmjs.org/path-to-regexp 217ms (cache miss)
25 silly packumentCache corgi:https://registry.npmjs.org/minimatch cache-miss
26 http cache https://registry.npmjs.org/minimatch 3ms (cache hit)
27 silly packumentCache corgi:https://registry.npmjs.org/minimatch set size:168441 disposed:false
28 silly packumentCache corgi:https://registry.npmjs.org/router cache-miss
29 http fetch GET 200 https://registry.npmjs.org/router 3088ms (cache miss)
30 silly packumentCache corgi:https://registry.npmjs.org/anymatch cache-miss
31 silly packumentCache corgi:https://registry.npmjs.org/readdirp cache-miss
32 http cache https://registry.npmjs.org/anymatch 6ms (cache hit)
33 silly packumentCache corgi:https://registry.npmjs.org/anymatch set size:18345 disposed:false
34 http cache https://registry.npmjs.org/readdirp 7ms (cache hit)
35 silly packumentCache corgi:https://registry.npmjs.org/readdirp set size:47123 disposed:false
36 silly packumentCache corgi:https://registry.npmjs.org/express cache-miss
37 http fetch GET 200 https://registry.npmjs.org/express 2996ms (cache miss)
38 silly packumentCache corgi:https://registry.npmjs.org/express set size:undefined disposed:false
39 silly idealTree buildDeps
40 silly fetch manifest express@^5.2.1
41 silly packumentCache full:https://registry.npmjs.org/express cache-miss
42 http fetch GET 200 https://registry.npmjs.org/express 719ms (cache miss)
43 silly packumentCache full:https://registry.npmjs.org/express set size:undefined disposed:false
44 silly placeDep ROOT express@5.2.1 KEEP for: simple-crud-app@1.0.0 want: ^5.2.1
45 silly fetch manifest picomatch@^2.0.4
46 silly packumentCache full:https://registry.npmjs.org/picomatch cache-miss
47 http fetch GET 200 https://registry.npmjs.org/picomatch 169ms (cache revalidated)
48 silly packumentCache full:https://registry.npmjs.org/picomatch set size:126376 disposed:false
49 silly placeDep ROOT picomatch@2.3.2 REPLACE for: anymatch@3.1.3 want: ^2.0.4
50 silly fetch manifest router@^2.2.0
51 silly packumentCache full:https://registry.npmjs.org/router cache-miss
52 http fetch GET 200 https://registry.npmjs.org/router 3940ms (cache miss)
53 silly placeDep node_modules/express router@ OK for: express@5.2.1 want: ^2.2.0
54 silly fetch manifest brace-expansion@^5.0.2
55 silly packumentCache full:https://registry.npmjs.org/brace-expansion cache-miss
56 http cache https://registry.npmjs.org/brace-expansion 4ms (cache hit)
57 silly packumentCache full:https://registry.npmjs.org/brace-expansion set size:65768 disposed:false
58 silly placeDep ROOT brace-expansion@5.0.5 REPLACE for: minimatch@10.2.4 want: ^5.0.2
59 silly fetch manifest path-to-regexp@^8.0.0
60 silly packumentCache full:https://registry.npmjs.org/path-to-regexp cache-miss
61 http fetch GET 200 https://registry.npmjs.org/path-to-regexp 229ms (cache miss)
62 silly placeDep node_modules/router path-to-regexp@ OK for: router@2.2.0 want: ^8.0.0
63 verbose FetchError: Invalid response body while trying to fetch https://registry.npmjs.org/router: EACCES: permission denied, open '/Users/mac/EcommerceAndBankingProject/.npm-cache/_cacache/index-v5/71/4d/5b0338e05514c5895eb53603a1cdb6086d2e3806f59dff8152644474e711'
    at /opt/homebrew/lib/node_modules/npm/node_modules/minipass-fetch/lib/body.js:174:15
    at async Response.json (/opt/homebrew/lib/node_modules/npm/node_modules/minipass-fetch/lib/body.js:75:17)
    at async RegistryFetcher.packument (/opt/homebrew/lib/node_modules/npm/node_modules/pacote/lib/registry.js:98:25)
    at async RegistryFetcher.manifest (/opt/homebrew/lib/node_modules/npm/node_modules/pacote/lib/registry.js:128:23)
    at async #fetchManifest (/opt/homebrew/lib/node_modules/npm/node_modules/@npmcli/arborist/lib/arborist/build-ideal-tree.js:1227:20)
    at async #nodeFromEdge (/opt/homebrew/lib/node_modules/npm/node_modules/@npmcli/arborist/lib/arborist/build-ideal-tree.js:1061:19)
    at async #buildDepStep (/opt/homebrew/lib/node_modules/npm/node_modules/@npmcli/arborist/lib/arborist/build-ideal-tree.js:917:11)
    at async Arborist.buildIdealTree (/opt/homebrew/lib/node_modules/npm/node_modules/@npmcli/arborist/lib/arborist/build-ideal-tree.js:170:7)
    at async Promise.all (index 1)
    at async Arborist.reify (/opt/homebrew/lib/node_modules/npm/node_modules/@npmcli/arborist/lib/arborist/reify.js:110:5)
64 verbose type system
65 verbose stack FetchError: Invalid response body while trying to fetch https://registry.npmjs.org/router: EACCES: permission denied, open '/Users/mac/EcommerceAndBankingProject/.npm-cache/_cacache/index-v5/71/4d/5b0338e05514c5895eb53603a1cdb6086d2e3806f59dff8152644474e711'
65 verbose stack     at /opt/homebrew/lib/node_modules/npm/node_modules/minipass-fetch/lib/body.js:174:15
65 verbose stack     at async Response.json (/opt/homebrew/lib/node_modules/npm/node_modules/minipass-fetch/lib/body.js:75:17)
65 verbose stack     at async RegistryFetcher.packument (/opt/homebrew/lib/node_modules/npm/node_modules/pacote/lib/registry.js:98:25)
65 verbose stack     at async RegistryFetcher.manifest (/opt/homebrew/lib/node_modules/npm/node_modules/pacote/lib/registry.js:128:23)
65 verbose stack     at async #fetchManifest (/opt/homebrew/lib/node_modules/npm/node_modules/@npmcli/arborist/lib/arborist/build-ideal-tree.js:1227:20)
65 verbose stack     at async #nodeFromEdge (/opt/homebrew/lib/node_modules/npm/node_modules/@npmcli/arborist/lib/arborist/build-ideal-tree.js:1061:19)
65 verbose stack     at async #buildDepStep (/opt/homebrew/lib/node_modules/npm/node_modules/@npmcli/arborist/lib/arborist/build-ideal-tree.js:917:11)
65 verbose stack     at async Arborist.buildIdealTree (/opt/homebrew/lib/node_modules/npm/node_modules/@npmcli/arborist/lib/arborist/build-ideal-tree.js:170:7)
65 verbose stack     at async Promise.all (index 1)
65 verbose stack     at async Arborist.reify (/opt/homebrew/lib/node_modules/npm/node_modules/@npmcli/arborist/lib/arborist/reify.js:110:5)
66 error code EACCES
67 error syscall open
68 error path /Users/mac/EcommerceAndBankingProject/.npm-cache/_cacache/index-v5/71/4d/5b0338e05514c5895eb53603a1cdb6086d2e3806f59dff8152644474e711
69 error errno EACCES
70 error
70 error Your cache folder contains root-owned files, due to a bug in
70 error previous versions of npm which has since been addressed.
70 error
70 error To permanently fix this problem, please run:
70 error   sudo chown -R 501:20 "/Users/mac/EcommerceAndBankingProject/.npm-cache"
71 silly unfinished npm timer reify 1776053284578
72 silly unfinished npm timer reify:loadTrees 1776053284578
73 verbose cwd /Users/mac/EcommerceAndBankingProject
74 verbose os Darwin 25.3.0
75 verbose node v25.8.1
76 verbose npm  v11.11.0
77 verbose exit 1
78 verbose code 1
79 error A complete log of this run can be found in: /Users/mac/EcommerceAndBankingProject/.npm-cache/_logs/2026-04-13T04_07_56_833Z-debug-0.log
