0 verbose cli /opt/homebrew/Cellar/node/25.8.1_1/bin/node /opt/homebrew/lib/node_modules/npm/bin/npm-cli.js
1 info using npm@11.11.0
2 info using node@v25.8.1
3 silly config load:file:/opt/homebrew/lib/node_modules/npm/npmrc
4 silly config load:file:/Users/mac/EcommerceAndBankingProject/.npmrc
5 silly config load:file:/Users/mac/.npmrc
6 silly config load:file:/opt/homebrew/etc/npmrc
7 verbose title npm exec ts-node-dev src/index.ts
8 verbose argv "exec" "--yes" "--" "ts-node-dev" "src/index.ts"
9 verbose logfile logs-max:10 dir:/Users/mac/EcommerceAndBankingProject/.npm-cache/_logs/2026-04-12T19_50_25_524Z-
10 verbose logfile /Users/mac/EcommerceAndBankingProject/.npm-cache/_logs/2026-04-12T19_50_25_524Z-debug-0.log
11 silly logfile start cleaning logs, removing 1 files
12 silly logfile done cleaning log files
13 silly packumentCache heap:4496293888 maxSize:1124073472 maxEntrySize:562036736
14 http fetch GET 200 https://registry.npmjs.org/ts-node-dev 1416ms (cache miss)
15 silly packumentCache heap:4496293888 maxSize:1124073472 maxEntrySize:562036736
16 silly packumentCache heap:4496293888 maxSize:1124073472 maxEntrySize:562036736
17 silly idealTree buildDeps
18 silly fetch manifest ts-node-dev@2.0.0
19 silly packumentCache full:https://registry.npmjs.org/ts-node-dev cache-miss
20 http cache https://registry.npmjs.org/ts-node-dev 3ms (cache hit)
21 silly packumentCache full:https://registry.npmjs.org/ts-node-dev set size:292560 disposed:false
22 silly fetch manifest node-notifier@*
23 silly packumentCache full:https://registry.npmjs.org/node-notifier cache-miss
24 http cache https://registry.npmjs.org/node-notifier 2ms (cache hit)
25 silly packumentCache full:https://registry.npmjs.org/node-notifier set size:171533 disposed:false
26 silly fetch manifest typescript@*
27 silly packumentCache full:https://registry.npmjs.org/typescript cache-miss
28 http cache https://registry.npmjs.org/typescript 16ms (cache hit)
29 silly packumentCache full:https://registry.npmjs.org/typescript set size:15399465 disposed:false
30 silly placeDep ROOT ts-node-dev@2.0.0 OK for:  want: 2.0.0
31 silly placeDep ROOT typescript@6.0.2 OK for: ts-node-dev@2.0.0 want: *
32 silly fetch manifest chokidar@^3.5.1
33 silly packumentCache full:https://registry.npmjs.org/chokidar cache-miss
34 silly fetch manifest dynamic-dedupe@^0.3.0
35 silly packumentCache full:https://registry.npmjs.org/dynamic-dedupe cache-miss
36 silly fetch manifest minimist@^1.2.6
37 silly packumentCache full:https://registry.npmjs.org/minimist cache-miss
38 silly fetch manifest mkdirp@^1.0.4
39 silly packumentCache full:https://registry.npmjs.org/mkdirp cache-miss
40 silly fetch manifest resolve@^1.0.0
41 silly packumentCache full:https://registry.npmjs.org/resolve cache-miss
42 silly fetch manifest rimraf@^2.6.1
43 silly packumentCache full:https://registry.npmjs.org/rimraf cache-miss
44 silly fetch manifest source-map-support@^0.5.12
45 silly packumentCache full:https://registry.npmjs.org/source-map-support cache-miss
46 silly fetch manifest tree-kill@^1.2.2
47 silly packumentCache full:https://registry.npmjs.org/tree-kill cache-miss
48 silly fetch manifest ts-node@^10.4.0
49 silly packumentCache full:https://registry.npmjs.org/ts-node cache-miss
50 http cache https://registry.npmjs.org/mkdirp 9ms (cache hit)
51 silly packumentCache full:https://registry.npmjs.org/mkdirp set size:116455 disposed:false
52 silly fetch manifest tsconfig@^7.0.0
53 silly packumentCache full:https://registry.npmjs.org/tsconfig cache-miss
54 http cache https://registry.npmjs.org/source-map-support 10ms (cache hit)
55 silly packumentCache full:https://registry.npmjs.org/source-map-support set size:125488 disposed:false
56 http cache https://registry.npmjs.org/minimist 11ms (cache hit)
57 silly packumentCache full:https://registry.npmjs.org/minimist set size:77063 disposed:false
58 http cache https://registry.npmjs.org/resolve 12ms (cache hit)
59 silly packumentCache full:https://registry.npmjs.org/resolve set size:252941 disposed:false
60 http cache https://registry.npmjs.org/dynamic-dedupe 14ms (cache hit)
61 silly packumentCache full:https://registry.npmjs.org/dynamic-dedupe set size:10666 disposed:false
62 http cache https://registry.npmjs.org/tree-kill 10ms (cache hit)
63 silly packumentCache full:https://registry.npmjs.org/tree-kill set size:24180 disposed:false
64 http cache https://registry.npmjs.org/rimraf 14ms (cache hit)
65 silly packumentCache full:https://registry.npmjs.org/rimraf set size:212626 disposed:false
66 http cache https://registry.npmjs.org/ts-node 12ms (cache hit)
67 silly packumentCache full:https://registry.npmjs.org/ts-node set size:574573 disposed:false
68 http cache https://registry.npmjs.org/tsconfig 9ms (cache hit)
69 silly packumentCache full:https://registry.npmjs.org/tsconfig set size:51634 disposed:false
70 http fetch GET 200 https://registry.npmjs.org/chokidar 397ms (cache miss)
71 silly packumentCache full:https://registry.npmjs.org/chokidar set size:undefined disposed:false
72 silly fetch manifest @swc/core@>=1.2.50
73 silly packumentCache full:https://registry.npmjs.org/@swc%2fcore cache-miss
74 http cache https://registry.npmjs.org/@swc%2fcore 9ms (cache hit)
75 silly packumentCache full:https://registry.npmjs.org/@swc%2fcore set size:3969815 disposed:false
76 silly fetch manifest @swc/helpers@>=0.5.17
77 silly packumentCache full:https://registry.npmjs.org/@swc%2fhelpers cache-miss
78 http cache https://registry.npmjs.org/@swc%2fhelpers 3ms (cache hit)
79 silly packumentCache full:https://registry.npmjs.org/@swc%2fhelpers set size:726705 disposed:false
80 silly fetch manifest @swc/wasm@>=1.2.50
81 silly packumentCache full:https://registry.npmjs.org/@swc%2fwasm cache-miss
82 http cache https://registry.npmjs.org/@swc%2fwasm 3ms (cache hit)
83 silly packumentCache full:https://registry.npmjs.org/@swc%2fwasm set size:1333109 disposed:false
84 silly fetch manifest @types/node@*
85 silly packumentCache full:https://registry.npmjs.org/@types%2fnode cache-miss
86 http cache https://registry.npmjs.org/@types%2fnode 13ms (cache hit)
87 silly packumentCache full:https://registry.npmjs.org/@types%2fnode set size:10972342 disposed:false
88 silly placeDep ROOT chokidar@3.6.0 OK for: ts-node-dev@2.0.0 want: ^3.5.1
89 silly placeDep ROOT dynamic-dedupe@0.3.0 OK for: ts-node-dev@2.0.0 want: ^0.3.0
90 silly placeDep ROOT minimist@1.2.8 OK for: ts-node-dev@2.0.0 want: ^1.2.6
91 silly placeDep ROOT mkdirp@1.0.4 OK for: ts-node-dev@2.0.0 want: ^1.0.4
92 silly placeDep ROOT resolve@1.22.12 OK for: ts-node-dev@2.0.0 want: ^1.0.0
93 silly placeDep ROOT rimraf@2.7.1 OK for: ts-node-dev@2.0.0 want: ^2.6.1
94 silly placeDep ROOT source-map-support@0.5.21 OK for: ts-node-dev@2.0.0 want: ^0.5.12
95 silly placeDep ROOT tree-kill@1.2.2 OK for: ts-node-dev@2.0.0 want: ^1.2.2
96 silly placeDep ROOT ts-node@10.9.2 OK for: ts-node-dev@2.0.0 want: ^10.4.0
97 silly placeDep ROOT @types/node@25.6.0 OK for: ts-node@10.9.2 want: *
98 silly placeDep ROOT tsconfig@7.0.0 OK for: ts-node-dev@2.0.0 want: ^7.0.0
99 silly fetch manifest braces@~3.0.2
100 silly packumentCache full:https://registry.npmjs.org/braces cache-miss
101 silly fetch manifest is-glob@~4.0.1
102 silly packumentCache full:https://registry.npmjs.org/is-glob cache-miss
103 silly fetch manifest anymatch@~3.1.2
104 silly packumentCache full:https://registry.npmjs.org/anymatch cache-miss
105 silly fetch manifest readdirp@~3.6.0
106 silly packumentCache full:https://registry.npmjs.org/readdirp cache-miss
107 silly fetch manifest glob-parent@~5.1.2
108 silly packumentCache full:https://registry.npmjs.org/glob-parent cache-miss
109 silly fetch manifest is-binary-path@~2.1.0
110 silly packumentCache full:https://registry.npmjs.org/is-binary-path cache-miss
111 silly fetch manifest normalize-path@~3.0.0
112 silly packumentCache full:https://registry.npmjs.org/normalize-path cache-miss
113 silly fetch manifest fsevents@~2.3.2
114 silly packumentCache full:https://registry.npmjs.org/fsevents cache-miss
115 silly fetch manifest xtend@^4.0.0
116 silly packumentCache full:https://registry.npmjs.org/xtend cache-miss
117 http cache https://registry.npmjs.org/xtend 8ms (cache hit)
118 silly packumentCache full:https://registry.npmjs.org/xtend set size:28314 disposed:false
119 silly fetch manifest es-errors@^1.3.0
120 silly packumentCache full:https://registry.npmjs.org/es-errors cache-miss
121 http fetch GET 200 https://registry.npmjs.org/braces 288ms (cache miss)
122 silly packumentCache full:https://registry.npmjs.org/braces set size:undefined disposed:false
123 silly fetch manifest is-core-module@^2.16.1
124 silly packumentCache full:https://registry.npmjs.org/is-core-module cache-miss
125 http cache https://registry.npmjs.org/is-core-module 2ms (cache hit)
126 silly packumentCache full:https://registry.npmjs.org/is-core-module set size:71788 disposed:false
127 silly fetch manifest path-parse@^1.0.7
128 silly packumentCache full:https://registry.npmjs.org/path-parse cache-miss
129 http cache https://registry.npmjs.org/path-parse 2ms (cache hit)
130 silly packumentCache full:https://registry.npmjs.org/path-parse set size:14523 disposed:false
131 silly fetch manifest supports-preserve-symlinks-flag@^1.0.0
132 silly packumentCache full:https://registry.npmjs.org/supports-preserve-symlinks-flag cache-miss
133 http cache https://registry.npmjs.org/supports-preserve-symlinks-flag 2ms (cache hit)
134 silly packumentCache full:https://registry.npmjs.org/supports-preserve-symlinks-flag set size:6802 disposed:false
135 silly fetch manifest glob@^7.1.3
136 silly packumentCache full:https://registry.npmjs.org/glob cache-miss
137 http cache https://registry.npmjs.org/glob 3ms (cache hit)
138 silly packumentCache full:https://registry.npmjs.org/glob set size:469465 disposed:false
139 silly fetch manifest buffer-from@^1.0.0
140 silly packumentCache full:https://registry.npmjs.org/buffer-from cache-miss
141 http fetch GET 200 https://registry.npmjs.org/buffer-from 233ms (cache miss)
142 silly packumentCache full:https://registry.npmjs.org/buffer-from set size:undefined disposed:false
143 silly fetch manifest source-map@^0.6.0
144 silly packumentCache full:https://registry.npmjs.org/source-map cache-miss
145 http cache https://registry.npmjs.org/source-map 3ms (cache hit)
146 silly packumentCache full:https://registry.npmjs.org/source-map set size:226141 disposed:false
147 silly fetch manifest yn@3.1.1
148 silly packumentCache full:https://registry.npmjs.org/yn cache-miss
149 http cache https://registry.npmjs.org/yn 2ms (cache hit)
150 silly packumentCache full:https://registry.npmjs.org/yn set size:23572 disposed:false
151 silly fetch manifest arg@^4.1.0
152 silly packumentCache full:https://registry.npmjs.org/arg cache-miss
153 http cache https://registry.npmjs.org/arg 2ms (cache hit)
154 silly packumentCache full:https://registry.npmjs.org/arg set size:67036 disposed:false
155 silly fetch manifest diff@^4.0.1
156 silly packumentCache full:https://registry.npmjs.org/diff cache-miss
157 http cache https://registry.npmjs.org/diff 2ms (cache hit)
158 silly packumentCache full:https://registry.npmjs.org/diff set size:150551 disposed:false
159 silly fetch manifest acorn@^8.4.1
160 silly packumentCache full:https://registry.npmjs.org/acorn cache-miss
161 http cache https://registry.npmjs.org/acorn 2ms (cache hit)
162 silly packumentCache full:https://registry.npmjs.org/acorn set size:379626 disposed:false
163 silly fetch manifest acorn-walk@^8.1.1
164 silly packumentCache full:https://registry.npmjs.org/acorn-walk cache-miss
165 http cache https://registry.npmjs.org/acorn-walk 2ms (cache hit)
166 silly packumentCache full:https://registry.npmjs.org/acorn-walk set size:49813 disposed:false
167 silly fetch manifest make-error@^1.1.1
168 silly packumentCache full:https://registry.npmjs.org/make-error cache-miss
169 http cache https://registry.npmjs.org/make-error 1ms (cache hit)
170 silly packumentCache full:https://registry.npmjs.org/make-error set size:45218 disposed:false
171 silly fetch manifest create-require@^1.1.0
172 silly packumentCache full:https://registry.npmjs.org/create-require cache-miss
173 http cache https://registry.npmjs.org/create-require 2ms (cache hit)
174 silly packumentCache full:https://registry.npmjs.org/create-require set size:20551 disposed:false
175 silly fetch manifest @tsconfig/node10@^1.0.7
176 silly packumentCache full:https://registry.npmjs.org/@tsconfig%2fnode10 cache-miss
177 http cache https://registry.npmjs.org/@tsconfig%2fnode10 1ms (cache hit)
178 silly packumentCache full:https://registry.npmjs.org/@tsconfig%2fnode10 set size:26787 disposed:false
179 silly fetch manifest @tsconfig/node12@^1.0.7
180 silly packumentCache full:https://registry.npmjs.org/@tsconfig%2fnode12 cache-miss
181 http cache https://registry.npmjs.org/@tsconfig%2fnode12 1ms (cache hit)
182 silly packumentCache full:https://registry.npmjs.org/@tsconfig%2fnode12 set size:38731 disposed:false
183 silly fetch manifest @tsconfig/node14@^1.0.0
184 silly packumentCache full:https://registry.npmjs.org/@tsconfig%2fnode14 cache-miss
185 http cache https://registry.npmjs.org/@tsconfig%2fnode14 1ms (cache hit)
186 silly packumentCache full:https://registry.npmjs.org/@tsconfig%2fnode14 set size:23863 disposed:false
187 silly fetch manifest @tsconfig/node16@^1.0.2
188 silly packumentCache full:https://registry.npmjs.org/@tsconfig%2fnode16 cache-miss
189 http cache https://registry.npmjs.org/@tsconfig%2fnode16 1ms (cache hit)
190 silly packumentCache full:https://registry.npmjs.org/@tsconfig%2fnode16 set size:25134 disposed:false
191 silly fetch manifest v8-compile-cache-lib@^3.0.1
192 silly packumentCache full:https://registry.npmjs.org/v8-compile-cache-lib cache-miss
193 http cache https://registry.npmjs.org/v8-compile-cache-lib 1ms (cache hit)
194 silly packumentCache full:https://registry.npmjs.org/v8-compile-cache-lib set size:8746 disposed:false
195 silly fetch manifest @cspotcode/source-map-support@^0.8.0
196 silly packumentCache full:https://registry.npmjs.org/@cspotcode%2fsource-map-support cache-miss
197 http cache https://registry.npmjs.org/@cspotcode%2fsource-map-support 1ms (cache hit)
198 silly packumentCache full:https://registry.npmjs.org/@cspotcode%2fsource-map-support set size:30214 disposed:false
199 silly fetch manifest undici-types@~7.19.0
200 silly packumentCache full:https://registry.npmjs.org/undici-types cache-miss
201 http cache https://registry.npmjs.org/undici-types 2ms (cache hit)
202 silly packumentCache full:https://registry.npmjs.org/undici-types set size:204419 disposed:false
203 silly fetch manifest @types/strip-bom@^3.0.0
204 silly packumentCache full:https://registry.npmjs.org/@types%2fstrip-bom cache-miss
205 http cache https://registry.npmjs.org/@types%2fstrip-bom 2ms (cache hit)
206 silly packumentCache full:https://registry.npmjs.org/@types%2fstrip-bom set size:4415 disposed:false
207 silly fetch manifest @types/strip-json-comments@0.0.30
208 silly packumentCache full:https://registry.npmjs.org/@types%2fstrip-json-comments cache-miss
209 http cache https://registry.npmjs.org/@types%2fstrip-json-comments 1ms (cache hit)
210 silly packumentCache full:https://registry.npmjs.org/@types%2fstrip-json-comments set size:21409 disposed:false
211 silly fetch manifest strip-bom@^3.0.0
212 silly packumentCache full:https://registry.npmjs.org/strip-bom cache-miss
213 http cache https://registry.npmjs.org/strip-bom 1ms (cache hit)
214 silly packumentCache full:https://registry.npmjs.org/strip-bom set size:19359 disposed:false
215 silly fetch manifest strip-json-comments@^2.0.0
216 silly packumentCache full:https://registry.npmjs.org/strip-json-comments cache-miss
217 http cache https://registry.npmjs.org/strip-json-comments 1ms (cache hit)
218 silly packumentCache full:https://registry.npmjs.org/strip-json-comments set size:43569 disposed:false
219 http fetch GET 200 https://registry.npmjs.org/es-errors 1018ms (cache miss)
220 silly packumentCache full:https://registry.npmjs.org/es-errors set size:undefined disposed:false
221 http fetch GET 200 https://registry.npmjs.org/normalize-path 1028ms (cache miss)
222 silly packumentCache full:https://registry.npmjs.org/normalize-path set size:undefined disposed:false
223 http fetch GET 200 https://registry.npmjs.org/is-binary-path 1029ms (cache miss)
224 silly packumentCache full:https://registry.npmjs.org/is-binary-path set size:undefined disposed:false
225 http fetch GET 200 https://registry.npmjs.org/glob-parent 1030ms (cache miss)
226 silly packumentCache full:https://registry.npmjs.org/glob-parent set size:undefined disposed:false
227 http fetch GET 200 https://registry.npmjs.org/is-glob 1030ms (cache miss)
228 silly packumentCache full:https://registry.npmjs.org/is-glob set size:undefined disposed:false
229 http fetch GET 200 https://registry.npmjs.org/anymatch 1032ms (cache miss)
230 silly packumentCache full:https://registry.npmjs.org/anymatch set size:undefined disposed:false
231 http fetch GET 200 https://registry.npmjs.org/readdirp 1033ms (cache miss)
232 silly packumentCache full:https://registry.npmjs.org/readdirp set size:undefined disposed:false
233 http fetch GET 200 https://registry.npmjs.org/fsevents 1035ms (cache miss)
234 silly packumentCache full:https://registry.npmjs.org/fsevents set size:undefined disposed:false
235 silly placeDep ROOT undici-types@7.19.2 OK for: @types/node@25.6.0 want: ~7.19.0
236 silly placeDep ROOT anymatch@3.1.3 OK for: chokidar@3.6.0 want: ~3.1.2
237 silly placeDep ROOT braces@3.0.3 OK for: chokidar@3.6.0 want: ~3.0.2
238 silly placeDep ROOT fsevents@2.3.3 OK for: chokidar@3.6.0 want: ~2.3.2
239 silly placeDep ROOT glob-parent@5.1.2 OK for: chokidar@3.6.0 want: ~5.1.2
240 silly placeDep ROOT is-binary-path@2.1.0 OK for: chokidar@3.6.0 want: ~2.1.0
241 silly placeDep ROOT is-glob@4.0.3 OK for: chokidar@3.6.0 want: ~4.0.1
242 silly placeDep ROOT normalize-path@3.0.0 OK for: chokidar@3.6.0 want: ~3.0.0
243 silly placeDep ROOT readdirp@3.6.0 OK for: chokidar@3.6.0 want: ~3.6.0
244 silly fetch manifest picomatch@^2.0.4
245 silly packumentCache full:https://registry.npmjs.org/picomatch cache-miss
246 silly fetch manifest normalize-path@^3.0.0
247 silly packumentCache full:https://registry.npmjs.org/normalize-path cache-miss
248 silly fetch manifest fill-range@^7.1.1
249 silly packumentCache full:https://registry.npmjs.org/fill-range cache-miss
250 silly fetch manifest is-glob@^4.0.1
251 silly packumentCache full:https://registry.npmjs.org/is-glob cache-miss
252 silly fetch manifest binary-extensions@^2.0.0
253 silly packumentCache full:https://registry.npmjs.org/binary-extensions cache-miss
254 silly fetch manifest is-extglob@^2.1.1
255 silly packumentCache full:https://registry.npmjs.org/is-extglob cache-miss
256 silly fetch manifest picomatch@^2.2.1
257 silly packumentCache full:https://registry.npmjs.org/picomatch cache-miss
258 http cache https://registry.npmjs.org/normalize-path 6ms (cache hit)
259 silly packumentCache full:https://registry.npmjs.org/normalize-path set size:28713 disposed:false
260 http cache https://registry.npmjs.org/is-glob 5ms (cache hit)
261 silly packumentCache full:https://registry.npmjs.org/is-glob set size:40530 disposed:false
262 http fetch GET 200 https://registry.npmjs.org/is-extglob 213ms (cache miss)
263 silly packumentCache full:https://registry.npmjs.org/is-extglob set size:undefined disposed:false
264 http fetch GET 200 https://registry.npmjs.org/fill-range 248ms (cache miss)
265 silly packumentCache full:https://registry.npmjs.org/fill-range set size:undefined disposed:false
266 http fetch GET 200 https://registry.npmjs.org/binary-extensions 248ms (cache miss)
267 silly packumentCache full:https://registry.npmjs.org/binary-extensions set size:undefined disposed:false
268 http fetch GET 200 https://registry.npmjs.org/picomatch 261ms (cache miss)
269 silly packumentCache full:https://registry.npmjs.org/picomatch set size:undefined disposed:false
270 http fetch GET 200 https://registry.npmjs.org/picomatch 262ms (cache miss)
271 silly packumentCache full:https://registry.npmjs.org/picomatch set size:undefined disposed:false
272 silly placeDep ROOT picomatch@2.3.2 OK for: anymatch@3.1.3 want: ^2.0.4
273 silly placeDep ROOT fill-range@7.1.1 OK for: braces@3.0.3 want: ^7.1.1
274 silly fetch manifest to-regex-range@^5.0.1
275 silly packumentCache full:https://registry.npmjs.org/to-regex-range cache-miss
276 http fetch GET 200 https://registry.npmjs.org/to-regex-range 186ms (cache miss)
277 silly packumentCache full:https://registry.npmjs.org/to-regex-range set size:undefined disposed:false
278 silly placeDep ROOT xtend@4.0.2 OK for: dynamic-dedupe@0.3.0 want: ^4.0.0
279 silly placeDep ROOT to-regex-range@5.0.1 OK for: fill-range@7.1.1 want: ^5.0.1
280 silly fetch manifest is-number@^7.0.0
281 silly packumentCache full:https://registry.npmjs.org/is-number cache-miss
282 http fetch GET 200 https://registry.npmjs.org/is-number 246ms (cache miss)
283 silly packumentCache full:https://registry.npmjs.org/is-number set size:undefined disposed:false
284 silly placeDep ROOT binary-extensions@2.3.0 OK for: is-binary-path@2.1.0 want: ^2.0.0
285 silly placeDep ROOT is-extglob@2.1.1 OK for: is-glob@4.0.3 want: ^2.1.1
286 silly placeDep ROOT es-errors@1.3.0 OK for: resolve@1.22.12 want: ^1.3.0
287 silly placeDep ROOT is-core-module@2.16.1 OK for: resolve@1.22.12 want: ^2.16.1
288 silly placeDep ROOT path-parse@1.0.7 OK for: resolve@1.22.12 want: ^1.0.7
289 silly placeDep ROOT supports-preserve-symlinks-flag@1.0.0 OK for: resolve@1.22.12 want: ^1.0.0
290 silly fetch manifest hasown@^2.0.2
291 silly packumentCache full:https://registry.npmjs.org/hasown cache-miss
292 http fetch GET 200 https://registry.npmjs.org/hasown 225ms (cache miss)
293 silly packumentCache full:https://registry.npmjs.org/hasown set size:undefined disposed:false
294 silly placeDep ROOT hasown@2.0.2 OK for: is-core-module@2.16.1 want: ^2.0.2
295 silly fetch manifest function-bind@^1.1.2
296 silly packumentCache full:https://registry.npmjs.org/function-bind cache-miss
297 http fetch GET 200 https://registry.npmjs.org/function-bind 260ms (cache miss)
298 silly packumentCache full:https://registry.npmjs.org/function-bind set size:undefined disposed:false
299 silly placeDep ROOT function-bind@1.1.2 OK for: hasown@2.0.2 want: ^1.1.2
300 silly placeDep ROOT glob@7.2.3 OK for: rimraf@2.7.1 want: ^7.1.3
301 silly fetch manifest once@^1.3.0
302 silly packumentCache full:https://registry.npmjs.org/once cache-miss
303 silly fetch manifest inflight@^1.0.4
304 silly packumentCache full:https://registry.npmjs.org/inflight cache-miss
305 silly fetch manifest inherits@2
306 silly packumentCache full:https://registry.npmjs.org/inherits cache-miss
307 silly fetch manifest minimatch@^3.1.1
308 silly packumentCache full:https://registry.npmjs.org/minimatch cache-miss
309 silly fetch manifest fs.realpath@^1.0.0
310 silly packumentCache full:https://registry.npmjs.org/fs.realpath cache-miss
311 silly fetch manifest path-is-absolute@^1.0.0
312 silly packumentCache full:https://registry.npmjs.org/path-is-absolute cache-miss
313 http cache https://registry.npmjs.org/inflight 3ms (cache hit)
314 silly packumentCache full:https://registry.npmjs.org/inflight set size:13140 disposed:false
315 http cache https://registry.npmjs.org/minimatch 4ms (cache hit)
316 silly packumentCache full:https://registry.npmjs.org/minimatch set size:375282 disposed:false
317 http cache https://registry.npmjs.org/fs.realpath 8ms (cache hit)
318 silly packumentCache full:https://registry.npmjs.org/fs.realpath set size:4806 disposed:false
319 http cache https://registry.npmjs.org/path-is-absolute 8ms (cache hit)
320 silly packumentCache full:https://registry.npmjs.org/path-is-absolute set size:8253 disposed:false
321 http fetch GET 200 https://registry.npmjs.org/once 222ms (cache miss)
322 silly packumentCache full:https://registry.npmjs.org/once set size:undefined disposed:false
323 http fetch GET 200 https://registry.npmjs.org/inherits 224ms (cache miss)
324 silly packumentCache full:https://registry.npmjs.org/inherits set size:undefined disposed:false
325 silly placeDep ROOT fs.realpath@1.0.0 OK for: glob@7.2.3 want: ^1.0.0
326 silly placeDep ROOT inflight@1.0.6 OK for: glob@7.2.3 want: ^1.0.4
327 silly placeDep ROOT inherits@2.0.4 OK for: glob@7.2.3 want: 2
328 silly placeDep ROOT minimatch@3.1.5 OK for: glob@7.2.3 want: ^3.1.1
329 silly placeDep ROOT once@1.4.0 OK for: glob@7.2.3 want: ^1.3.0
330 silly placeDep ROOT path-is-absolute@1.0.1 OK for: glob@7.2.3 want: ^1.0.0
331 silly fetch manifest wrappy@1
332 silly packumentCache full:https://registry.npmjs.org/wrappy cache-miss
333 silly fetch manifest brace-expansion@^1.1.7
334 silly packumentCache full:https://registry.npmjs.org/brace-expansion cache-miss
335 silly fetch manifest wrappy@1
336 silly packumentCache full:https://registry.npmjs.org/wrappy cache-miss
337 http cache https://registry.npmjs.org/brace-expansion 4ms (cache hit)
338 silly packumentCache full:https://registry.npmjs.org/brace-expansion set size:65768 disposed:false
339 http fetch GET 200 https://registry.npmjs.org/wrappy 329ms (cache miss)
340 silly packumentCache full:https://registry.npmjs.org/wrappy set size:undefined disposed:false
341 http fetch GET 200 https://registry.npmjs.org/wrappy 331ms (cache miss)
342 silly packumentCache full:https://registry.npmjs.org/wrappy set size:undefined disposed:false
343 silly placeDep ROOT wrappy@1.0.2 OK for: inflight@1.0.6 want: 1
344 silly placeDep ROOT brace-expansion@1.1.14 OK for: minimatch@3.1.5 want: ^1.1.7
345 silly fetch manifest concat-map@0.0.1
346 silly packumentCache full:https://registry.npmjs.org/concat-map cache-miss
347 silly fetch manifest balanced-match@^1.0.0
348 silly packumentCache full:https://registry.npmjs.org/balanced-match cache-miss
349 http cache https://registry.npmjs.org/concat-map 3ms (cache hit)
350 silly packumentCache full:https://registry.npmjs.org/concat-map set size:9290 disposed:false
351 http cache https://registry.npmjs.org/balanced-match 3ms (cache hit)
352 silly packumentCache full:https://registry.npmjs.org/balanced-match set size:39082 disposed:false
353 silly placeDep ROOT balanced-match@1.0.2 OK for: brace-expansion@1.1.14 want: ^1.0.0
354 silly placeDep ROOT concat-map@0.0.1 OK for: brace-expansion@1.1.14 want: 0.0.1
355 silly placeDep ROOT buffer-from@1.1.2 OK for: source-map-support@0.5.21 want: ^1.0.0
356 silly placeDep ROOT source-map@0.6.1 OK for: source-map-support@0.5.21 want: ^0.6.0
357 silly placeDep ROOT is-number@7.0.0 OK for: to-regex-range@5.0.1 want: ^7.0.0
358 silly placeDep ROOT @cspotcode/source-map-support@0.8.1 OK for: ts-node@10.9.2 want: ^0.8.0
359 silly placeDep ROOT @tsconfig/node10@1.0.12 OK for: ts-node@10.9.2 want: ^1.0.7
360 silly placeDep ROOT @tsconfig/node12@1.0.11 OK for: ts-node@10.9.2 want: ^1.0.7
361 silly placeDep ROOT @tsconfig/node14@1.0.3 OK for: ts-node@10.9.2 want: ^1.0.0
362 silly placeDep ROOT @tsconfig/node16@1.0.4 OK for: ts-node@10.9.2 want: ^1.0.2
363 silly placeDep ROOT acorn@8.16.0 OK for: ts-node@10.9.2 want: ^8.4.1
364 silly placeDep ROOT acorn-walk@8.3.5 OK for: ts-node@10.9.2 want: ^8.1.1
365 silly placeDep ROOT arg@4.1.3 OK for: ts-node@10.9.2 want: ^4.1.0
366 silly placeDep ROOT create-require@1.1.1 OK for: ts-node@10.9.2 want: ^1.1.0
367 silly placeDep ROOT diff@4.0.4 OK for: ts-node@10.9.2 want: ^4.0.1
368 silly placeDep ROOT make-error@1.3.6 OK for: ts-node@10.9.2 want: ^1.1.1
369 silly placeDep ROOT v8-compile-cache-lib@3.0.1 OK for: ts-node@10.9.2 want: ^3.0.1
370 silly placeDep ROOT yn@3.1.1 OK for: ts-node@10.9.2 want: 3.1.1
371 silly fetch manifest @jridgewell/trace-mapping@0.3.9
372 silly packumentCache full:https://registry.npmjs.org/@jridgewell%2ftrace-mapping cache-miss
373 http cache https://registry.npmjs.org/@jridgewell%2ftrace-mapping 3ms (cache hit)
374 silly packumentCache full:https://registry.npmjs.org/@jridgewell%2ftrace-mapping set size:170909 disposed:false
375 silly placeDep ROOT @jridgewell/trace-mapping@0.3.9 OK for: @cspotcode/source-map-support@0.8.1 want: 0.3.9
376 silly fetch manifest @jridgewell/resolve-uri@^3.0.3
377 silly packumentCache full:https://registry.npmjs.org/@jridgewell%2fresolve-uri cache-miss
378 silly fetch manifest @jridgewell/sourcemap-codec@^1.4.10
379 silly packumentCache full:https://registry.npmjs.org/@jridgewell%2fsourcemap-codec cache-miss
380 http cache https://registry.npmjs.org/@jridgewell%2fsourcemap-codec 8ms (cache hit)
381 silly packumentCache full:https://registry.npmjs.org/@jridgewell%2fsourcemap-codec set size:59275 disposed:false
382 http cache https://registry.npmjs.org/@jridgewell%2fresolve-uri 9ms (cache hit)
383 silly packumentCache full:https://registry.npmjs.org/@jridgewell%2fresolve-uri set size:57361 disposed:false
384 silly placeDep ROOT @jridgewell/resolve-uri@3.1.2 OK for: @jridgewell/trace-mapping@0.3.9 want: ^3.0.3
385 silly placeDep ROOT @jridgewell/sourcemap-codec@1.5.5 OK for: @jridgewell/trace-mapping@0.3.9 want: ^1.4.10
386 silly placeDep ROOT @types/strip-bom@3.0.0 OK for: tsconfig@7.0.0 want: ^3.0.0
387 silly placeDep ROOT @types/strip-json-comments@0.0.30 OK for: tsconfig@7.0.0 want: 0.0.30
388 silly placeDep ROOT strip-bom@3.0.0 OK for: tsconfig@7.0.0 want: ^3.0.0
389 silly placeDep ROOT strip-json-comments@2.0.1 OK for: tsconfig@7.0.0 want: ^2.0.0
390 silly reify moves {}
391 silly audit bulk request {
391 silly audit   'ts-node-dev': [ '2.0.0' ],
391 silly audit   typescript: [ '6.0.2' ],
391 silly audit   chokidar: [ '3.6.0' ],
391 silly audit   'dynamic-dedupe': [ '0.3.0' ],
391 silly audit   minimist: [ '1.2.8' ],
391 silly audit   mkdirp: [ '1.0.4' ],
391 silly audit   resolve: [ '1.22.12' ],
391 silly audit   rimraf: [ '2.7.1' ],
391 silly audit   'source-map-support': [ '0.5.21' ],
391 silly audit   'tree-kill': [ '1.2.2' ],
391 silly audit   'ts-node': [ '10.9.2' ],
391 silly audit   '@types/node': [ '25.6.0' ],
391 silly audit   tsconfig: [ '7.0.0' ],
391 silly audit   'undici-types': [ '7.19.2' ],
391 silly audit   anymatch: [ '3.1.3' ],
391 silly audit   braces: [ '3.0.3' ],
391 silly audit   fsevents: [ '2.3.3' ],
391 silly audit   'glob-parent': [ '5.1.2' ],
391 silly audit   'is-binary-path': [ '2.1.0' ],
391 silly audit   'is-glob': [ '4.0.3' ],
391 silly audit   'normalize-path': [ '3.0.0' ],
391 silly audit   readdirp: [ '3.6.0' ],
391 silly audit   picomatch: [ '2.3.2' ],
391 silly audit   'fill-range': [ '7.1.1' ],
391 silly audit   xtend: [ '4.0.2' ],
391 silly audit   'to-regex-range': [ '5.0.1' ],
391 silly audit   'binary-extensions': [ '2.3.0' ],
391 silly audit   'is-extglob': [ '2.1.1' ],
391 silly audit   'es-errors': [ '1.3.0' ],
391 silly audit   'is-core-module': [ '2.16.1' ],
391 silly audit   'path-parse': [ '1.0.7' ],
391 silly audit   'supports-preserve-symlinks-flag': [ '1.0.0' ],
391 silly audit   hasown: [ '2.0.2' ],
391 silly audit   'function-bind': [ '1.1.2' ],
391 silly audit   glob: [ '7.2.3' ],
391 silly audit   'fs.realpath': [ '1.0.0' ],
391 silly audit   inflight: [ '1.0.6' ],
391 silly audit   inherits: [ '2.0.4' ],
391 silly audit   minimatch: [ '3.1.5' ],
391 silly audit   once: [ '1.4.0' ],
391 silly audit   'path-is-absolute': [ '1.0.1' ],
391 silly audit   wrappy: [ '1.0.2' ],
391 silly audit   'brace-expansion': [ '1.1.14' ],
391 silly audit   'balanced-match': [ '1.0.2' ],
391 silly audit   'concat-map': [ '0.0.1' ],
391 silly audit   'buffer-from': [ '1.1.2' ],
391 silly audit   'source-map': [ '0.6.1' ],
391 silly audit   'is-number': [ '7.0.0' ],
391 silly audit   '@cspotcode/source-map-support': [ '0.8.1' ],
391 silly audit   '@tsconfig/node10': [ '1.0.12' ],
391 silly audit   '@tsconfig/node12': [ '1.0.11' ],
391 silly audit   '@tsconfig/node14': [ '1.0.3' ],
391 silly audit   '@tsconfig/node16': [ '1.0.4' ],
391 silly audit   acorn: [ '8.16.0' ],
391 silly audit   'acorn-walk': [ '8.3.5' ],
391 silly audit   arg: [ '4.1.3' ],
391 silly audit   'create-require': [ '1.1.1' ],
391 silly audit   diff: [ '4.0.4' ],
391 silly audit   'make-error': [ '1.3.6' ],
391 silly audit   'v8-compile-cache-lib': [ '3.0.1' ],
391 silly audit   yn: [ '3.1.1' ],
391 silly audit   '@jridgewell/trace-mapping': [ '0.3.9' ],
391 silly audit   '@jridgewell/resolve-uri': [ '3.1.2' ],
391 silly audit   '@jridgewell/sourcemap-codec': [ '1.5.5' ],
391 silly audit   '@types/strip-bom': [ '3.0.0' ],
391 silly audit   '@types/strip-json-comments': [ '0.0.30' ],
391 silly audit   'strip-bom': [ '3.0.0' ],
391 silly audit   'strip-json-comments': [ '2.0.1' ]
391 silly audit }
392 http cache @types/strip-json-comments@https://registry.npmjs.org/@types/strip-json-comments/-/strip-json-comments-0.0.30.tgz 0ms (cache hit)
393 http cache @jridgewell/sourcemap-codec@https://registry.npmjs.org/@jridgewell/sourcemap-codec/-/sourcemap-codec-1.5.5.tgz 0ms (cache hit)
394 http cache strip-json-comments@https://registry.npmjs.org/strip-json-comments/-/strip-json-comments-2.0.1.tgz 0ms (cache hit)
395 http cache strip-bom@https://registry.npmjs.org/strip-bom/-/strip-bom-3.0.0.tgz 0ms (cache hit)
396 http cache @jridgewell/resolve-uri@https://registry.npmjs.org/@jridgewell/resolve-uri/-/resolve-uri-3.1.2.tgz 0ms (cache hit)
397 http cache @types/strip-bom@https://registry.npmjs.org/@types/strip-bom/-/strip-bom-3.0.0.tgz 0ms (cache hit)
398 http cache @jridgewell/trace-mapping@https://registry.npmjs.org/@jridgewell/trace-mapping/-/trace-mapping-0.3.9.tgz 0ms (cache hit)
399 http cache v8-compile-cache-lib@https://registry.npmjs.org/v8-compile-cache-lib/-/v8-compile-cache-lib-3.0.1.tgz 0ms (cache hit)
400 http cache yn@https://registry.npmjs.org/yn/-/yn-3.1.1.tgz 0ms (cache hit)
401 http cache diff@https://registry.npmjs.org/diff/-/diff-4.0.4.tgz 0ms (cache hit)
402 http cache arg@https://registry.npmjs.org/arg/-/arg-4.1.3.tgz 0ms (cache hit)
403 http cache create-require@https://registry.npmjs.org/create-require/-/create-require-1.1.1.tgz 0ms (cache hit)
404 http cache @tsconfig/node16@https://registry.npmjs.org/@tsconfig/node16/-/node16-1.0.4.tgz 0ms (cache hit)
405 http cache acorn@https://registry.npmjs.org/acorn/-/acorn-8.16.0.tgz 0ms (cache hit)
406 http cache make-error@https://registry.npmjs.org/make-error/-/make-error-1.3.6.tgz 0ms (cache hit)
407 http cache acorn-walk@https://registry.npmjs.org/acorn-walk/-/acorn-walk-8.3.5.tgz 0ms (cache hit)
408 http cache @cspotcode/source-map-support@https://registry.npmjs.org/@cspotcode/source-map-support/-/source-map-support-0.8.1.tgz 0ms (cache hit)
409 http cache @tsconfig/node14@https://registry.npmjs.org/@tsconfig/node14/-/node14-1.0.3.tgz 0ms (cache hit)
410 http cache buffer-from@https://registry.npmjs.org/buffer-from/-/buffer-from-1.1.2.tgz 0ms (cache hit)
411 http cache source-map@https://registry.npmjs.org/source-map/-/source-map-0.6.1.tgz 0ms (cache hit)
412 http cache @tsconfig/node12@https://registry.npmjs.org/@tsconfig/node12/-/node12-1.0.11.tgz 0ms (cache hit)
413 http cache @tsconfig/node10@https://registry.npmjs.org/@tsconfig/node10/-/node10-1.0.12.tgz 0ms (cache hit)
414 http cache is-number@https://registry.npmjs.org/is-number/-/is-number-7.0.0.tgz 0ms (cache hit)
415 http cache concat-map@https://registry.npmjs.org/concat-map/-/concat-map-0.0.1.tgz 0ms (cache hit)
416 http cache path-is-absolute@https://registry.npmjs.org/path-is-absolute/-/path-is-absolute-1.0.1.tgz 0ms (cache hit)
417 http cache wrappy@https://registry.npmjs.org/wrappy/-/wrappy-1.0.2.tgz 0ms (cache hit)
418 http cache brace-expansion@https://registry.npmjs.org/brace-expansion/-/brace-expansion-1.1.14.tgz 0ms (cache hit)
419 http cache inflight@https://registry.npmjs.org/inflight/-/inflight-1.0.6.tgz 0ms (cache hit)
420 http cache balanced-match@https://registry.npmjs.org/balanced-match/-/balanced-match-1.0.2.tgz 0ms (cache hit)
421 http cache once@https://registry.npmjs.org/once/-/once-1.4.0.tgz 0ms (cache hit)
422 http cache inherits@https://registry.npmjs.org/inherits/-/inherits-2.0.4.tgz 0ms (cache hit)
423 http cache supports-preserve-symlinks-flag@https://registry.npmjs.org/supports-preserve-symlinks-flag/-/supports-preserve-symlinks-flag-1.0.0.tgz 0ms (cache hit)
424 http cache minimatch@https://registry.npmjs.org/minimatch/-/minimatch-3.1.5.tgz 0ms (cache hit)
425 http cache glob@https://registry.npmjs.org/glob/-/glob-7.2.3.tgz 0ms (cache hit)
426 http cache fs.realpath@https://registry.npmjs.org/fs.realpath/-/fs.realpath-1.0.0.tgz 0ms (cache hit)
427 http cache hasown@https://registry.npmjs.org/hasown/-/hasown-2.0.2.tgz 0ms (cache hit)
428 http cache is-core-module@https://registry.npmjs.org/is-core-module/-/is-core-module-2.16.1.tgz 0ms (cache hit)
429 http cache es-errors@https://registry.npmjs.org/es-errors/-/es-errors-1.3.0.tgz 0ms (cache hit)
430 http cache path-parse@https://registry.npmjs.org/path-parse/-/path-parse-1.0.7.tgz 0ms (cache hit)
431 http cache function-bind@https://registry.npmjs.org/function-bind/-/function-bind-1.1.2.tgz 0ms (cache hit)
432 http cache is-extglob@https://registry.npmjs.org/is-extglob/-/is-extglob-2.1.1.tgz 0ms (cache hit)
433 http cache xtend@https://registry.npmjs.org/xtend/-/xtend-4.0.2.tgz 0ms (cache hit)
434 http cache to-regex-range@https://registry.npmjs.org/to-regex-range/-/to-regex-range-5.0.1.tgz 0ms (cache hit)
435 http cache normalize-path@https://registry.npmjs.org/normalize-path/-/normalize-path-3.0.0.tgz 0ms (cache hit)
436 http cache is-glob@https://registry.npmjs.org/is-glob/-/is-glob-4.0.3.tgz 0ms (cache hit)
437 http cache binary-extensions@https://registry.npmjs.org/binary-extensions/-/binary-extensions-2.3.0.tgz 0ms (cache hit)
438 http cache fill-range@https://registry.npmjs.org/fill-range/-/fill-range-7.1.1.tgz 0ms (cache hit)
439 http cache fsevents@https://registry.npmjs.org/fsevents/-/fsevents-2.3.3.tgz 0ms (cache hit)
440 http cache picomatch@https://registry.npmjs.org/picomatch/-/picomatch-2.3.2.tgz 0ms (cache hit)
441 http cache readdirp@https://registry.npmjs.org/readdirp/-/readdirp-3.6.0.tgz 0ms (cache hit)
442 http cache braces@https://registry.npmjs.org/braces/-/braces-3.0.3.tgz 0ms (cache hit)
443 http cache glob-parent@https://registry.npmjs.org/glob-parent/-/glob-parent-5.1.2.tgz 0ms (cache hit)
444 http cache undici-types@https://registry.npmjs.org/undici-types/-/undici-types-7.19.2.tgz 0ms (cache hit)
445 http cache anymatch@https://registry.npmjs.org/anymatch/-/anymatch-3.1.3.tgz 0ms (cache hit)
446 http cache is-binary-path@https://registry.npmjs.org/is-binary-path/-/is-binary-path-2.1.0.tgz 0ms (cache hit)
447 http cache tsconfig@https://registry.npmjs.org/tsconfig/-/tsconfig-7.0.0.tgz 0ms (cache hit)
448 http cache ts-node@https://registry.npmjs.org/ts-node/-/ts-node-10.9.2.tgz 0ms (cache hit)
449 http cache tree-kill@https://registry.npmjs.org/tree-kill/-/tree-kill-1.2.2.tgz 0ms (cache hit)
450 http cache source-map-support@https://registry.npmjs.org/source-map-support/-/source-map-support-0.5.21.tgz 0ms (cache hit)
451 http cache rimraf@https://registry.npmjs.org/rimraf/-/rimraf-2.7.1.tgz 0ms (cache hit)
452 http cache @types/node@https://registry.npmjs.org/@types/node/-/node-25.6.0.tgz 0ms (cache hit)
453 http cache mkdirp@https://registry.npmjs.org/mkdirp/-/mkdirp-1.0.4.tgz 0ms (cache hit)
454 http cache dynamic-dedupe@https://registry.npmjs.org/dynamic-dedupe/-/dynamic-dedupe-0.3.0.tgz 0ms (cache hit)
455 http cache resolve@https://registry.npmjs.org/resolve/-/resolve-1.22.12.tgz 0ms (cache hit)
456 http cache typescript@https://registry.npmjs.org/typescript/-/typescript-6.0.2.tgz 0ms (cache hit)
457 http cache minimist@https://registry.npmjs.org/minimist/-/minimist-1.2.8.tgz 0ms (cache hit)
458 http cache ts-node-dev@https://registry.npmjs.org/ts-node-dev/-/ts-node-dev-2.0.0.tgz 0ms (cache hit)
459 silly tarball no local data for @types/strip-json-comments@https://registry.npmjs.org/@types/strip-json-comments/-/strip-json-comments-0.0.30.tgz. Extracting by manifest.
460 silly tarball no local data for @jridgewell/sourcemap-codec@https://registry.npmjs.org/@jridgewell/sourcemap-codec/-/sourcemap-codec-1.5.5.tgz. Extracting by manifest.
461 silly tarball no local data for strip-json-comments@https://registry.npmjs.org/strip-json-comments/-/strip-json-comments-2.0.1.tgz. Extracting by manifest.
462 silly tarball no local data for strip-bom@https://registry.npmjs.org/strip-bom/-/strip-bom-3.0.0.tgz. Extracting by manifest.
463 http cache chokidar@https://registry.npmjs.org/chokidar/-/chokidar-3.6.0.tgz 0ms (cache hit)
464 silly tarball no local data for @jridgewell/resolve-uri@https://registry.npmjs.org/@jridgewell/resolve-uri/-/resolve-uri-3.1.2.tgz. Extracting by manifest.
465 silly tarball no local data for @types/strip-bom@https://registry.npmjs.org/@types/strip-bom/-/strip-bom-3.0.0.tgz. Extracting by manifest.
466 silly tarball no local data for @jridgewell/trace-mapping@https://registry.npmjs.org/@jridgewell/trace-mapping/-/trace-mapping-0.3.9.tgz. Extracting by manifest.
467 silly tarball no local data for v8-compile-cache-lib@https://registry.npmjs.org/v8-compile-cache-lib/-/v8-compile-cache-lib-3.0.1.tgz. Extracting by manifest.
468 silly tarball no local data for yn@https://registry.npmjs.org/yn/-/yn-3.1.1.tgz. Extracting by manifest.
469 silly tarball no local data for diff@https://registry.npmjs.org/diff/-/diff-4.0.4.tgz. Extracting by manifest.
470 silly tarball no local data for arg@https://registry.npmjs.org/arg/-/arg-4.1.3.tgz. Extracting by manifest.
471 silly tarball no local data for create-require@https://registry.npmjs.org/create-require/-/create-require-1.1.1.tgz. Extracting by manifest.
472 silly tarball no local data for @tsconfig/node16@https://registry.npmjs.org/@tsconfig/node16/-/node16-1.0.4.tgz. Extracting by manifest.
473 silly tarball no local data for acorn@https://registry.npmjs.org/acorn/-/acorn-8.16.0.tgz. Extracting by manifest.
474 silly tarball no local data for make-error@https://registry.npmjs.org/make-error/-/make-error-1.3.6.tgz. Extracting by manifest.
475 silly tarball no local data for acorn-walk@https://registry.npmjs.org/acorn-walk/-/acorn-walk-8.3.5.tgz. Extracting by manifest.
476 silly tarball no local data for @cspotcode/source-map-support@https://registry.npmjs.org/@cspotcode/source-map-support/-/source-map-support-0.8.1.tgz. Extracting by manifest.
477 silly tarball no local data for @tsconfig/node14@https://registry.npmjs.org/@tsconfig/node14/-/node14-1.0.3.tgz. Extracting by manifest.
478 silly tarball no local data for buffer-from@https://registry.npmjs.org/buffer-from/-/buffer-from-1.1.2.tgz. Extracting by manifest.
479 silly tarball no local data for source-map@https://registry.npmjs.org/source-map/-/source-map-0.6.1.tgz. Extracting by manifest.
480 silly tarball no local data for @tsconfig/node12@https://registry.npmjs.org/@tsconfig/node12/-/node12-1.0.11.tgz. Extracting by manifest.
481 silly tarball no local data for @tsconfig/node10@https://registry.npmjs.org/@tsconfig/node10/-/node10-1.0.12.tgz. Extracting by manifest.
482 silly tarball no local data for is-number@https://registry.npmjs.org/is-number/-/is-number-7.0.0.tgz. Extracting by manifest.
483 silly tarball no local data for concat-map@https://registry.npmjs.org/concat-map/-/concat-map-0.0.1.tgz. Extracting by manifest.
484 silly tarball no local data for path-is-absolute@https://registry.npmjs.org/path-is-absolute/-/path-is-absolute-1.0.1.tgz. Extracting by manifest.
485 silly tarball no local data for wrappy@https://registry.npmjs.org/wrappy/-/wrappy-1.0.2.tgz. Extracting by manifest.
486 silly tarball no local data for brace-expansion@https://registry.npmjs.org/brace-expansion/-/brace-expansion-1.1.14.tgz. Extracting by manifest.
487 silly tarball no local data for inflight@https://registry.npmjs.org/inflight/-/inflight-1.0.6.tgz. Extracting by manifest.
488 silly tarball no local data for balanced-match@https://registry.npmjs.org/balanced-match/-/balanced-match-1.0.2.tgz. Extracting by manifest.
489 silly tarball no local data for once@https://registry.npmjs.org/once/-/once-1.4.0.tgz. Extracting by manifest.
490 silly tarball no local data for inherits@https://registry.npmjs.org/inherits/-/inherits-2.0.4.tgz. Extracting by manifest.
491 silly tarball no local data for supports-preserve-symlinks-flag@https://registry.npmjs.org/supports-preserve-symlinks-flag/-/supports-preserve-symlinks-flag-1.0.0.tgz. Extracting by manifest.
492 silly tarball no local data for minimatch@https://registry.npmjs.org/minimatch/-/minimatch-3.1.5.tgz. Extracting by manifest.
493 silly tarball no local data for glob@https://registry.npmjs.org/glob/-/glob-7.2.3.tgz. Extracting by manifest.
494 silly tarball no local data for fs.realpath@https://registry.npmjs.org/fs.realpath/-/fs.realpath-1.0.0.tgz. Extracting by manifest.
495 silly tarball no local data for hasown@https://registry.npmjs.org/hasown/-/hasown-2.0.2.tgz. Extracting by manifest.
496 silly tarball no local data for is-core-module@https://registry.npmjs.org/is-core-module/-/is-core-module-2.16.1.tgz. Extracting by manifest.
497 silly tarball no local data for es-errors@https://registry.npmjs.org/es-errors/-/es-errors-1.3.0.tgz. Extracting by manifest.
498 silly tarball no local data for path-parse@https://registry.npmjs.org/path-parse/-/path-parse-1.0.7.tgz. Extracting by manifest.
499 silly tarball no local data for function-bind@https://registry.npmjs.org/function-bind/-/function-bind-1.1.2.tgz. Extracting by manifest.
500 silly tarball no local data for is-extglob@https://registry.npmjs.org/is-extglob/-/is-extglob-2.1.1.tgz. Extracting by manifest.
501 silly tarball no local data for xtend@https://registry.npmjs.org/xtend/-/xtend-4.0.2.tgz. Extracting by manifest.
502 silly tarball no local data for to-regex-range@https://registry.npmjs.org/to-regex-range/-/to-regex-range-5.0.1.tgz. Extracting by manifest.
503 silly tarball no local data for normalize-path@https://registry.npmjs.org/normalize-path/-/normalize-path-3.0.0.tgz. Extracting by manifest.
504 silly tarball no local data for is-glob@https://registry.npmjs.org/is-glob/-/is-glob-4.0.3.tgz. Extracting by manifest.
505 silly tarball no local data for binary-extensions@https://registry.npmjs.org/binary-extensions/-/binary-extensions-2.3.0.tgz. Extracting by manifest.
506 silly tarball no local data for fill-range@https://registry.npmjs.org/fill-range/-/fill-range-7.1.1.tgz. Extracting by manifest.
507 silly tarball no local data for fsevents@https://registry.npmjs.org/fsevents/-/fsevents-2.3.3.tgz. Extracting by manifest.
508 silly tarball no local data for picomatch@https://registry.npmjs.org/picomatch/-/picomatch-2.3.2.tgz. Extracting by manifest.
509 silly tarball no local data for readdirp@https://registry.npmjs.org/readdirp/-/readdirp-3.6.0.tgz. Extracting by manifest.
510 silly tarball no local data for braces@https://registry.npmjs.org/braces/-/braces-3.0.3.tgz. Extracting by manifest.
511 silly tarball no local data for glob-parent@https://registry.npmjs.org/glob-parent/-/glob-parent-5.1.2.tgz. Extracting by manifest.
512 silly tarball no local data for undici-types@https://registry.npmjs.org/undici-types/-/undici-types-7.19.2.tgz. Extracting by manifest.
513 silly tarball no local data for anymatch@https://registry.npmjs.org/anymatch/-/anymatch-3.1.3.tgz. Extracting by manifest.
514 silly tarball no local data for is-binary-path@https://registry.npmjs.org/is-binary-path/-/is-binary-path-2.1.0.tgz. Extracting by manifest.
515 silly tarball no local data for tsconfig@https://registry.npmjs.org/tsconfig/-/tsconfig-7.0.0.tgz. Extracting by manifest.
516 silly tarball no local data for ts-node@https://registry.npmjs.org/ts-node/-/ts-node-10.9.2.tgz. Extracting by manifest.
517 silly tarball no local data for tree-kill@https://registry.npmjs.org/tree-kill/-/tree-kill-1.2.2.tgz. Extracting by manifest.
518 silly tarball no local data for source-map-support@https://registry.npmjs.org/source-map-support/-/source-map-support-0.5.21.tgz. Extracting by manifest.
519 silly tarball no local data for rimraf@https://registry.npmjs.org/rimraf/-/rimraf-2.7.1.tgz. Extracting by manifest.
520 silly tarball no local data for @types/node@https://registry.npmjs.org/@types/node/-/node-25.6.0.tgz. Extracting by manifest.
521 silly tarball no local data for mkdirp@https://registry.npmjs.org/mkdirp/-/mkdirp-1.0.4.tgz. Extracting by manifest.
522 silly tarball no local data for dynamic-dedupe@https://registry.npmjs.org/dynamic-dedupe/-/dynamic-dedupe-0.3.0.tgz. Extracting by manifest.
523 silly tarball no local data for resolve@https://registry.npmjs.org/resolve/-/resolve-1.22.12.tgz. Extracting by manifest.
524 silly tarball no local data for typescript@https://registry.npmjs.org/typescript/-/typescript-6.0.2.tgz. Extracting by manifest.
525 silly tarball no local data for minimist@https://registry.npmjs.org/minimist/-/minimist-1.2.8.tgz. Extracting by manifest.
526 silly tarball no local data for ts-node-dev@https://registry.npmjs.org/ts-node-dev/-/ts-node-dev-2.0.0.tgz. Extracting by manifest.
527 silly tarball no local data for chokidar@https://registry.npmjs.org/chokidar/-/chokidar-3.6.0.tgz. Extracting by manifest.
528 http fetch GET 200 https://registry.npmjs.org/strip-bom/-/strip-bom-3.0.0.tgz 362ms (cache miss)
529 http fetch GET 200 https://registry.npmjs.org/@types/strip-json-comments/-/strip-json-comments-0.0.30.tgz 363ms (cache miss)
530 http fetch GET 200 https://registry.npmjs.org/strip-json-comments/-/strip-json-comments-2.0.1.tgz 363ms (cache miss)
531 http fetch GET 200 https://registry.npmjs.org/v8-compile-cache-lib/-/v8-compile-cache-lib-3.0.1.tgz 363ms (cache miss)
532 http fetch GET 200 https://registry.npmjs.org/@jridgewell/resolve-uri/-/resolve-uri-3.1.2.tgz 365ms (cache miss)
533 http fetch GET 200 https://registry.npmjs.org/@jridgewell/trace-mapping/-/trace-mapping-0.3.9.tgz 370ms (cache miss)
534 http fetch GET 200 https://registry.npmjs.org/@jridgewell/sourcemap-codec/-/sourcemap-codec-1.5.5.tgz 371ms (cache miss)
535 http fetch POST 200 https://registry.npmjs.org/-/npm/v1/security/advisories/bulk 407ms
536 silly audit report {}
537 http fetch GET 200 https://registry.npmjs.org/@types/strip-bom/-/strip-bom-3.0.0.tgz 571ms (cache miss)
538 http fetch GET 200 https://registry.npmjs.org/make-error/-/make-error-1.3.6.tgz 616ms (cache miss)
539 http fetch GET 200 https://registry.npmjs.org/buffer-from/-/buffer-from-1.1.2.tgz 641ms (cache miss)
540 http fetch GET 200 https://registry.npmjs.org/acorn-walk/-/acorn-walk-8.3.5.tgz 647ms (cache miss)
541 http fetch GET 200 https://registry.npmjs.org/@tsconfig/node12/-/node12-1.0.11.tgz 648ms (cache miss)
542 http fetch GET 200 https://registry.npmjs.org/@tsconfig/node14/-/node14-1.0.3.tgz 671ms (cache miss)
543 http fetch GET 200 https://registry.npmjs.org/@cspotcode/source-map-support/-/source-map-support-0.8.1.tgz 812ms (cache miss)
544 http fetch GET 200 https://registry.npmjs.org/@tsconfig/node10/-/node10-1.0.12.tgz 812ms (cache miss)
545 http fetch GET 200 https://registry.npmjs.org/is-number/-/is-number-7.0.0.tgz 834ms (cache miss)
546 http fetch GET 200 https://registry.npmjs.org/path-is-absolute/-/path-is-absolute-1.0.1.tgz 842ms (cache miss)
547 http fetch GET 200 https://registry.npmjs.org/concat-map/-/concat-map-0.0.1.tgz 842ms (cache miss)
548 http fetch GET 200 https://registry.npmjs.org/wrappy/-/wrappy-1.0.2.tgz 1045ms (cache miss)
549 http fetch GET 200 https://registry.npmjs.org/brace-expansion/-/brace-expansion-1.1.14.tgz 1045ms (cache miss)
550 http fetch GET 200 https://registry.npmjs.org/inflight/-/inflight-1.0.6.tgz 1045ms (cache miss)
551 warn deprecated inflight@1.0.6: This module is not supported, and leaks memory. Do not use it. Check out lru-cache if you want a good and tested way to coalesce async requests by a key value, which is much more comprehensive and powerful.
552 http fetch GET 200 https://registry.npmjs.org/once/-/once-1.4.0.tgz 1079ms (cache miss)
553 http fetch GET 200 https://registry.npmjs.org/balanced-match/-/balanced-match-1.0.2.tgz 1079ms (cache miss)
554 http fetch GET 200 https://registry.npmjs.org/inherits/-/inherits-2.0.4.tgz 1084ms (cache miss)
555 http fetch GET 200 https://registry.npmjs.org/source-map/-/source-map-0.6.1.tgz 1097ms (cache miss)
556 http fetch GET 200 https://registry.npmjs.org/arg/-/arg-4.1.3.tgz 1104ms (cache miss)
557 http fetch GET 200 https://registry.npmjs.org/@tsconfig/node16/-/node16-1.0.4.tgz 1294ms (cache miss)
558 http fetch GET 200 https://registry.npmjs.org/supports-preserve-symlinks-flag/-/supports-preserve-symlinks-flag-1.0.0.tgz 1317ms (cache miss)
559 http fetch GET 200 https://registry.npmjs.org/minimatch/-/minimatch-3.1.5.tgz 1328ms (cache miss)
560 http fetch GET 200 https://registry.npmjs.org/create-require/-/create-require-1.1.1.tgz 1361ms (cache miss)
561 http fetch GET 200 https://registry.npmjs.org/fs.realpath/-/fs.realpath-1.0.0.tgz 1555ms (cache miss)
562 http fetch GET 200 https://registry.npmjs.org/hasown/-/hasown-2.0.2.tgz 1556ms (cache miss)
563 http fetch GET 200 https://registry.npmjs.org/is-core-module/-/is-core-module-2.16.1.tgz 1559ms (cache miss)
564 http fetch GET 200 https://registry.npmjs.org/xtend/-/xtend-4.0.2.tgz 1559ms (cache miss)
565 http fetch GET 200 https://registry.npmjs.org/function-bind/-/function-bind-1.1.2.tgz 1559ms (cache miss)
566 http fetch GET 200 https://registry.npmjs.org/is-extglob/-/is-extglob-2.1.1.tgz 1560ms (cache miss)
567 http fetch GET 200 https://registry.npmjs.org/path-parse/-/path-parse-1.0.7.tgz 1561ms (cache miss)
568 http fetch GET 200 https://registry.npmjs.org/es-errors/-/es-errors-1.3.0.tgz 1562ms (cache miss)
569 http fetch GET 200 https://registry.npmjs.org/glob/-/glob-7.2.3.tgz 1564ms (cache miss)
570 warn deprecated glob@7.2.3: Old versions of glob are not supported, and contain widely publicized security vulnerabilities, which have been fixed in the current version. Please update. Support for old versions may be purchased (at exorbitant rates) by contacting i@izs.me
571 http fetch GET 200 https://registry.npmjs.org/normalize-path/-/normalize-path-3.0.0.tgz 1562ms (cache miss)
572 http fetch GET 200 https://registry.npmjs.org/is-glob/-/is-glob-4.0.3.tgz 1563ms (cache miss)
573 http fetch GET 200 https://registry.npmjs.org/yn/-/yn-3.1.1.tgz 1568ms (cache miss)
574 http fetch GET 200 https://registry.npmjs.org/to-regex-range/-/to-regex-range-5.0.1.tgz 1565ms (cache miss)
575 http fetch GET 200 https://registry.npmjs.org/diff/-/diff-4.0.4.tgz 1571ms (cache miss)
576 http fetch GET 200 https://registry.npmjs.org/is-binary-path/-/is-binary-path-2.1.0.tgz 1789ms (cache miss)
577 http fetch GET 200 https://registry.npmjs.org/acorn/-/acorn-8.16.0.tgz 1797ms (cache miss)
578 http fetch GET 200 https://registry.npmjs.org/binary-extensions/-/binary-extensions-2.3.0.tgz 1792ms (cache miss)
579 http fetch GET 200 https://registry.npmjs.org/anymatch/-/anymatch-3.1.3.tgz 1792ms (cache miss)
580 http fetch GET 200 https://registry.npmjs.org/readdirp/-/readdirp-3.6.0.tgz 1793ms (cache miss)
581 http fetch GET 200 https://registry.npmjs.org/glob-parent/-/glob-parent-5.1.2.tgz 1795ms (cache miss)
582 http fetch GET 200 https://registry.npmjs.org/fill-range/-/fill-range-7.1.1.tgz 1797ms (cache miss)
583 http fetch GET 200 https://registry.npmjs.org/tree-kill/-/tree-kill-1.2.2.tgz 1796ms (cache miss)
584 http fetch GET 200 https://registry.npmjs.org/tsconfig/-/tsconfig-7.0.0.tgz 1798ms (cache miss)
585 http fetch GET 200 https://registry.npmjs.org/fsevents/-/fsevents-2.3.3.tgz 1799ms (cache miss)
586 http fetch GET 200 https://registry.npmjs.org/picomatch/-/picomatch-2.3.2.tgz 1800ms (cache miss)
587 http fetch GET 200 https://registry.npmjs.org/braces/-/braces-3.0.3.tgz 1800ms (cache miss)
588 http fetch GET 200 https://registry.npmjs.org/undici-types/-/undici-types-7.19.2.tgz 1802ms (cache miss)
589 http fetch GET 200 https://registry.npmjs.org/source-map-support/-/source-map-support-0.5.21.tgz 1816ms (cache miss)
590 http fetch GET 200 https://registry.npmjs.org/rimraf/-/rimraf-2.7.1.tgz 2040ms (cache miss)
591 warn deprecated rimraf@2.7.1: Rimraf versions prior to v4 are no longer supported
592 http fetch GET 200 https://registry.npmjs.org/mkdirp/-/mkdirp-1.0.4.tgz 2040ms (cache miss)
593 http fetch GET 200 https://registry.npmjs.org/dynamic-dedupe/-/dynamic-dedupe-0.3.0.tgz 2047ms (cache miss)
594 http fetch GET 200 https://registry.npmjs.org/chokidar/-/chokidar-3.6.0.tgz 2045ms (cache miss)
595 http fetch GET 200 https://registry.npmjs.org/minimist/-/minimist-1.2.8.tgz 2051ms (cache miss)
596 http fetch GET 200 https://registry.npmjs.org/ts-node-dev/-/ts-node-dev-2.0.0.tgz 2254ms (cache miss)
597 http fetch GET 200 https://registry.npmjs.org/resolve/-/resolve-1.22.12.tgz 2270ms (cache miss)
598 http fetch GET 200 https://registry.npmjs.org/ts-node/-/ts-node-10.9.2.tgz 2278ms (cache miss)
599 http fetch GET 200 https://registry.npmjs.org/@types/node/-/node-25.6.0.tgz 6373ms (cache miss)
600 http fetch GET 200 https://registry.npmjs.org/typescript/-/typescript-6.0.2.tgz 8540ms (cache miss)
601 info run fsevents@2.3.3 install node_modules/fsevents node-gyp rebuild
602 info run fsevents@2.3.3 install { code: 1, signal: null }
603 verbose reify failed optional dependency /Users/mac/EcommerceAndBankingProject/.npm-cache/_npx/2351b2a15f5189cb/node_modules/fsevents
604 silly reify mark deleted [
604 silly reify   '/Users/mac/EcommerceAndBankingProject/.npm-cache/_npx/2351b2a15f5189cb/node_modules/fsevents'
604 silly reify ]
