0 verbose cli /opt/homebrew/Cellar/node/25.8.1_1/bin/node /opt/homebrew/lib/node_modules/npm/bin/npm-cli.js
1 info using npm@11.11.0
2 info using node@v25.8.1
3 silly config load:file:/opt/homebrew/lib/node_modules/npm/npmrc
4 silly config load:file:/Users/mac/EcommerceAndBankingProject/.npmrc
5 silly config load:file:/Users/mac/.npmrc
6 silly config load:file:/opt/homebrew/etc/npmrc
7 verbose title npm exec ts-node --transpile-only src/index.ts
8 verbose argv "exec" "--yes" "--" "ts-node" "--transpile-only" "src/index.ts"
9 verbose logfile logs-max:10 dir:/Users/mac/EcommerceAndBankingProject/.npm-cache/_logs/2026-04-12T19_51_20_266Z-
10 verbose logfile /Users/mac/EcommerceAndBankingProject/.npm-cache/_logs/2026-04-12T19_51_20_266Z-debug-0.log
11 silly logfile start cleaning logs, removing 1 files
12 silly logfile done cleaning log files
13 silly packumentCache heap:4496293888 maxSize:1124073472 maxEntrySize:562036736
14 http fetch GET 200 https://registry.npmjs.org/ts-node 1171ms (cache miss)
15 silly packumentCache heap:4496293888 maxSize:1124073472 maxEntrySize:562036736
16 silly packumentCache heap:4496293888 maxSize:1124073472 maxEntrySize:562036736
17 silly idealTree buildDeps
18 silly fetch manifest ts-node@10.9.2
19 silly packumentCache full:https://registry.npmjs.org/ts-node cache-miss
20 http fetch GET 200 https://registry.npmjs.org/ts-node 182ms (cache revalidated)
21 silly packumentCache full:https://registry.npmjs.org/ts-node set size:574573 disposed:false
22 silly fetch manifest @swc/core@>=1.2.50
23 silly packumentCache full:https://registry.npmjs.org/@swc%2fcore cache-miss
24 http fetch GET 200 https://registry.npmjs.org/@swc%2fcore 485ms (cache revalidated)
25 silly packumentCache full:https://registry.npmjs.org/@swc%2fcore set size:3969815 disposed:false
26 silly fetch manifest @swc/helpers@>=0.5.17
27 silly packumentCache full:https://registry.npmjs.org/@swc%2fhelpers cache-miss
28 http fetch GET 200 https://registry.npmjs.org/@swc%2fhelpers 213ms (cache revalidated)
29 silly packumentCache full:https://registry.npmjs.org/@swc%2fhelpers set size:726705 disposed:false
30 silly fetch manifest @swc/wasm@>=1.2.50
31 silly packumentCache full:https://registry.npmjs.org/@swc%2fwasm cache-miss
32 http fetch GET 200 https://registry.npmjs.org/@swc%2fwasm 231ms (cache revalidated)
33 silly packumentCache full:https://registry.npmjs.org/@swc%2fwasm set size:1333109 disposed:false
34 silly fetch manifest @types/node@*
35 silly packumentCache full:https://registry.npmjs.org/@types%2fnode cache-miss
36 http fetch GET 200 https://registry.npmjs.org/@types%2fnode 245ms (cache revalidated)
37 silly packumentCache full:https://registry.npmjs.org/@types%2fnode set size:10972342 disposed:false
38 silly fetch manifest typescript@>=2.7
39 silly packumentCache full:https://registry.npmjs.org/typescript cache-miss
40 http fetch GET 200 https://registry.npmjs.org/typescript 209ms (cache revalidated)
41 silly packumentCache full:https://registry.npmjs.org/typescript set size:15399465 disposed:false
42 silly placeDep ROOT ts-node@10.9.2 OK for:  want: 10.9.2
43 silly placeDep ROOT typescript@6.0.2 OK for: ts-node@10.9.2 want: >=2.7
44 silly placeDep ROOT @types/node@25.6.0 OK for: ts-node@10.9.2 want: *
45 silly fetch manifest yn@3.1.1
46 silly packumentCache full:https://registry.npmjs.org/yn cache-miss
47 silly fetch manifest arg@^4.1.0
48 silly packumentCache full:https://registry.npmjs.org/arg cache-miss
49 silly fetch manifest diff@^4.0.1
50 silly packumentCache full:https://registry.npmjs.org/diff cache-miss
51 silly fetch manifest acorn@^8.4.1
52 silly packumentCache full:https://registry.npmjs.org/acorn cache-miss
53 silly fetch manifest acorn-walk@^8.1.1
54 silly packumentCache full:https://registry.npmjs.org/acorn-walk cache-miss
55 silly fetch manifest make-error@^1.1.1
56 silly packumentCache full:https://registry.npmjs.org/make-error cache-miss
57 silly fetch manifest create-require@^1.1.0
58 silly packumentCache full:https://registry.npmjs.org/create-require cache-miss
59 silly fetch manifest @tsconfig/node10@^1.0.7
60 silly packumentCache full:https://registry.npmjs.org/@tsconfig%2fnode10 cache-miss
61 silly fetch manifest @tsconfig/node12@^1.0.7
62 silly packumentCache full:https://registry.npmjs.org/@tsconfig%2fnode12 cache-miss
63 http fetch GET 200 https://registry.npmjs.org/arg 385ms (cache revalidated)
64 silly packumentCache full:https://registry.npmjs.org/arg set size:67036 disposed:false
65 silly fetch manifest @tsconfig/node14@^1.0.0
66 silly packumentCache full:https://registry.npmjs.org/@tsconfig%2fnode14 cache-miss
67 http fetch GET 200 https://registry.npmjs.org/@tsconfig%2fnode14 259ms (cache revalidated)
68 silly packumentCache full:https://registry.npmjs.org/@tsconfig%2fnode14 set size:23863 disposed:false
69 silly fetch manifest @tsconfig/node16@^1.0.2
70 silly packumentCache full:https://registry.npmjs.org/@tsconfig%2fnode16 cache-miss
71 http fetch GET 200 https://registry.npmjs.org/@tsconfig%2fnode16 227ms (cache revalidated)
72 silly packumentCache full:https://registry.npmjs.org/@tsconfig%2fnode16 set size:25134 disposed:false
73 silly fetch manifest v8-compile-cache-lib@^3.0.1
74 silly packumentCache full:https://registry.npmjs.org/v8-compile-cache-lib cache-miss
75 http fetch GET 200 https://registry.npmjs.org/create-require 1111ms (cache revalidated)
76 silly packumentCache full:https://registry.npmjs.org/create-require set size:20551 disposed:false
77 silly fetch manifest @cspotcode/source-map-support@^0.8.0
78 silly packumentCache full:https://registry.npmjs.org/@cspotcode%2fsource-map-support cache-miss
79 http fetch GET 200 https://registry.npmjs.org/make-error 1113ms (cache revalidated)
80 silly packumentCache full:https://registry.npmjs.org/make-error set size:45218 disposed:false
81 silly fetch manifest undici-types@~7.19.0
82 silly packumentCache full:https://registry.npmjs.org/undici-types cache-miss
83 http fetch GET 200 https://registry.npmjs.org/v8-compile-cache-lib 241ms (cache revalidated)
84 silly packumentCache full:https://registry.npmjs.org/v8-compile-cache-lib set size:8746 disposed:false
85 http fetch GET 200 https://registry.npmjs.org/acorn-walk 1116ms (cache revalidated)
86 silly packumentCache full:https://registry.npmjs.org/acorn-walk set size:49813 disposed:false
87 http fetch GET 200 https://registry.npmjs.org/diff 1117ms (cache revalidated)
88 silly packumentCache full:https://registry.npmjs.org/diff set size:150551 disposed:false
89 http fetch GET 200 https://registry.npmjs.org/acorn 1119ms (cache revalidated)
90 silly packumentCache full:https://registry.npmjs.org/acorn set size:379626 disposed:false
91 http fetch GET 200 https://registry.npmjs.org/yn 1123ms (cache revalidated)
92 silly packumentCache full:https://registry.npmjs.org/yn set size:23572 disposed:false
93 http fetch GET 200 https://registry.npmjs.org/@tsconfig%2fnode10 1123ms (cache revalidated)
94 silly packumentCache full:https://registry.npmjs.org/@tsconfig%2fnode10 set size:26787 disposed:false
95 http fetch GET 200 https://registry.npmjs.org/@tsconfig%2fnode12 1123ms (cache revalidated)
96 silly packumentCache full:https://registry.npmjs.org/@tsconfig%2fnode12 set size:38731 disposed:false
97 http fetch GET 200 https://registry.npmjs.org/@cspotcode%2fsource-map-support 254ms (cache revalidated)
98 silly packumentCache full:https://registry.npmjs.org/@cspotcode%2fsource-map-support set size:30214 disposed:false
99 http fetch GET 200 https://registry.npmjs.org/undici-types 253ms (cache revalidated)
100 silly packumentCache full:https://registry.npmjs.org/undici-types set size:204419 disposed:false
101 silly placeDep ROOT undici-types@7.19.2 OK for: @types/node@25.6.0 want: ~7.19.0
102 silly placeDep ROOT @cspotcode/source-map-support@0.8.1 OK for: ts-node@10.9.2 want: ^0.8.0
103 silly placeDep ROOT @tsconfig/node10@1.0.12 OK for: ts-node@10.9.2 want: ^1.0.7
104 silly placeDep ROOT @tsconfig/node12@1.0.11 OK for: ts-node@10.9.2 want: ^1.0.7
105 silly placeDep ROOT @tsconfig/node14@1.0.3 OK for: ts-node@10.9.2 want: ^1.0.0
106 silly placeDep ROOT @tsconfig/node16@1.0.4 OK for: ts-node@10.9.2 want: ^1.0.2
107 silly placeDep ROOT acorn@8.16.0 OK for: ts-node@10.9.2 want: ^8.4.1
108 silly placeDep ROOT acorn-walk@8.3.5 OK for: ts-node@10.9.2 want: ^8.1.1
109 silly placeDep ROOT arg@4.1.3 OK for: ts-node@10.9.2 want: ^4.1.0
110 silly placeDep ROOT create-require@1.1.1 OK for: ts-node@10.9.2 want: ^1.1.0
111 silly placeDep ROOT diff@4.0.4 OK for: ts-node@10.9.2 want: ^4.0.1
112 silly placeDep ROOT make-error@1.3.6 OK for: ts-node@10.9.2 want: ^1.1.1
113 silly placeDep ROOT v8-compile-cache-lib@3.0.1 OK for: ts-node@10.9.2 want: ^3.0.1
114 silly placeDep ROOT yn@3.1.1 OK for: ts-node@10.9.2 want: 3.1.1
115 silly fetch manifest @jridgewell/trace-mapping@0.3.9
116 silly packumentCache full:https://registry.npmjs.org/@jridgewell%2ftrace-mapping cache-miss
117 http fetch GET 200 https://registry.npmjs.org/@jridgewell%2ftrace-mapping 205ms (cache revalidated)
118 silly packumentCache full:https://registry.npmjs.org/@jridgewell%2ftrace-mapping set size:170909 disposed:false
119 silly placeDep ROOT @jridgewell/trace-mapping@0.3.9 OK for: @cspotcode/source-map-support@0.8.1 want: 0.3.9
120 silly fetch manifest @jridgewell/resolve-uri@^3.0.3
121 silly packumentCache full:https://registry.npmjs.org/@jridgewell%2fresolve-uri cache-miss
122 silly fetch manifest @jridgewell/sourcemap-codec@^1.4.10
123 silly packumentCache full:https://registry.npmjs.org/@jridgewell%2fsourcemap-codec cache-miss
124 http fetch GET 200 https://registry.npmjs.org/@jridgewell%2fresolve-uri 262ms (cache revalidated)
125 silly packumentCache full:https://registry.npmjs.org/@jridgewell%2fresolve-uri set size:57361 disposed:false
126 http fetch GET 200 https://registry.npmjs.org/@jridgewell%2fsourcemap-codec 268ms (cache revalidated)
127 silly packumentCache full:https://registry.npmjs.org/@jridgewell%2fsourcemap-codec set size:59275 disposed:false
128 silly placeDep ROOT @jridgewell/resolve-uri@3.1.2 OK for: @jridgewell/trace-mapping@0.3.9 want: ^3.0.3
129 silly placeDep ROOT @jridgewell/sourcemap-codec@1.5.5 OK for: @jridgewell/trace-mapping@0.3.9 want: ^1.4.10
130 silly reify moves {}
131 silly audit bulk request {
131 silly audit   'ts-node': [ '10.9.2' ],
131 silly audit   typescript: [ '6.0.2' ],
131 silly audit   '@types/node': [ '25.6.0' ],
131 silly audit   'undici-types': [ '7.19.2' ],
131 silly audit   '@cspotcode/source-map-support': [ '0.8.1' ],
131 silly audit   '@tsconfig/node10': [ '1.0.12' ],
131 silly audit   '@tsconfig/node12': [ '1.0.11' ],
131 silly audit   '@tsconfig/node14': [ '1.0.3' ],
131 silly audit   '@tsconfig/node16': [ '1.0.4' ],
131 silly audit   acorn: [ '8.16.0' ],
131 silly audit   'acorn-walk': [ '8.3.5' ],
131 silly audit   arg: [ '4.1.3' ],
131 silly audit   'create-require': [ '1.1.1' ],
131 silly audit   diff: [ '4.0.4' ],
131 silly audit   'make-error': [ '1.3.6' ],
131 silly audit   'v8-compile-cache-lib': [ '3.0.1' ],
131 silly audit   yn: [ '3.1.1' ],
131 silly audit   '@jridgewell/trace-mapping': [ '0.3.9' ],
131 silly audit   '@jridgewell/resolve-uri': [ '3.1.2' ],
131 silly audit   '@jridgewell/sourcemap-codec': [ '1.5.5' ]
131 silly audit }
132 http cache @jridgewell/sourcemap-codec@https://registry.npmjs.org/@jridgewell/sourcemap-codec/-/sourcemap-codec-1.5.5.tgz 0ms (cache hit)
133 http cache @jridgewell/resolve-uri@https://registry.npmjs.org/@jridgewell/resolve-uri/-/resolve-uri-3.1.2.tgz 0ms (cache hit)
134 http cache yn@https://registry.npmjs.org/yn/-/yn-3.1.1.tgz 0ms (cache hit)
135 http cache @jridgewell/trace-mapping@https://registry.npmjs.org/@jridgewell/trace-mapping/-/trace-mapping-0.3.9.tgz 0ms (cache hit)
136 http cache v8-compile-cache-lib@https://registry.npmjs.org/v8-compile-cache-lib/-/v8-compile-cache-lib-3.0.1.tgz 0ms (cache hit)
137 http cache diff@https://registry.npmjs.org/diff/-/diff-4.0.4.tgz 0ms (cache hit)
138 http cache create-require@https://registry.npmjs.org/create-require/-/create-require-1.1.1.tgz 0ms (cache hit)
139 http cache arg@https://registry.npmjs.org/arg/-/arg-4.1.3.tgz 0ms (cache hit)
140 http cache acorn-walk@https://registry.npmjs.org/acorn-walk/-/acorn-walk-8.3.5.tgz 0ms (cache hit)
141 http cache make-error@https://registry.npmjs.org/make-error/-/make-error-1.3.6.tgz 0ms (cache hit)
142 http cache acorn@https://registry.npmjs.org/acorn/-/acorn-8.16.0.tgz 0ms (cache hit)
143 http cache @tsconfig/node14@https://registry.npmjs.org/@tsconfig/node14/-/node14-1.0.3.tgz 0ms (cache hit)
144 http cache @tsconfig/node12@https://registry.npmjs.org/@tsconfig/node12/-/node12-1.0.11.tgz 0ms (cache hit)
145 http cache @tsconfig/node16@https://registry.npmjs.org/@tsconfig/node16/-/node16-1.0.4.tgz 0ms (cache hit)
146 http cache undici-types@https://registry.npmjs.org/undici-types/-/undici-types-7.19.2.tgz 0ms (cache hit)
147 http cache @tsconfig/node10@https://registry.npmjs.org/@tsconfig/node10/-/node10-1.0.12.tgz 0ms (cache hit)
148 http cache @cspotcode/source-map-support@https://registry.npmjs.org/@cspotcode/source-map-support/-/source-map-support-0.8.1.tgz 0ms (cache hit)
149 http cache typescript@https://registry.npmjs.org/typescript/-/typescript-6.0.2.tgz 0ms (cache hit)
150 http cache ts-node@https://registry.npmjs.org/ts-node/-/ts-node-10.9.2.tgz 0ms (cache hit)
151 http cache @types/node@https://registry.npmjs.org/@types/node/-/node-25.6.0.tgz 0ms (cache hit)
152 http fetch POST 200 https://registry.npmjs.org/-/npm/v1/security/advisories/bulk 434ms
153 silly audit report {}
154 verbose cwd /Users/mac/EcommerceAndBankingProject
155 verbose os Darwin 25.3.0
156 verbose node v25.8.1
157 verbose npm  v11.11.0
158 verbose exit 1
159 verbose code 1
