0 verbose cli /opt/homebrew/Cellar/node/25.8.1_1/bin/node /opt/homebrew/bin/npm
1 info using npm@11.11.0
2 info using node@v25.8.1
3 silly config load:file:/opt/homebrew/lib/node_modules/npm/npmrc
4 silly config load:file:/Users/mac/EcommerceAndBankingProject/.npmrc
5 silly config load:file:/Users/mac/.npmrc
6 silly config load:file:/opt/homebrew/etc/npmrc
7 verbose title npm audit fix
8 verbose argv "audit" "fix"
9 verbose logfile logs-max:10 dir:/Users/mac/EcommerceAndBankingProject/.npm-cache/_logs/2026-04-13T04_08_14_601Z-
10 verbose logfile /Users/mac/EcommerceAndBankingProject/.npm-cache/_logs/2026-04-13T04_08_14_601Z-debug-0.log
11 silly logfile start cleaning logs, removing 1 files
12 silly packumentCache heap:4496293888 maxSize:1124073472 maxEntrySize:562036736
13 silly logfile done cleaning log files
14 silly audit bulk request {
14 silly audit   '@cspotcode/source-map-support': [ '0.8.1' ],
14 silly audit   '@jridgewell/resolve-uri': [ '3.1.2' ],
14 silly audit   '@jridgewell/sourcemap-codec': [ '1.5.5' ],
14 silly audit   '@jridgewell/trace-mapping': [ '0.3.9' ],
14 silly audit   '@mongodb-js/saslprep': [ '1.4.6' ],
14 silly audit   '@tsconfig/node10': [ '1.0.12' ],
14 silly audit   '@tsconfig/node12': [ '1.0.11' ],
14 silly audit   '@tsconfig/node14': [ '1.0.3' ],
14 silly audit   '@tsconfig/node16': [ '1.0.4' ],
14 silly audit   '@types/bcryptjs': [ '2.4.6' ],
14 silly audit   '@types/body-parser': [ '1.19.6' ],
14 silly audit   '@types/connect': [ '3.4.38' ],
14 silly audit   '@types/cors': [ '2.8.19' ],
14 silly audit   '@types/express': [ '5.0.6' ],
14 silly audit   '@types/express-serve-static-core': [ '5.1.1' ],
14 silly audit   '@types/http-errors': [ '2.0.5' ],
14 silly audit   '@types/jsonwebtoken': [ '9.0.10' ],
14 silly audit   '@types/morgan': [ '1.9.10' ],
14 silly audit   '@types/ms': [ '2.1.0' ],
14 silly audit   '@types/multer': [ '1.4.13' ],
14 silly audit   '@types/node': [ '22.19.17' ],
14 silly audit   '@types/qs': [ '6.15.0' ],
14 silly audit   '@types/range-parser': [ '1.2.7' ],
14 silly audit   '@types/send': [ '1.2.1' ],
14 silly audit   '@types/serve-static': [ '2.2.0' ],
14 silly audit   '@types/strip-bom': [ '3.0.0' ],
14 silly audit   '@types/strip-json-comments': [ '0.0.30' ],
14 silly audit   '@types/webidl-conversions': [ '7.0.3' ],
14 silly audit   '@types/whatwg-url': [ '13.0.0' ],
14 silly audit   accepts: [ '2.0.0' ],
14 silly audit   acorn: [ '8.16.0' ],
14 silly audit   'acorn-walk': [ '8.3.5' ],
14 silly audit   anymatch: [ '3.1.3' ],
14 silly audit   'append-field': [ '1.0.0' ],
14 silly audit   arg: [ '4.1.3' ],
14 silly audit   'balanced-match': [ '4.0.4', '1.0.2' ],
14 silly audit   'basic-auth': [ '2.0.1' ],
14 silly audit   'safe-buffer': [ '5.1.2', '5.2.1' ],
14 silly audit   bcryptjs: [ '3.0.3' ],
14 silly audit   'binary-extensions': [ '2.3.0' ],
14 silly audit   'body-parser': [ '2.2.2' ],
14 silly audit   'brace-expansion': [ '5.0.4', '1.1.14' ],
14 silly audit   braces: [ '3.0.3' ],
14 silly audit   bson: [ '7.2.0' ],
14 silly audit   'buffer-equal-constant-time': [ '1.0.1' ],
14 silly audit   'buffer-from': [ '1.1.2' ],
14 silly audit   busboy: [ '1.6.0' ],
14 silly audit   bytes: [ '3.1.2' ],
14 silly audit   'call-bind-apply-helpers': [ '1.0.2' ],
14 silly audit   'call-bound': [ '1.0.4' ],
14 silly audit   chokidar: [ '3.6.0' ],
14 silly audit   cloudinary: [ '2.9.0' ],
14 silly audit   'concat-map': [ '0.0.1' ],
14 silly audit   'concat-stream': [ '2.0.0' ],
14 silly audit   'content-disposition': [ '1.0.1' ],
14 silly audit   'content-type': [ '1.0.5' ],
14 silly audit   cookie: [ '0.7.2' ],
14 silly audit   'cookie-signature': [ '1.2.2' ],
14 silly audit   cors: [ '2.8.6' ],
14 silly audit   'create-require': [ '1.1.1' ],
14 silly audit   debug: [ '4.4.3', '2.6.9' ],
14 silly audit   depd: [ '2.0.0' ],
14 silly audit   diff: [ '4.0.4' ],
14 silly audit   dotenv: [ '17.4.0' ],
14 silly audit   'dunder-proto': [ '1.0.1' ],
14 silly audit   'dynamic-dedupe': [ '0.3.0' ],
14 silly audit   'ecdsa-sig-formatter': [ '1.0.11' ],
14 silly audit   'ee-first': [ '1.1.1' ],
14 silly audit   encodeurl: [ '2.0.0' ],
14 silly audit   'es-define-property': [ '1.0.1' ],
14 silly audit   'es-errors': [ '1.3.0' ],
14 silly audit   'es-object-atoms': [ '1.1.1' ],
14 silly audit   'escape-html': [ '1.0.3' ],
14 silly audit   etag: [ '1.8.1' ],
14 silly audit   express: [ '5.2.1' ],
14 silly audit   'fill-range': [ '7.1.1' ],
14 silly audit   finalhandler: [ '2.1.1' ],
14 silly audit   forwarded: [ '0.2.0' ],
14 silly audit   fresh: [ '2.0.0' ],
14 silly audit   'fs.realpath': [ '1.0.0' ],
14 silly audit   fsevents: [ '2.3.3' ],
14 silly audit   'function-bind': [ '1.1.2' ],
14 silly audit   'get-intrinsic': [ '1.3.0' ],
14 silly audit   'get-proto': [ '1.0.1' ],
14 silly audit   glob: [ '7.2.3' ],
14 silly audit   'glob-parent': [ '5.1.2' ],
14 silly audit   minimatch: [ '3.1.5', '10.2.4' ],
14 silly audit   gopd: [ '1.2.0' ],
14 silly audit   'has-flag': [ '3.0.0' ],
14 silly audit   'has-symbols': [ '1.1.0' ],
14 silly audit   hasown: [ '2.0.2' ],
14 silly audit   'http-errors': [ '2.0.1' ],
14 silly audit   'iconv-lite': [ '0.7.2' ],
14 silly audit   'ignore-by-default': [ '1.0.1' ],
14 silly audit   inflight: [ '1.0.6' ],
14 silly audit   inherits: [ '2.0.4' ],
14 silly audit   'ipaddr.js': [ '1.9.1' ],
14 silly audit   'is-binary-path': [ '2.1.0' ],
14 silly audit   'is-core-module': [ '2.16.1' ],
14 silly audit   'is-extglob': [ '2.1.1' ],
14 silly audit   'is-glob': [ '4.0.3' ],
14 silly audit   'is-number': [ '7.0.0' ],
14 silly audit   'is-promise': [ '4.0.0' ],
14 silly audit   jsonwebtoken: [ '9.0.3' ],
14 silly audit   jwa: [ '2.0.1' ],
14 silly audit   jws: [ '4.0.1' ],
14 silly audit   kareem: [ '3.2.0' ],
14 silly audit   lodash: [ '4.18.1' ],
14 silly audit   'lodash.includes': [ '4.3.0' ],
14 silly audit   'lodash.isboolean': [ '3.0.3' ],
14 silly audit   'lodash.isinteger': [ '4.0.4' ],
14 silly audit   'lodash.isnumber': [ '3.0.3' ],
14 silly audit   'lodash.isplainobject': [ '4.0.6' ],
14 silly audit   'lodash.isstring': [ '4.0.1' ],
14 silly audit   'lodash.once': [ '4.1.1' ],
14 silly audit   'make-error': [ '1.3.6' ],
14 silly audit   'math-intrinsics': [ '1.1.0' ],
14 silly audit   'media-typer': [ '1.1.0', '0.3.0' ],
14 silly audit   'memory-pager': [ '1.5.0' ],
14 silly audit   'merge-descriptors': [ '2.0.0' ],
14 silly audit   'mime-db': [ '1.54.0', '1.52.0' ],
14 silly audit   'mime-types': [ '3.0.2', '2.1.35' ],
14 silly audit   minimist: [ '1.2.8' ],
14 silly audit   mkdirp: [ '1.0.4' ],
14 silly audit   mongodb: [ '7.1.0' ],
14 silly audit   'mongodb-connection-string-url': [ '7.0.1' ],
14 silly audit   mongoose: [ '9.3.0' ],
14 silly audit   morgan: [ '1.10.1' ],
14 silly audit   ms: [ '2.0.0', '2.1.3' ],
14 silly audit   'on-finished': [ '2.3.0', '2.4.1' ],
14 silly audit   mpath: [ '0.9.0' ],
14 silly audit   mquery: [ '6.0.0' ],
14 silly audit   multer: [ '2.1.1' ],
14 silly audit   'type-is': [ '1.6.18', '2.0.1' ],
14 silly audit   negotiator: [ '1.0.0' ],
14 silly audit   nodemon: [ '3.1.14' ],
14 silly audit   'normalize-path': [ '3.0.0' ],
14 silly audit   'object-assign': [ '4.1.1' ],
14 silly audit   'object-inspect': [ '1.13.4' ],
14 silly audit   'on-headers': [ '1.1.0' ],
14 silly audit   once: [ '1.4.0' ],
14 silly audit   parseurl: [ '1.3.3' ],
14 silly audit   'path-is-absolute': [ '1.0.1' ],
14 silly audit   'path-parse': [ '1.0.7' ],
14 silly audit   'path-to-regexp': [ '8.3.0' ],
14 silly audit   picomatch: [ '2.3.1' ],
14 silly audit   'proxy-addr': [ '2.0.7' ],
14 silly audit   'pstree.remy': [ '1.1.8' ],
14 silly audit   punycode: [ '2.3.1' ],
14 silly audit   qs: [ '6.15.0' ],
14 silly audit   'range-parser': [ '1.2.1' ],
14 silly audit   'raw-body': [ '3.0.2' ],
14 silly audit   'readable-stream': [ '3.6.2' ],
14 silly audit   readdirp: [ '3.6.0' ],
14 silly audit   resolve: [ '1.22.12' ],
14 silly audit   rimraf: [ '2.7.1' ],
14 silly audit   router: [ '2.2.0' ],
14 silly audit   'safer-buffer': [ '2.1.2' ],
14 silly audit   semver: [ '7.7.4' ],
14 silly audit   send: [ '1.2.1' ],
14 silly audit   'serve-static': [ '2.2.1' ],
14 silly audit   setprototypeof: [ '1.2.0' ],
14 silly audit   'side-channel': [ '1.1.0' ],
14 silly audit   'side-channel-list': [ '1.0.0' ],
14 silly audit   'side-channel-map': [ '1.0.1' ],
14 silly audit   'side-channel-weakmap': [ '1.0.2' ],
14 silly audit   sift: [ '17.1.3' ],
14 silly audit   'simple-update-notifier': [ '2.0.0' ],
14 silly audit   'source-map': [ '0.6.1' ],
14 silly audit   'source-map-support': [ '0.5.21' ],
14 silly audit   'sparse-bitfield': [ '3.0.3' ],
14 silly audit   statuses: [ '2.0.2' ],
14 silly audit   streamsearch: [ '1.1.0' ],
14 silly audit   string_decoder: [ '1.3.0' ],
14 silly audit   'strip-bom': [ '3.0.0' ],
14 silly audit   'strip-json-comments': [ '2.0.1' ],
14 silly audit   'supports-color': [ '5.5.0' ],
14 silly audit   'supports-preserve-symlinks-flag': [ '1.0.0' ],
14 silly audit   'to-regex-range': [ '5.0.1' ],
14 silly audit   toidentifier: [ '1.0.1' ],
14 silly audit   touch: [ '3.1.1' ],
14 silly audit   tr46: [ '5.1.1' ],
14 silly audit   'tree-kill': [ '1.2.2' ],
14 silly audit   'ts-node': [ '10.9.2' ],
14 silly audit   'ts-node-dev': [ '2.0.0' ],
14 silly audit   tsconfig: [ '7.0.0' ],
14 silly audit   typedarray: [ '0.0.6' ],
14 silly audit   typescript: [ '5.9.3' ],
14 silly audit   undefsafe: [ '2.0.5' ],
14 silly audit   'undici-types': [ '6.21.0' ],
14 silly audit   unpipe: [ '1.0.0' ],
14 silly audit   'util-deprecate': [ '1.0.2' ],
14 silly audit   'v8-compile-cache-lib': [ '3.0.1' ],
14 silly audit   vary: [ '1.1.2' ],
14 silly audit   'webidl-conversions': [ '7.0.0' ],
14 silly audit   'whatwg-url': [ '14.2.0' ],
14 silly audit   wrappy: [ '1.0.2' ],
14 silly audit   xtend: [ '4.0.2' ],
14 silly audit   yn: [ '3.1.1' ]
14 silly audit }
15 http fetch POST 200 https://registry.npmjs.org/-/npm/v1/security/advisories/bulk 2047ms
16 silly audit report {
16 silly audit report   'brace-expansion': [
16 silly audit report     {
16 silly audit report       id: 1115543,
16 silly audit report       url: 'https://github.com/advisories/GHSA-f886-m6hf-6m8v',
16 silly audit report       title: 'brace-expansion: Zero-step sequence causes process hang and memory exhaustion',
16 silly audit report       severity: 'moderate',
16 silly audit report       vulnerable_versions: '>=4.0.0 <5.0.5',
16 silly audit report       cwe: [Array],
16 silly audit report       cvss: [Object]
16 silly audit report     }
16 silly audit report   ],
16 silly audit report   'path-to-regexp': [
16 silly audit report     {
16 silly audit report       id: 1115573,
16 silly audit report       url: 'https://github.com/advisories/GHSA-j3q9-mxjg-w52f',
16 silly audit report       title: 'path-to-regexp vulnerable to Denial of Service via sequential optional groups',
16 silly audit report       severity: 'high',
16 silly audit report       vulnerable_versions: '>=8.0.0 <8.4.0',
16 silly audit report       cwe: [Array],
16 silly audit report       cvss: [Object]
16 silly audit report     },
16 silly audit report     {
16 silly audit report       id: 1115582,
16 silly audit report       url: 'https://github.com/advisories/GHSA-27v5-c462-wpq7',
16 silly audit report       title: 'path-to-regexp vulnerable to Regular Expression Denial of Service via multiple wildcards',
16 silly audit report       severity: 'moderate',
16 silly audit report       vulnerable_versions: '>=8.0.0 <8.4.0',
16 silly audit report       cwe: [Array],
16 silly audit report       cvss: [Object]
16 silly audit report     }
16 silly audit report   ],
16 silly audit report   picomatch: [
16 silly audit report     {
16 silly audit report       id: 1115549,
16 silly audit report       url: 'https://github.com/advisories/GHSA-3v7f-55p6-f55p',
16 silly audit report       title: 'Picomatch: Method Injection in POSIX Character Classes causes incorrect Glob Matching',
16 silly audit report       severity: 'moderate',
16 silly audit report       vulnerable_versions: '<2.3.2',
16 silly audit report       cwe: [Array],
16 silly audit report       cvss: [Object]
16 silly audit report     },
16 silly audit report     {
16 silly audit report       id: 1115552,
16 silly audit report       url: 'https://github.com/advisories/GHSA-c2c7-rcm5-vvqj',
16 silly audit report       title: 'Picomatch has a ReDoS vulnerability via extglob quantifiers',
16 silly audit report       severity: 'high',
16 silly audit report       vulnerable_versions: '<2.3.2',
16 silly audit report       cwe: [Array],
16 silly audit report       cvss: [Object]
16 silly audit report     }
16 silly audit report   ]
16 silly audit report }
17 silly packumentCache corgi:https://registry.npmjs.org/brace-expansion cache-miss
18 silly packumentCache corgi:https://registry.npmjs.org/path-to-regexp cache-miss
19 silly packumentCache corgi:https://registry.npmjs.org/picomatch cache-miss
20 http cache https://registry.npmjs.org/brace-expansion 16ms (cache hit)
21 silly packumentCache corgi:https://registry.npmjs.org/brace-expansion set size:22573 disposed:false
22 http cache https://registry.npmjs.org/picomatch 15ms (cache hit)
23 silly packumentCache corgi:https://registry.npmjs.org/picomatch set size:44414 disposed:false
24 http cache https://registry.npmjs.org/path-to-regexp 17ms (cache hit)
25 silly packumentCache corgi:https://registry.npmjs.org/path-to-regexp set size:66575 disposed:false
26 silly packumentCache corgi:https://registry.npmjs.org/minimatch cache-miss
27 http cache https://registry.npmjs.org/minimatch 3ms (cache hit)
28 silly packumentCache corgi:https://registry.npmjs.org/minimatch set size:168441 disposed:false
29 silly packumentCache corgi:https://registry.npmjs.org/router cache-miss
30 http cache https://registry.npmjs.org/router 2ms (cache hit)
31 silly packumentCache corgi:https://registry.npmjs.org/router set size:49911 disposed:false
32 silly packumentCache corgi:https://registry.npmjs.org/anymatch cache-miss
33 silly packumentCache corgi:https://registry.npmjs.org/readdirp cache-miss
34 http cache https://registry.npmjs.org/anymatch 3ms (cache hit)
35 silly packumentCache corgi:https://registry.npmjs.org/anymatch set size:18345 disposed:false
36 http cache https://registry.npmjs.org/readdirp 4ms (cache hit)
37 silly packumentCache corgi:https://registry.npmjs.org/readdirp set size:47123 disposed:false
38 silly idealTree buildDeps
39 silly fetch manifest picomatch@^2.0.4
40 silly packumentCache full:https://registry.npmjs.org/picomatch cache-miss
41 http cache https://registry.npmjs.org/picomatch 21ms (cache hit)
42 silly packumentCache full:https://registry.npmjs.org/picomatch set size:126376 disposed:false
43 silly placeDep ROOT picomatch@2.3.2 REPLACE for: anymatch@3.1.3 want: ^2.0.4
44 silly fetch manifest brace-expansion@^5.0.2
45 silly packumentCache full:https://registry.npmjs.org/brace-expansion cache-miss
46 http cache https://registry.npmjs.org/brace-expansion 2ms (cache hit)
47 silly packumentCache full:https://registry.npmjs.org/brace-expansion set size:65768 disposed:false
48 silly placeDep ROOT brace-expansion@5.0.5 REPLACE for: minimatch@10.2.4 want: ^5.0.2
49 silly fetch manifest path-to-regexp@^8.0.0
50 silly packumentCache full:https://registry.npmjs.org/path-to-regexp cache-miss
51 http fetch GET 200 https://registry.npmjs.org/path-to-regexp 280ms (cache miss)
52 silly packumentCache full:https://registry.npmjs.org/path-to-regexp set size:undefined disposed:false
53 silly placeDep ROOT path-to-regexp@8.4.2 REPLACE for: router@2.2.0 want: ^8.0.0
54 silly reify mark retired [
54 silly reify   '/Users/mac/EcommerceAndBankingProject/node_modules/brace-expansion'
54 silly reify ]
55 silly reify mark retired [ '/Users/mac/EcommerceAndBankingProject/node_modules/path-to-regexp' ]
56 silly reify mark retired [ '/Users/mac/EcommerceAndBankingProject/node_modules/picomatch' ]
57 silly reify moves {
57 silly reify   '/Users/mac/EcommerceAndBankingProject/node_modules/brace-expansion': '/Users/mac/EcommerceAndBankingProject/node_modules/.brace-expansion-LLg31FXZ',
57 silly reify   '/Users/mac/EcommerceAndBankingProject/node_modules/path-to-regexp': '/Users/mac/EcommerceAndBankingProject/node_modules/.path-to-regexp-a4oTBNRf',
57 silly reify   '/Users/mac/EcommerceAndBankingProject/node_modules/picomatch': '/Users/mac/EcommerceAndBankingProject/node_modules/.picomatch-Mz1M1bkD'
57 silly reify }
58 silly audit bulk request {
58 silly audit   '@cspotcode/source-map-support': [ '0.8.1' ],
58 silly audit   '@jridgewell/resolve-uri': [ '3.1.2' ],
58 silly audit   '@jridgewell/sourcemap-codec': [ '1.5.5' ],
58 silly audit   '@jridgewell/trace-mapping': [ '0.3.9' ],
58 silly audit   '@mongodb-js/saslprep': [ '1.4.6' ],
58 silly audit   '@tsconfig/node10': [ '1.0.12' ],
58 silly audit   '@tsconfig/node12': [ '1.0.11' ],
58 silly audit   '@tsconfig/node14': [ '1.0.3' ],
58 silly audit   '@tsconfig/node16': [ '1.0.4' ],
58 silly audit   '@types/bcryptjs': [ '2.4.6' ],
58 silly audit   '@types/body-parser': [ '1.19.6' ],
58 silly audit   '@types/connect': [ '3.4.38' ],
58 silly audit   '@types/cors': [ '2.8.19' ],
58 silly audit   '@types/express': [ '5.0.6' ],
58 silly audit   '@types/express-serve-static-core': [ '5.1.1' ],
58 silly audit   '@types/http-errors': [ '2.0.5' ],
58 silly audit   '@types/jsonwebtoken': [ '9.0.10' ],
58 silly audit   '@types/morgan': [ '1.9.10' ],
58 silly audit   '@types/ms': [ '2.1.0' ],
58 silly audit   '@types/multer': [ '1.4.13' ],
58 silly audit   '@types/node': [ '22.19.17' ],
58 silly audit   '@types/qs': [ '6.15.0' ],
58 silly audit   '@types/range-parser': [ '1.2.7' ],
58 silly audit   '@types/send': [ '1.2.1' ],
58 silly audit   '@types/serve-static': [ '2.2.0' ],
58 silly audit   '@types/strip-bom': [ '3.0.0' ],
58 silly audit   '@types/strip-json-comments': [ '0.0.30' ],
58 silly audit   '@types/webidl-conversions': [ '7.0.3' ],
58 silly audit   '@types/whatwg-url': [ '13.0.0' ],
58 silly audit   accepts: [ '2.0.0' ],
58 silly audit   acorn: [ '8.16.0' ],
58 silly audit   'acorn-walk': [ '8.3.5' ],
58 silly audit   anymatch: [ '3.1.3' ],
58 silly audit   'append-field': [ '1.0.0' ],
58 silly audit   arg: [ '4.1.3' ],
58 silly audit   'balanced-match': [ '4.0.4', '1.0.2' ],
58 silly audit   'basic-auth': [ '2.0.1' ],
58 silly audit   'safe-buffer': [ '5.1.2', '5.2.1' ],
58 silly audit   bcryptjs: [ '3.0.3' ],
58 silly audit   'binary-extensions': [ '2.3.0' ],
58 silly audit   'body-parser': [ '2.2.2' ],
58 silly audit   'brace-expansion': [ '1.1.14', '5.0.5' ],
58 silly audit   braces: [ '3.0.3' ],
58 silly audit   bson: [ '7.2.0' ],
58 silly audit   'buffer-equal-constant-time': [ '1.0.1' ],
58 silly audit   'buffer-from': [ '1.1.2' ],
58 silly audit   busboy: [ '1.6.0' ],
58 silly audit   bytes: [ '3.1.2' ],
58 silly audit   'call-bind-apply-helpers': [ '1.0.2' ],
58 silly audit   'call-bound': [ '1.0.4' ],
58 silly audit   chokidar: [ '3.6.0' ],
58 silly audit   cloudinary: [ '2.9.0' ],
58 silly audit   'concat-map': [ '0.0.1' ],
58 silly audit   'concat-stream': [ '2.0.0' ],
58 silly audit   'content-disposition': [ '1.0.1' ],
58 silly audit   'content-type': [ '1.0.5' ],
58 silly audit   cookie: [ '0.7.2' ],
58 silly audit   'cookie-signature': [ '1.2.2' ],
58 silly audit   cors: [ '2.8.6' ],
58 silly audit   'create-require': [ '1.1.1' ],
58 silly audit   debug: [ '4.4.3', '2.6.9' ],
58 silly audit   depd: [ '2.0.0' ],
58 silly audit   diff: [ '4.0.4' ],
58 silly audit   dotenv: [ '17.4.0' ],
58 silly audit   'dunder-proto': [ '1.0.1' ],
58 silly audit   'dynamic-dedupe': [ '0.3.0' ],
58 silly audit   'ecdsa-sig-formatter': [ '1.0.11' ],
58 silly audit   'ee-first': [ '1.1.1' ],
58 silly audit   encodeurl: [ '2.0.0' ],
58 silly audit   'es-define-property': [ '1.0.1' ],
58 silly audit   'es-errors': [ '1.3.0' ],
58 silly audit   'es-object-atoms': [ '1.1.1' ],
58 silly audit   'escape-html': [ '1.0.3' ],
58 silly audit   etag: [ '1.8.1' ],
58 silly audit   express: [ '5.2.1' ],
58 silly audit   'fill-range': [ '7.1.1' ],
58 silly audit   finalhandler: [ '2.1.1' ],
58 silly audit   forwarded: [ '0.2.0' ],
58 silly audit   fresh: [ '2.0.0' ],
58 silly audit   'fs.realpath': [ '1.0.0' ],
58 silly audit   fsevents: [ '2.3.3' ],
58 silly audit   'function-bind': [ '1.1.2' ],
58 silly audit   'get-intrinsic': [ '1.3.0' ],
58 silly audit   'get-proto': [ '1.0.1' ],
58 silly audit   glob: [ '7.2.3' ],
58 silly audit   'glob-parent': [ '5.1.2' ],
58 silly audit   minimatch: [ '3.1.5', '10.2.4' ],
58 silly audit   gopd: [ '1.2.0' ],
58 silly audit   'has-flag': [ '3.0.0' ],
58 silly audit   'has-symbols': [ '1.1.0' ],
58 silly audit   hasown: [ '2.0.2' ],
58 silly audit   'http-errors': [ '2.0.1' ],
58 silly audit   'iconv-lite': [ '0.7.2' ],
58 silly audit   'ignore-by-default': [ '1.0.1' ],
58 silly audit   inflight: [ '1.0.6' ],
58 silly audit   inherits: [ '2.0.4' ],
58 silly audit   'ipaddr.js': [ '1.9.1' ],
58 silly audit   'is-binary-path': [ '2.1.0' ],
58 silly audit   'is-core-module': [ '2.16.1' ],
58 silly audit   'is-extglob': [ '2.1.1' ],
58 silly audit   'is-glob': [ '4.0.3' ],
58 silly audit   'is-number': [ '7.0.0' ],
58 silly audit   'is-promise': [ '4.0.0' ],
58 silly audit   jsonwebtoken: [ '9.0.3' ],
58 silly audit   jwa: [ '2.0.1' ],
58 silly audit   jws: [ '4.0.1' ],
58 silly audit   kareem: [ '3.2.0' ],
58 silly audit   lodash: [ '4.18.1' ],
58 silly audit   'lodash.includes': [ '4.3.0' ],
58 silly audit   'lodash.isboolean': [ '3.0.3' ],
58 silly audit   'lodash.isinteger': [ '4.0.4' ],
58 silly audit   'lodash.isnumber': [ '3.0.3' ],
58 silly audit   'lodash.isplainobject': [ '4.0.6' ],
58 silly audit   'lodash.isstring': [ '4.0.1' ],
58 silly audit   'lodash.once': [ '4.1.1' ],
58 silly audit   'make-error': [ '1.3.6' ],
58 silly audit   'math-intrinsics': [ '1.1.0' ],
58 silly audit   'media-typer': [ '1.1.0', '0.3.0' ],
58 silly audit   'memory-pager': [ '1.5.0' ],
58 silly audit   'merge-descriptors': [ '2.0.0' ],
58 silly audit   'mime-db': [ '1.54.0', '1.52.0' ],
58 silly audit   'mime-types': [ '3.0.2', '2.1.35' ],
58 silly audit   minimist: [ '1.2.8' ],
58 silly audit   mkdirp: [ '1.0.4' ],
58 silly audit   mongodb: [ '7.1.0' ],
58 silly audit   'mongodb-connection-string-url': [ '7.0.1' ],
58 silly audit   mongoose: [ '9.3.0' ],
58 silly audit   morgan: [ '1.10.1' ],
58 silly audit   ms: [ '2.0.0', '2.1.3' ],
58 silly audit   'on-finished': [ '2.3.0', '2.4.1' ],
58 silly audit   mpath: [ '0.9.0' ],
58 silly audit   mquery: [ '6.0.0' ],
58 silly audit   multer: [ '2.1.1' ],
58 silly audit   'type-is': [ '1.6.18', '2.0.1' ],
58 silly audit   negotiator: [ '1.0.0' ],
58 silly audit   nodemon: [ '3.1.14' ],
58 silly audit   'normalize-path': [ '3.0.0' ],
58 silly audit   'object-assign': [ '4.1.1' ],
58 silly audit   'object-inspect': [ '1.13.4' ],
58 silly audit   'on-headers': [ '1.1.0' ],
58 silly audit   once: [ '1.4.0' ],
58 silly audit   parseurl: [ '1.3.3' ],
58 silly audit   'path-is-absolute': [ '1.0.1' ],
58 silly audit   'path-parse': [ '1.0.7' ],
58 silly audit   'proxy-addr': [ '2.0.7' ],
58 silly audit   'pstree.remy': [ '1.1.8' ],
58 silly audit   punycode: [ '2.3.1' ],
58 silly audit   qs: [ '6.15.0' ],
58 silly audit   'range-parser': [ '1.2.1' ],
58 silly audit   'raw-body': [ '3.0.2' ],
58 silly audit   'readable-stream': [ '3.6.2' ],
58 silly audit   readdirp: [ '3.6.0' ],
58 silly audit   resolve: [ '1.22.12' ],
58 silly audit   rimraf: [ '2.7.1' ],
58 silly audit   router: [ '2.2.0' ],
58 silly audit   'safer-buffer': [ '2.1.2' ],
58 silly audit   semver: [ '7.7.4' ],
58 silly audit   send: [ '1.2.1' ],
58 silly audit   'serve-static': [ '2.2.1' ],
58 silly audit   setprototypeof: [ '1.2.0' ],
58 silly audit   'side-channel': [ '1.1.0' ],
58 silly audit   'side-channel-list': [ '1.0.0' ],
58 silly audit   'side-channel-map': [ '1.0.1' ],
58 silly audit   'side-channel-weakmap': [ '1.0.2' ],
58 silly audit   sift: [ '17.1.3' ],
58 silly audit   'simple-update-notifier': [ '2.0.0' ],
58 silly audit   'source-map': [ '0.6.1' ],
58 silly audit   'source-map-support': [ '0.5.21' ],
58 silly audit   'sparse-bitfield': [ '3.0.3' ],
58 silly audit   statuses: [ '2.0.2' ],
58 silly audit   streamsearch: [ '1.1.0' ],
58 silly audit   string_decoder: [ '1.3.0' ],
58 silly audit   'strip-bom': [ '3.0.0' ],
58 silly audit   'strip-json-comments': [ '2.0.1' ],
58 silly audit   'supports-color': [ '5.5.0' ],
58 silly audit   'supports-preserve-symlinks-flag': [ '1.0.0' ],
58 silly audit   'to-regex-range': [ '5.0.1' ],
58 silly audit   toidentifier: [ '1.0.1' ],
58 silly audit   touch: [ '3.1.1' ],
58 silly audit   tr46: [ '5.1.1' ],
58 silly audit   'tree-kill': [ '1.2.2' ],
58 silly audit   'ts-node': [ '10.9.2' ],
58 silly audit   'ts-node-dev': [ '2.0.0' ],
58 silly audit   tsconfig: [ '7.0.0' ],
58 silly audit   typedarray: [ '0.0.6' ],
58 silly audit   typescript: [ '5.9.3' ],
58 silly audit   undefsafe: [ '2.0.5' ],
58 silly audit   'undici-types': [ '6.21.0' ],
58 silly audit   unpipe: [ '1.0.0' ],
58 silly audit   'util-deprecate': [ '1.0.2' ],
58 silly audit   'v8-compile-cache-lib': [ '3.0.1' ],
58 silly audit   vary: [ '1.1.2' ],
58 silly audit   'webidl-conversions': [ '7.0.0' ],
58 silly audit   'whatwg-url': [ '14.2.0' ],
58 silly audit   wrappy: [ '1.0.2' ],
58 silly audit   xtend: [ '4.0.2' ],
58 silly audit   yn: [ '3.1.1' ],
58 silly audit   picomatch: [ '2.3.2' ],
58 silly audit   'path-to-regexp': [ '8.4.2' ]
58 silly audit }
59 http cache picomatch@https://registry.npmjs.org/picomatch/-/picomatch-2.3.2.tgz 0ms (cache hit)
60 http cache brace-expansion@https://registry.npmjs.org/brace-expansion/-/brace-expansion-5.0.5.tgz 0ms (cache hit)
61 silly tarball no local data for brace-expansion@https://registry.npmjs.org/brace-expansion/-/brace-expansion-5.0.5.tgz. Extracting by manifest.
62 http cache path-to-regexp@https://registry.npmjs.org/path-to-regexp/-/path-to-regexp-8.4.2.tgz 0ms (cache hit)
63 silly tarball no local data for path-to-regexp@https://registry.npmjs.org/path-to-regexp/-/path-to-regexp-8.4.2.tgz. Extracting by manifest.
64 http fetch POST 200 https://registry.npmjs.org/-/npm/v1/security/advisories/bulk 358ms
65 silly audit report {}
66 http fetch GET 200 https://registry.npmjs.org/brace-expansion/-/brace-expansion-5.0.5.tgz 1890ms (cache miss)
67 http fetch GET 200 https://registry.npmjs.org/path-to-regexp/-/path-to-regexp-8.4.2.tgz 3060ms (cache miss)
68 silly CHANGE node_modules/picomatch
69 silly CHANGE node_modules/path-to-regexp
70 silly CHANGE node_modules/brace-expansion
71 verbose cwd /Users/mac/EcommerceAndBankingProject
72 verbose os Darwin 25.3.0
73 verbose node v25.8.1
74 verbose npm  v11.11.0
75 verbose exit 0
76 info ok
