0 verbose cli /opt/homebrew/Cellar/node/25.8.1_1/bin/node /opt/homebrew/bin/npm
1 info using npm@11.11.0
2 info using node@v25.8.1
3 silly config load:file:/opt/homebrew/lib/node_modules/npm/npmrc
4 silly config load:file:/Users/mac/Library/Caches/typescript/5.9/.npmrc
5 silly config load:file:/Users/mac/.npmrc
6 silly config load:file:/opt/homebrew/etc/npmrc
7 verbose title npm install types-registry@latest
8 verbose argv "install" "--ignore-scripts" "types-registry@latest"
9 verbose logfile logs-max:10 dir:/Users/mac/EcommerceAndBankingProject/.npm-cache/_logs/2026-04-13T10_16_30_136Z-
10 verbose logfile /Users/mac/EcommerceAndBankingProject/.npm-cache/_logs/2026-04-13T10_16_30_136Z-debug-0.log
11 silly logfile start cleaning logs, removing 1 files
12 silly packumentCache heap:4496293888 maxSize:1124073472 maxEntrySize:562036736
13 silly logfile done cleaning log files
14 silly packumentCache corgi:https://registry.npmjs.org/types-registry cache-miss
15 http fetch GET 200 https://registry.npmjs.org/types-registry 840ms (cache revalidated)
16 silly packumentCache corgi:https://registry.npmjs.org/types-registry set size:622112 disposed:false
17 silly idealTree buildDeps
18 silly fetch manifest types-registry@0.1.765
19 silly packumentCache full:https://registry.npmjs.org/types-registry cache-miss
20 http fetch GET 200 https://registry.npmjs.org/types-registry 190ms (cache revalidated)
21 silly packumentCache full:https://registry.npmjs.org/types-registry set size:1343988 disposed:false
22 silly placeDep ROOT types-registry@0.1.765 REPLACE for:  want: 0.1.765
23 silly reify moves {}
24 silly audit bulk request {
24 silly audit   '@types/basic-auth': [ '1.1.8' ],
24 silly audit   '@types/body-parser': [ '1.19.6' ],
24 silly audit   '@types/busboy': [ '1.5.4' ],
24 silly audit   '@types/concat-stream': [ '2.0.3' ],
24 silly audit   '@types/connect': [ '3.4.38' ],
24 silly audit   '@types/cors': [ '2.8.19' ],
24 silly audit   '@types/debug': [ '4.1.12' ],
24 silly audit   '@types/depd': [ '1.1.37' ],
24 silly audit   '@types/ee-first': [ '1.1.4' ],
24 silly audit   '@types/estree': [ '1.0.8' ],
24 silly audit   '@types/express': [ '5.0.6' ],
24 silly audit   '@types/express-serve-static-core': [ '5.1.1' ],
24 silly audit   '@types/http-errors': [ '2.0.5' ],
24 silly audit   '@types/jsonwebtoken': [ '9.0.10' ],
24 silly audit   '@types/jws': [ '3.2.11' ],
24 silly audit   '@types/lodash': [ '4.17.24' ],
24 silly audit   '@types/lodash.includes': [ '4.3.9' ],
24 silly audit   '@types/lodash.isboolean': [ '3.0.9' ],
24 silly audit   '@types/lodash.isinteger': [ '4.0.9' ],
24 silly audit   '@types/lodash.isnumber': [ '3.0.9' ],
24 silly audit   '@types/lodash.isplainobject': [ '4.0.9' ],
24 silly audit   '@types/lodash.isstring': [ '4.0.9' ],
24 silly audit   '@types/lodash.once': [ '4.1.9' ],
24 silly audit   '@types/morgan': [ '1.9.10' ],
24 silly audit   '@types/ms': [ '2.1.0' ],
24 silly audit   '@types/multer': [ '2.1.0' ],
24 silly audit   '@types/node': [ '25.3.3' ],
24 silly audit   '@types/object-assign': [ '4.0.33' ],
24 silly audit   '@types/on-finished': [ '2.3.5' ],
24 silly audit   '@types/on-headers': [ '1.0.4' ],
24 silly audit   '@types/prop-types': [ '15.7.15' ],
24 silly audit   '@types/qs': [ '6.15.0' ],
24 silly audit   '@types/range-parser': [ '1.2.7' ],
24 silly audit   '@types/react': [ '19.2.14' ],
24 silly audit   '@types/send': [ '1.2.1' ],
24 silly audit   '@types/serve-static': [ '2.2.0' ],
24 silly audit   '@types/stylis': [ '4.2.7' ],
24 silly audit   '@types/type-is': [ '1.6.7' ],
24 silly audit   '@types/vary': [ '1.1.3' ],
24 silly audit   csstype: [ '3.2.3' ],
24 silly audit   'undici-types': [ '7.18.2' ],
24 silly audit   'types-registry': [ '0.1.765' ]
24 silly audit }
25 http fetch POST 200 https://registry.npmjs.org/-/npm/v1/security/advisories/bulk 301ms
26 silly audit report {}
27 verbose cwd /Users/mac/Library/Caches/typescript/5.9
28 verbose os Darwin 25.3.0
29 verbose node v25.8.1
30 verbose npm  v11.11.0
31 verbose exit 0
32 info ok
